Порт /dev/ttyMI0 открыт;;вт июл. 2 11:16:20 2024
Порт /dev/ttyMI0 закрыт;;вт июл. 2 11:30:22 2024
Порт /dev/ttyMI0 открыт;;ср июл. 3 10:22:58 2024
Запись /dev/ttyMI0;00  1e  1e  ;ср июл. 3 10:23:03 2024
Запись /dev/ttyMI0;01  1e  1f  ;ср июл. 3 10:23:03 2024
Чтение /dev/ttyMI0;81  ;ср июл. 3 10:23:03 2024
Ошибка чтения /dev/ttyMI0; Получено бaйт 1 вместо 11;ср июл. 3 10:23:03 2024
Запись /dev/ttyMI0;02  1e  20  ;ср июл. 3 10:23:03 2024
Чтение /dev/ttyMI0;10  21  50  20  03  ff  ff  ff  ff  21  82  10  22  50  20  03  ff  ff  ff  ff  23  ;ср июл. 3 10:23:03 2024
Ошибка чтения /dev/ttyMI0; Получено бaйт 21 вместо 11;ср июл. 3 10:23:03 2024
Запись /dev/ttyMI0;03  1e  21  ;ср июл. 3 10:23:03 2024
Чтение /dev/ttyMI0;83  10  23  50  20  03  ff  ff  ff  ff  25  ;ср июл. 3 10:23:03 2024
Запись /dev/ttyMI0;04  1e  22  ;ср июл. 3 10:23:03 2024
Запись /dev/ttyMI0;05  1e  23  ;ср июл. 3 10:23:03 2024
Чтение /dev/ttyMI0;85  10  25  50  30  00  ff  ff  ff  ff  36  ;ср июл. 3 10:23:03 2024
Запись /dev/ttyMI0;06  1e  24  ;ср июл. 3 10:23:03 2024
Чтение /dev/ttyMI0;86  10  26  50  20  03  ff  ff  ff  ff  2b  ;ср июл. 3 10:23:03 2024
Запись /dev/ttyMI0;07  1e  25  ;ср июл. 3 10:23:03 2024
Чтение /dev/ttyMI0;87  10  27  50  20  03  ff  ff  ff  ff  2d  ;ср июл. 3 10:23:03 2024
Запись /dev/ttyMI0;08  1e  26  ;ср июл. 3 10:23:03 2024
Запись /dev/ttyMI0;09  1e  27  ;ср июл. 3 10:23:04 2024
Чтение /dev/ttyMI0;89  10  29  50  20  03  ff  ff  ff  ff  31  ;ср июл. 3 10:23:04 2024
Запись /dev/ttyMI0;0a  1e  28  ;ср июл. 3 10:23:04 2024
Чтение /dev/ttyMI0;8a  10  2a  50  20  03  ff  ff  ff  ff  33  ;ср июл. 3 10:23:04 2024
Запись /dev/ttyMI0;0b  1e  29  ;ср июл. 3 10:23:04 2024
Чтение /dev/ttyMI0;8b  10  2b  50  00  03  ff  ff  ff  ff  15  ;ср июл. 3 10:23:04 2024
Запись /dev/ttyMI0;0c  1e  2a  ;ср июл. 3 10:23:04 2024
Запись /dev/ttyMI0;0d  1e  2b  ;ср июл. 3 10:23:04 2024
Чтение /dev/ttyMI0;8d  10  2d  15  a0  02  01  00  00  00  82  ;ср июл. 3 10:23:04 2024
Запись /dev/ttyMI0;0e  1e  2c  ;ср июл. 3 10:23:04 2024
Запись /dev/ttyMI0;0f  1e  2d  ;ср июл. 3 10:23:04 2024
Запись /dev/ttyMI0;10  1e  2e  ;ср июл. 3 10:23:04 2024
Чтение /dev/ttyMI0;90  10  b0  50  00  03  ff  ff  ff  ff  9f  ;ср июл. 3 10:23:04 2024
Запись /dev/ttyMI0;11  1e  2f  ;ср июл. 3 10:23:04 2024
Чтение /dev/ttyMI0;91  10  b1  50  00  03  ff  ff  ff  ff  a1  ;ср июл. 3 10:23:04 2024
Запись /dev/ttyMI0;12  1e  30  ;ср июл. 3 10:23:04 2024
Чтение /dev/ttyMI0;92  10  b2  50  00  03  ff  ff  ff  ff  a3  ;ср июл. 3 10:23:04 2024
Запись /dev/ttyMI0;13  1e  31  ;ср июл. 3 10:23:04 2024
Запись /dev/ttyMI0;14  1e  32  ;ср июл. 3 10:23:04 2024
Чтение /dev/ttyMI0;94  10  34  50  20  03  ff  ff  ff  ff  47  ;ср июл. 3 10:23:04 2024
Запись /dev/ttyMI0;15  1e  33  ;ср июл. 3 10:23:04 2024
Чтение /dev/ttyMI0;95  10  35  50  20  03  ff  ff  ff  ff  49  ;ср июл. 3 10:23:04 2024
Запись /dev/ttyMI0;16  1e  34  ;ср июл. 3 10:23:04 2024
Запись /dev/ttyMI0;17  1e  35  ;ср июл. 3 10:23:04 2024
Запись /dev/ttyMI0;18  1e  36  ;ср июл. 3 10:23:04 2024
Запись /dev/ttyMI0;19  1e  37  ;ср июл. 3 10:23:04 2024
Запись /dev/ttyMI0;1a  1e  38  ;ср июл. 3 10:23:04 2024
Запись /dev/ttyMI0;1b  1e  39  ;ср июл. 3 10:23:04 2024
Запись /dev/ttyMI0;1c  1e  3a  ;ср июл. 3 10:23:05 2024
Запись /dev/ttyMI0;1d  1e  3b  ;ср июл. 3 10:23:05 2024
Запись /dev/ttyMI0;1e  1e  3c  ;ср июл. 3 10:23:05 2024
Запись /dev/ttyMI0;1f  1e  3d  ;ср июл. 3 10:23:05 2024
Порт /dev/ttyMI0 закрыт;;ср июл. 3 10:26:02 2024
Порт /dev/ttyMI0 открыт;;ср июл. 3 10:26:34 2024
Запись /dev/ttyMI0;00  1e  1e  ;ср июл. 3 10:26:36 2024
Запись /dev/ttyMI0;01  1e  1f  ;ср июл. 3 10:26:37 2024
Чтение /dev/ttyMI0;81  ;ср июл. 3 10:26:37 2024
Ошибка чтения /dev/ttyMI0; Получено бaйт 1 вместо 11;ср июл. 3 10:26:37 2024
Запись /dev/ttyMI0;02  1e  20  ;ср июл. 3 10:26:37 2024
Чтение /dev/ttyMI0;10  21  50  20  03  ff  ff  ff  ff  21  82  10  22  50  20  03  ff  ff  ff  ff  23  ;ср июл. 3 10:26:37 2024
Ошибка чтения /dev/ttyMI0; Получено бaйт 21 вместо 11;ср июл. 3 10:26:37 2024
Запись /dev/ttyMI0;03  1e  21  ;ср июл. 3 10:26:37 2024
Чтение /dev/ttyMI0;83  10  23  50  20  03  ff  ff  ff  ff  25  ;ср июл. 3 10:26:37 2024
Запись /dev/ttyMI0;04  1e  22  ;ср июл. 3 10:26:37 2024
Запись /dev/ttyMI0;05  1e  23  ;ср июл. 3 10:26:37 2024
Чтение /dev/ttyMI0;85  10  25  50  30  00  ff  ff  ff  ff  36  ;ср июл. 3 10:26:37 2024
Запись /dev/ttyMI0;06  1e  24  ;ср июл. 3 10:26:37 2024
Чтение /dev/ttyMI0;86  10  26  50  20  03  ff  ff  ff  ff  2b  ;ср июл. 3 10:26:37 2024
Запись /dev/ttyMI0;07  1e  25  ;ср июл. 3 10:26:37 2024
Чтение /dev/ttyMI0;87  10  27  50  20  03  ff  ff  ff  ff  2d  ;ср июл. 3 10:26:37 2024
Запись /dev/ttyMI0;08  1e  26  ;ср июл. 3 10:26:37 2024
Запись /dev/ttyMI0;09  1e  27  ;ср июл. 3 10:26:37 2024
Чтение /dev/ttyMI0;89  10  29  50  20  03  ff  ff  ff  ff  31  ;ср июл. 3 10:26:37 2024
Запись /dev/ttyMI0;0a  1e  28  ;ср июл. 3 10:26:37 2024
Чтение /dev/ttyMI0;8a  10  2a  50  20  03  ff  ff  ff  ff  33  ;ср июл. 3 10:26:37 2024
Запись /dev/ttyMI0;0b  1e  29  ;ср июл. 3 10:26:37 2024
Чтение /dev/ttyMI0;8b  10  2b  50  00  03  ff  ff  ff  ff  15  ;ср июл. 3 10:26:37 2024
Запись /dev/ttyMI0;0c  1e  2a  ;ср июл. 3 10:26:37 2024
Запись /dev/ttyMI0;0d  1e  2b  ;ср июл. 3 10:26:37 2024
Чтение /dev/ttyMI0;8d  10  2d  15  a0  02  01  00  00  00  82  ;ср июл. 3 10:26:37 2024
Запись /dev/ttyMI0;0e  1e  2c  ;ср июл. 3 10:26:37 2024
Запись /dev/ttyMI0;0f  1e  2d  ;ср июл. 3 10:26:37 2024
Запись /dev/ttyMI0;10  1e  2e  ;ср июл. 3 10:26:37 2024
Чтение /dev/ttyMI0;90  10  b0  50  00  03  ff  ff  ff  ff  9f  ;ср июл. 3 10:26:37 2024
Запись /dev/ttyMI0;11  1e  2f  ;ср июл. 3 10:26:37 2024
Чтение /dev/ttyMI0;91  10  b1  50  00  03  ff  ff  ff  ff  a1  ;ср июл. 3 10:26:37 2024
Запись /dev/ttyMI0;12  1e  30  ;ср июл. 3 10:26:37 2024
Чтение /dev/ttyMI0;92  10  b2  50  00  03  ff  ff  ff  ff  a3  ;ср июл. 3 10:26:37 2024
Запись /dev/ttyMI0;13  1e  31  ;ср июл. 3 10:26:37 2024
Запись /dev/ttyMI0;14  1e  32  ;ср июл. 3 10:26:37 2024
Чтение /dev/ttyMI0;94  10  34  50  20  03  ff  ff  ff  ff  47  ;ср июл. 3 10:26:37 2024
Запись /dev/ttyMI0;15  1e  33  ;ср июл. 3 10:26:37 2024
Чтение /dev/ttyMI0;95  10  35  50  20  03  ff  ff  ff  ff  49  ;ср июл. 3 10:26:37 2024
Запись /dev/ttyMI0;16  1e  34  ;ср июл. 3 10:26:37 2024
Запись /dev/ttyMI0;17  1e  35  ;ср июл. 3 10:26:37 2024
Запись /dev/ttyMI0;18  1e  36  ;ср июл. 3 10:26:37 2024
Запись /dev/ttyMI0;19  1e  37  ;ср июл. 3 10:26:37 2024
Запись /dev/ttyMI0;1a  1e  38  ;ср июл. 3 10:26:38 2024
Запись /dev/ttyMI0;1b  1e  39  ;ср июл. 3 10:26:38 2024
Запись /dev/ttyMI0;1c  1e  3a  ;ср июл. 3 10:26:38 2024
Запись /dev/ttyMI0;1d  1e  3b  ;ср июл. 3 10:26:38 2024
Запись /dev/ttyMI0;1e  1e  3c  ;ср июл. 3 10:26:38 2024
Запись /dev/ttyMI0;1f  1e  3d  ;ср июл. 3 10:26:38 2024
Порт /dev/ttyMI0 закрыт;;ср июл. 3 10:27:01 2024
Порт /dev/ttyMI0 открыт;;ср июл. 3 10:29:02 2024
Запись /dev/ttyMI0;00  1e  1e  ;ср июл. 3 10:29:04 2024
Запись /dev/ttyMI0;01  1e  1f  ;ср июл. 3 10:29:04 2024
Чтение /dev/ttyMI0;81  ;ср июл. 3 10:29:04 2024
Ошибка чтения /dev/ttyMI0; Получено бaйт 1 вместо 11;ср июл. 3 10:29:04 2024
Запись /dev/ttyMI0;02  1e  20  ;ср июл. 3 10:29:04 2024
Чтение /dev/ttyMI0;10  21  50  20  03  ff  ff  ff  ff  21  82  10  22  50  20  03  ff  ff  ff  ff  23  ;ср июл. 3 10:29:04 2024
Ошибка чтения /dev/ttyMI0; Получено бaйт 21 вместо 11;ср июл. 3 10:29:04 2024
Запись /dev/ttyMI0;03  1e  21  ;ср июл. 3 10:29:04 2024
Чтение /dev/ttyMI0;83  10  23  50  20  03  ff  ff  ff  ff  25  ;ср июл. 3 10:29:04 2024
Запись /dev/ttyMI0;04  1e  22  ;ср июл. 3 10:29:04 2024
Запись /dev/ttyMI0;05  1e  23  ;ср июл. 3 10:29:04 2024
Чтение /dev/ttyMI0;85  10  25  50  30  00  ff  ff  ff  ff  36  ;ср июл. 3 10:29:04 2024
Запись /dev/ttyMI0;06  1e  24  ;ср июл. 3 10:29:04 2024
Чтение /dev/ttyMI0;86  10  26  50  20  03  ff  ff  ff  ff  2b  ;ср июл. 3 10:29:04 2024
Запись /dev/ttyMI0;07  1e  25  ;ср июл. 3 10:29:04 2024
Чтение /dev/ttyMI0;87  10  27  50  20  03  ff  ff  ff  ff  2d  ;ср июл. 3 10:29:04 2024
Запись /dev/ttyMI0;08  1e  26  ;ср июл. 3 10:29:04 2024
Запись /dev/ttyMI0;09  1e  27  ;ср июл. 3 10:29:05 2024
Чтение /dev/ttyMI0;89  10  29  50  20  03  ff  ff  ff  ff  31  ;ср июл. 3 10:29:05 2024
Запись /dev/ttyMI0;0a  1e  28  ;ср июл. 3 10:29:05 2024
Чтение /dev/ttyMI0;8a  10  2a  50  20  03  ff  ff  ff  ff  33  ;ср июл. 3 10:29:05 2024
Запись /dev/ttyMI0;0b  1e  29  ;ср июл. 3 10:29:05 2024
Чтение /dev/ttyMI0;8b  10  2b  50  00  03  ff  ff  ff  ff  15  ;ср июл. 3 10:29:05 2024
Запись /dev/ttyMI0;0c  1e  2a  ;ср июл. 3 10:29:05 2024
Запись /dev/ttyMI0;0d  1e  2b  ;ср июл. 3 10:29:05 2024
Чтение /dev/ttyMI0;8d  10  2d  15  a0  02  01  00  00  00  82  ;ср июл. 3 10:29:05 2024
Запись /dev/ttyMI0;0e  1e  2c  ;ср июл. 3 10:29:05 2024
Запись /dev/ttyMI0;0f  1e  2d  ;ср июл. 3 10:29:05 2024
Запись /dev/ttyMI0;10  1e  2e  ;ср июл. 3 10:29:05 2024
Чтение /dev/ttyMI0;90  10  b0  50  00  03  ff  ff  ff  ff  9f  ;ср июл. 3 10:29:05 2024
Запись /dev/ttyMI0;11  1e  2f  ;ср июл. 3 10:29:05 2024
Чтение /dev/ttyMI0;91  10  b1  50  00  03  ff  ff  ff  ff  a1  ;ср июл. 3 10:29:05 2024
Запись /dev/ttyMI0;12  1e  30  ;ср июл. 3 10:29:05 2024
Чтение /dev/ttyMI0;92  10  b2  50  00  03  ff  ff  ff  ff  a3  ;ср июл. 3 10:29:05 2024
Запись /dev/ttyMI0;13  1e  31  ;ср июл. 3 10:29:05 2024
Запись /dev/ttyMI0;14  1e  32  ;ср июл. 3 10:29:05 2024
Чтение /dev/ttyMI0;94  10  34  50  20  03  ff  ff  ff  ff  47  ;ср июл. 3 10:29:05 2024
Запись /dev/ttyMI0;15  1e  33  ;ср июл. 3 10:29:05 2024
Чтение /dev/ttyMI0;95  10  35  50  20  03  ff  ff  ff  ff  49  ;ср июл. 3 10:29:05 2024
Запись /dev/ttyMI0;16  1e  34  ;ср июл. 3 10:29:05 2024
Запись /dev/ttyMI0;17  1e  35  ;ср июл. 3 10:29:05 2024
Запись /dev/ttyMI0;18  1e  36  ;ср июл. 3 10:29:05 2024
Запись /dev/ttyMI0;19  1e  37  ;ср июл. 3 10:29:05 2024
Запись /dev/ttyMI0;1a  1e  38  ;ср июл. 3 10:29:05 2024
Запись /dev/ttyMI0;1b  1e  39  ;ср июл. 3 10:29:06 2024
Запись /dev/ttyMI0;1c  1e  3a  ;ср июл. 3 10:29:06 2024
Запись /dev/ttyMI0;1d  1e  3b  ;ср июл. 3 10:29:06 2024
Запись /dev/ttyMI0;1e  1e  3c  ;ср июл. 3 10:29:06 2024
Запись /dev/ttyMI0;1f  1e  3d  ;ср июл. 3 10:29:06 2024
Порт /dev/ttyMI0 закрыт;;ср июл. 3 10:29:35 2024
Порт /dev/ttyMI0 открыт;;ср июл. 3 10:30:02 2024
Запись /dev/ttyMI0;00  1e  1e  ;ср июл. 3 10:30:05 2024
Запись /dev/ttyMI0;01  1e  1f  ;ср июл. 3 10:30:05 2024
Чтение /dev/ttyMI0;81  ;ср июл. 3 10:30:05 2024
Ошибка чтения /dev/ttyMI0; Получено бaйт 1 вместо 11;ср июл. 3 10:30:05 2024
Запись /dev/ttyMI0;02  1e  20  ;ср июл. 3 10:30:05 2024
Чтение /dev/ttyMI0;10  21  50  20  03  ff  ff  ff  ff  21  82  10  22  50  20  03  ff  ff  ff  ff  23  ;ср июл. 3 10:30:05 2024
Ошибка чтения /dev/ttyMI0; Получено бaйт 21 вместо 11;ср июл. 3 10:30:05 2024
Запись /dev/ttyMI0;03  1e  21  ;ср июл. 3 10:30:05 2024
Чтение /dev/ttyMI0;83  10  23  50  20  03  ff  ff  ff  ff  25  ;ср июл. 3 10:30:05 2024
Запись /dev/ttyMI0;04  1e  22  ;ср июл. 3 10:30:05 2024
Запись /dev/ttyMI0;05  1e  23  ;ср июл. 3 10:30:05 2024
Чтение /dev/ttyMI0;85  10  25  50  30  00  ff  ff  ff  ff  36  ;ср июл. 3 10:30:05 2024
Запись /dev/ttyMI0;06  1e  24  ;ср июл. 3 10:30:05 2024
Чтение /dev/ttyMI0;86  10  26  50  20  03  ff  ff  ff  ff  2b  ;ср июл. 3 10:30:05 2024
Запись /dev/ttyMI0;07  1e  25  ;ср июл. 3 10:30:05 2024
Чтение /dev/ttyMI0;87  10  27  50  20  03  ff  ff  ff  ff  2d  ;ср июл. 3 10:30:05 2024
Запись /dev/ttyMI0;08  1e  26  ;ср июл. 3 10:30:05 2024
Запись /dev/ttyMI0;09  1e  27  ;ср июл. 3 10:30:05 2024
Чтение /dev/ttyMI0;89  10  29  50  20  03  ff  ff  ff  ff  31  ;ср июл. 3 10:30:05 2024
Запись /dev/ttyMI0;0a  1e  28  ;ср июл. 3 10:30:05 2024
Чтение /dev/ttyMI0;8a  10  2a  50  20  03  ff  ff  ff  ff  33  ;ср июл. 3 10:30:05 2024
Запись /dev/ttyMI0;0b  1e  29  ;ср июл. 3 10:30:05 2024
Чтение /dev/ttyMI0;8b  10  2b  50  00  03  ff  ff  ff  ff  15  ;ср июл. 3 10:30:05 2024
Запись /dev/ttyMI0;0c  1e  2a  ;ср июл. 3 10:30:05 2024
Запись /dev/ttyMI0;0d  1e  2b  ;ср июл. 3 10:30:05 2024
Чтение /dev/ttyMI0;8d  10  2d  15  a0  02  01  00  00  00  82  ;ср июл. 3 10:30:05 2024
Запись /dev/ttyMI0;0e  1e  2c  ;ср июл. 3 10:30:05 2024
Запись /dev/ttyMI0;0f  1e  2d  ;ср июл. 3 10:30:05 2024
Запись /dev/ttyMI0;10  1e  2e  ;ср июл. 3 10:30:05 2024
Чтение /dev/ttyMI0;90  10  b0  50  00  03  ff  ff  ff  ff  9f  ;ср июл. 3 10:30:05 2024
Запись /dev/ttyMI0;11  1e  2f  ;ср июл. 3 10:30:05 2024
Чтение /dev/ttyMI0;91  10  b1  50  00  03  ff  ff  ff  ff  a1  ;ср июл. 3 10:30:05 2024
Запись /dev/ttyMI0;12  1e  30  ;ср июл. 3 10:30:05 2024
Чтение /dev/ttyMI0;92  10  b2  50  00  03  ff  ff  ff  ff  a3  ;ср июл. 3 10:30:05 2024
Запись /dev/ttyMI0;13  1e  31  ;ср июл. 3 10:30:05 2024
Запись /dev/ttyMI0;14  1e  32  ;ср июл. 3 10:30:05 2024
Чтение /dev/ttyMI0;94  10  34  50  20  03  ff  ff  ff  ff  47  ;ср июл. 3 10:30:05 2024
Запись /dev/ttyMI0;15  1e  33  ;ср июл. 3 10:30:05 2024
Чтение /dev/ttyMI0;95  10  35  50  20  03  ff  ff  ff  ff  49  ;ср июл. 3 10:30:05 2024
Запись /dev/ttyMI0;16  1e  34  ;ср июл. 3 10:30:05 2024
Запись /dev/ttyMI0;17  1e  35  ;ср июл. 3 10:30:05 2024
Запись /dev/ttyMI0;18  1e  36  ;ср июл. 3 10:30:06 2024
Запись /dev/ttyMI0;19  1e  37  ;ср июл. 3 10:30:06 2024
Запись /dev/ttyMI0;1a  1e  38  ;ср июл. 3 10:30:06 2024
Запись /dev/ttyMI0;1b  1e  39  ;ср июл. 3 10:30:06 2024
Запись /dev/ttyMI0;1c  1e  3a  ;ср июл. 3 10:30:06 2024
Запись /dev/ttyMI0;1d  1e  3b  ;ср июл. 3 10:30:06 2024
Запись /dev/ttyMI0;1e  1e  3c  ;ср июл. 3 10:30:06 2024
Запись /dev/ttyMI0;1f  1e  3d  ;ср июл. 3 10:30:06 2024
Порт /dev/ttyMI0 закрыт;;ср июл. 3 10:30:28 2024
Порт /dev/ttyMI0 открыт;;ср июл. 3 10:30:51 2024
Запись /dev/ttyMI0;00  1e  1e  ;ср июл. 3 10:30:53 2024
Запись /dev/ttyMI0;01  1e  1f  ;ср июл. 3 10:30:53 2024
Чтение /dev/ttyMI0;81  ;ср июл. 3 10:30:53 2024
Ошибка чтения /dev/ttyMI0; Получено бaйт 1 вместо 11;ср июл. 3 10:30:53 2024
Запись /dev/ttyMI0;02  1e  20  ;ср июл. 3 10:30:53 2024
Чтение /dev/ttyMI0;10  21  50  20  03  ff  ff  ff  ff  21  82  10  22  50  20  03  ff  ff  ff  ff  23  ;ср июл. 3 10:30:53 2024
Ошибка чтения /dev/ttyMI0; Получено бaйт 21 вместо 11;ср июл. 3 10:30:53 2024
Запись /dev/ttyMI0;03  1e  21  ;ср июл. 3 10:30:53 2024
Чтение /dev/ttyMI0;83  10  23  50  20  03  ff  ff  ff  ff  25  ;ср июл. 3 10:30:53 2024
Запись /dev/ttyMI0;04  1e  22  ;ср июл. 3 10:30:53 2024
Запись /dev/ttyMI0;05  1e  23  ;ср июл. 3 10:30:54 2024
Чтение /dev/ttyMI0;85  10  25  50  30  00  ff  ff  ff  ff  36  ;ср июл. 3 10:30:54 2024
Запись /dev/ttyMI0;06  1e  24  ;ср июл. 3 10:30:54 2024
Чтение /dev/ttyMI0;86  10  26  50  20  03  ff  ff  ff  ff  2b  ;ср июл. 3 10:30:54 2024
Запись /dev/ttyMI0;07  1e  25  ;ср июл. 3 10:30:54 2024
Чтение /dev/ttyMI0;87  10  27  50  20  03  ff  ff  ff  ff  2d  ;ср июл. 3 10:30:54 2024
Запись /dev/ttyMI0;08  1e  26  ;ср июл. 3 10:30:54 2024
Запись /dev/ttyMI0;09  1e  27  ;ср июл. 3 10:30:54 2024
Чтение /dev/ttyMI0;89  10  29  50  20  03  ff  ff  ff  ff  31  ;ср июл. 3 10:30:54 2024
Запись /dev/ttyMI0;0a  1e  28  ;ср июл. 3 10:30:54 2024
Чтение /dev/ttyMI0;8a  10  2a  50  20  03  ff  ff  ff  ff  33  ;ср июл. 3 10:30:54 2024
Запись /dev/ttyMI0;0b  1e  29  ;ср июл. 3 10:30:54 2024
Чтение /dev/ttyMI0;8b  10  2b  50  00  03  ff  ff  ff  ff  15  ;ср июл. 3 10:30:54 2024
Запись /dev/ttyMI0;0c  1e  2a  ;ср июл. 3 10:30:54 2024
Запись /dev/ttyMI0;0d  1e  2b  ;ср июл. 3 10:30:54 2024
Чтение /dev/ttyMI0;8d  10  2d  15  a0  02  01  00  00  00  82  ;ср июл. 3 10:30:54 2024
Запись /dev/ttyMI0;0e  1e  2c  ;ср июл. 3 10:30:54 2024
Запись /dev/ttyMI0;0f  1e  2d  ;ср июл. 3 10:30:54 2024
Запись /dev/ttyMI0;10  1e  2e  ;ср июл. 3 10:30:54 2024
Чтение /dev/ttyMI0;90  10  b0  50  00  03  ff  ff  ff  ff  9f  ;ср июл. 3 10:30:54 2024
Запись /dev/ttyMI0;11  1e  2f  ;ср июл. 3 10:30:54 2024
Чтение /dev/ttyMI0;91  10  b1  50  00  03  ff  ff  ff  ff  a1  ;ср июл. 3 10:30:54 2024
Запись /dev/ttyMI0;12  1e  30  ;ср июл. 3 10:30:54 2024
Чтение /dev/ttyMI0;92  10  b2  50  00  03  ff  ff  ff  ff  a3  ;ср июл. 3 10:30:54 2024
Запись /dev/ttyMI0;13  1e  31  ;ср июл. 3 10:30:54 2024
Запись /dev/ttyMI0;14  1e  32  ;ср июл. 3 10:30:54 2024
Чтение /dev/ttyMI0;94  10  34  50  20  03  ff  ff  ff  ff  47  ;ср июл. 3 10:30:54 2024
Запись /dev/ttyMI0;15  1e  33  ;ср июл. 3 10:30:54 2024
Чтение /dev/ttyMI0;95  10  35  50  20  03  ff  ff  ff  ff  49  ;ср июл. 3 10:30:54 2024
Запись /dev/ttyMI0;16  1e  34  ;ср июл. 3 10:30:54 2024
Запись /dev/ttyMI0;17  1e  35  ;ср июл. 3 10:30:54 2024
Запись /dev/ttyMI0;18  1e  36  ;ср июл. 3 10:30:54 2024
Запись /dev/ttyMI0;19  1e  37  ;ср июл. 3 10:30:54 2024
Запись /dev/ttyMI0;1a  1e  38  ;ср июл. 3 10:30:55 2024
Запись /dev/ttyMI0;1b  1e  39  ;ср июл. 3 10:30:55 2024
Запись /dev/ttyMI0;1c  1e  3a  ;ср июл. 3 10:30:55 2024
Запись /dev/ttyMI0;1d  1e  3b  ;ср июл. 3 10:30:55 2024
Запись /dev/ttyMI0;1e  1e  3c  ;ср июл. 3 10:30:55 2024
Запись /dev/ttyMI0;1f  1e  3d  ;ср июл. 3 10:30:55 2024
Порт /dev/ttyMI0 закрыт;;ср июл. 3 10:31:04 2024
Порт /dev/ttyMI0 открыт;;ср июл. 3 10:31:17 2024
Запись /dev/ttyMI0;00  1e  1e  ;ср июл. 3 10:31:19 2024
Запись /dev/ttyMI0;01  1e  1f  ;ср июл. 3 10:31:19 2024
Чтение /dev/ttyMI0;81  ;ср июл. 3 10:31:19 2024
Ошибка чтения /dev/ttyMI0; Получено бaйт 1 вместо 11;ср июл. 3 10:31:19 2024
Запись /dev/ttyMI0;02  1e  20  ;ср июл. 3 10:31:19 2024
Чтение /dev/ttyMI0;10  21  50  20  03  ff  ff  ff  ff  21  82  10  22  50  20  03  ff  ff  ff  ff  23  ;ср июл. 3 10:31:19 2024
Ошибка чтения /dev/ttyMI0; Получено бaйт 21 вместо 11;ср июл. 3 10:31:19 2024
Запись /dev/ttyMI0;03  1e  21  ;ср июл. 3 10:31:19 2024
Чтение /dev/ttyMI0;83  10  23  50  20  03  ff  ff  ff  ff  25  ;ср июл. 3 10:31:19 2024
Запись /dev/ttyMI0;04  1e  22  ;ср июл. 3 10:31:19 2024
Запись /dev/ttyMI0;05  1e  23  ;ср июл. 3 10:31:19 2024
Чтение /dev/ttyMI0;85  10  25  50  30  00  ff  ff  ff  ff  36  ;ср июл. 3 10:31:19 2024
Запись /dev/ttyMI0;06  1e  24  ;ср июл. 3 10:31:19 2024
Чтение /dev/ttyMI0;86  10  26  50  20  03  ff  ff  ff  ff  2b  ;ср июл. 3 10:31:19 2024
Запись /dev/ttyMI0;07  1e  25  ;ср июл. 3 10:31:19 2024
Чтение /dev/ttyMI0;87  10  27  50  20  03  ff  ff  ff  ff  2d  ;ср июл. 3 10:31:19 2024
Запись /dev/ttyMI0;08  1e  26  ;ср июл. 3 10:31:19 2024
Запись /dev/ttyMI0;09  1e  27  ;ср июл. 3 10:31:19 2024
Чтение /dev/ttyMI0;89  10  29  50  20  03  ff  ff  ff  ff  31  ;ср июл. 3 10:31:19 2024
Запись /dev/ttyMI0;0a  1e  28  ;ср июл. 3 10:31:19 2024
Чтение /dev/ttyMI0;8a  10  2a  50  20  03  ff  ff  ff  ff  33  ;ср июл. 3 10:31:19 2024
Запись /dev/ttyMI0;0b  1e  29  ;ср июл. 3 10:31:19 2024
Чтение /dev/ttyMI0;8b  10  2b  50  00  03  ff  ff  ff  ff  15  ;ср июл. 3 10:31:19 2024
Запись /dev/ttyMI0;0c  1e  2a  ;ср июл. 3 10:31:19 2024
Запись /dev/ttyMI0;0d  1e  2b  ;ср июл. 3 10:31:19 2024
Чтение /dev/ttyMI0;8d  10  2d  15  a0  02  01  00  00  00  82  ;ср июл. 3 10:31:19 2024
Запись /dev/ttyMI0;0e  1e  2c  ;ср июл. 3 10:31:19 2024
Запись /dev/ttyMI0;0f  1e  2d  ;ср июл. 3 10:31:19 2024
Запись /dev/ttyMI0;10  1e  2e  ;ср июл. 3 10:31:20 2024
Чтение /dev/ttyMI0;90  10  b0  50  00  03  ff  ff  ff  ff  9f  ;ср июл. 3 10:31:20 2024
Запись /dev/ttyMI0;11  1e  2f  ;ср июл. 3 10:31:20 2024
Чтение /dev/ttyMI0;91  10  b1  50  00  03  ff  ff  ff  ff  a1  ;ср июл. 3 10:31:20 2024
Запись /dev/ttyMI0;12  1e  30  ;ср июл. 3 10:31:20 2024
Чтение /dev/ttyMI0;92  10  b2  50  00  03  ff  ff  ff  ff  a3  ;ср июл. 3 10:31:20 2024
Запись /dev/ttyMI0;13  1e  31  ;ср июл. 3 10:31:20 2024
Запись /dev/ttyMI0;14  1e  32  ;ср июл. 3 10:31:20 2024
Чтение /dev/ttyMI0;94  10  34  50  20  03  ff  ff  ff  ff  47  ;ср июл. 3 10:31:20 2024
Запись /dev/ttyMI0;15  1e  33  ;ср июл. 3 10:31:20 2024
Чтение /dev/ttyMI0;95  10  35  50  20  03  ff  ff  ff  ff  49  ;ср июл. 3 10:31:20 2024
Запись /dev/ttyMI0;16  1e  34  ;ср июл. 3 10:31:20 2024
Запись /dev/ttyMI0;17  1e  35  ;ср июл. 3 10:31:20 2024
Запись /dev/ttyMI0;18  1e  36  ;ср июл. 3 10:31:20 2024
Запись /dev/ttyMI0;19  1e  37  ;ср июл. 3 10:31:20 2024
Запись /dev/ttyMI0;1a  1e  38  ;ср июл. 3 10:31:20 2024
Запись /dev/ttyMI0;1b  1e  39  ;ср июл. 3 10:31:20 2024
Запись /dev/ttyMI0;1c  1e  3a  ;ср июл. 3 10:31:20 2024
Запись /dev/ttyMI0;1d  1e  3b  ;ср июл. 3 10:31:20 2024
Запись /dev/ttyMI0;1e  1e  3c  ;ср июл. 3 10:31:20 2024
Запись /dev/ttyMI0;1f  1e  3d  ;ср июл. 3 10:31:21 2024
Порт /dev/ttyMI0 закрыт;;ср июл. 3 10:31:50 2024
Порт /dev/ttyMI0 открыт;;ср июл. 3 10:40:24 2024
Запись /dev/ttyMI0;00  1e  1e  ;ср июл. 3 10:40:28 2024
Запись /dev/ttyMI0;01  1e  1f  ;ср июл. 3 10:40:29 2024
Чтение /dev/ttyMI0;81  ;ср июл. 3 10:40:29 2024
Ошибка чтения /dev/ttyMI0; Получено бaйт 1 вместо 11;ср июл. 3 10:40:29 2024
Запись /dev/ttyMI0;02  1e  20  ;ср июл. 3 10:40:29 2024
Чтение /dev/ttyMI0;10  21  50  20  03  ff  ff  ff  ff  21  82  10  22  50  20  03  ff  ff  ff  ff  23  ;ср июл. 3 10:40:29 2024
Ошибка чтения /dev/ttyMI0; Получено бaйт 21 вместо 11;ср июл. 3 10:40:29 2024
Запись /dev/ttyMI0;03  1e  21  ;ср июл. 3 10:40:29 2024
Чтение /dev/ttyMI0;83  10  23  50  20  03  ff  ff  ff  ff  25  ;ср июл. 3 10:40:29 2024
Запись /dev/ttyMI0;04  1e  22  ;ср июл. 3 10:40:29 2024
Запись /dev/ttyMI0;05  1e  23  ;ср июл. 3 10:40:29 2024
Чтение /dev/ttyMI0;85  10  25  50  30  00  ff  ff  ff  ff  36  ;ср июл. 3 10:40:29 2024
Запись /dev/ttyMI0;06  1e  24  ;ср июл. 3 10:40:29 2024
Чтение /dev/ttyMI0;86  10  26  50  20  03  ff  ff  ff  ff  2b  ;ср июл. 3 10:40:29 2024
Запись /dev/ttyMI0;07  1e  25  ;ср июл. 3 10:40:29 2024
Чтение /dev/ttyMI0;87  10  27  50  20  03  ff  ff  ff  ff  2d  ;ср июл. 3 10:40:29 2024
Запись /dev/ttyMI0;08  1e  26  ;ср июл. 3 10:40:29 2024
Запись /dev/ttyMI0;09  1e  27  ;ср июл. 3 10:40:29 2024
Чтение /dev/ttyMI0;89  10  29  50  20  03  ff  ff  ff  ff  31  ;ср июл. 3 10:40:29 2024
Запись /dev/ttyMI0;0a  1e  28  ;ср июл. 3 10:40:29 2024
Чтение /dev/ttyMI0;8a  10  2a  50  20  03  ff  ff  ff  ff  33  ;ср июл. 3 10:40:29 2024
Запись /dev/ttyMI0;0b  1e  29  ;ср июл. 3 10:40:29 2024
Чтение /dev/ttyMI0;8b  10  2b  50  00  03  ff  ff  ff  ff  15  ;ср июл. 3 10:40:29 2024
Запись /dev/ttyMI0;0c  1e  2a  ;ср июл. 3 10:40:29 2024
Запись /dev/ttyMI0;0d  1e  2b  ;ср июл. 3 10:40:29 2024
Чтение /dev/ttyMI0;8d  10  2d  15  a0  02  01  00  00  00  82  ;ср июл. 3 10:40:29 2024
Запись /dev/ttyMI0;0e  1e  2c  ;ср июл. 3 10:40:29 2024
Запись /dev/ttyMI0;0f  1e  2d  ;ср июл. 3 10:40:29 2024
Запись /dev/ttyMI0;10  1e  2e  ;ср июл. 3 10:40:29 2024
Чтение /dev/ttyMI0;90  10  b0  50  00  03  ff  ff  ff  ff  9f  ;ср июл. 3 10:40:29 2024
Запись /dev/ttyMI0;11  1e  2f  ;ср июл. 3 10:40:29 2024
Чтение /dev/ttyMI0;91  10  b1  50  00  03  ff  ff  ff  ff  a1  ;ср июл. 3 10:40:29 2024
Запись /dev/ttyMI0;12  1e  30  ;ср июл. 3 10:40:29 2024
Чтение /dev/ttyMI0;92  10  b2  50  00  03  ff  ff  ff  ff  a3  ;ср июл. 3 10:40:29 2024
Запись /dev/ttyMI0;13  1e  31  ;ср июл. 3 10:40:29 2024
Запись /dev/ttyMI0;14  1e  32  ;ср июл. 3 10:40:29 2024
Чтение /dev/ttyMI0;94  10  34  50  20  03  ff  ff  ff  ff  47  ;ср июл. 3 10:40:29 2024
Запись /dev/ttyMI0;15  1e  33  ;ср июл. 3 10:40:29 2024
Чтение /dev/ttyMI0;95  10  35  50  20  03  ff  ff  ff  ff  49  ;ср июл. 3 10:40:29 2024
Запись /dev/ttyMI0;16  1e  34  ;ср июл. 3 10:40:29 2024
Запись /dev/ttyMI0;17  1e  35  ;ср июл. 3 10:40:29 2024
Запись /dev/ttyMI0;18  1e  36  ;ср июл. 3 10:40:29 2024
Запись /dev/ttyMI0;19  1e  37  ;ср июл. 3 10:40:29 2024
Запись /dev/ttyMI0;1a  1e  38  ;ср июл. 3 10:40:30 2024
Запись /dev/ttyMI0;1b  1e  39  ;ср июл. 3 10:40:30 2024
Запись /dev/ttyMI0;1c  1e  3a  ;ср июл. 3 10:40:30 2024
Запись /dev/ttyMI0;1d  1e  3b  ;ср июл. 3 10:40:30 2024
Запись /dev/ttyMI0;1e  1e  3c  ;ср июл. 3 10:40:30 2024
Запись /dev/ttyMI0;1f  1e  3d  ;ср июл. 3 10:40:30 2024
Порт /dev/ttyMI0 закрыт;;ср июл. 3 10:40:37 2024
Порт /dev/ttyMI0 открыт;;ср июл. 3 10:41:53 2024
Запись /dev/ttyMI0;00  1e  1e  ;ср июл. 3 10:41:55 2024
Запись /dev/ttyMI0;01  1e  1f  ;ср июл. 3 10:41:55 2024
Чтение /dev/ttyMI0;81  ;ср июл. 3 10:41:55 2024
Ошибка чтения /dev/ttyMI0; Получено бaйт 1 вместо 11;ср июл. 3 10:41:55 2024
Запись /dev/ttyMI0;02  1e  20  ;ср июл. 3 10:41:55 2024
Чтение /dev/ttyMI0;10  21  50  20  03  ff  ff  ff  ff  21  82  10  22  50  20  03  ff  ff  ff  ff  23  ;ср июл. 3 10:41:55 2024
Ошибка чтения /dev/ttyMI0; Получено бaйт 21 вместо 11;ср июл. 3 10:41:55 2024
Запись /dev/ttyMI0;03  1e  21  ;ср июл. 3 10:41:55 2024
Чтение /dev/ttyMI0;83  10  23  50  20  03  ff  ff  ff  ff  25  ;ср июл. 3 10:41:55 2024
Запись /dev/ttyMI0;04  1e  22  ;ср июл. 3 10:41:55 2024
Запись /dev/ttyMI0;05  1e  23  ;ср июл. 3 10:41:55 2024
Чтение /dev/ttyMI0;85  10  25  50  30  00  ff  ff  ff  ff  36  ;ср июл. 3 10:41:55 2024
Запись /dev/ttyMI0;06  1e  24  ;ср июл. 3 10:41:55 2024
Чтение /dev/ttyMI0;86  10  26  50  20  03  ff  ff  ff  ff  2b  ;ср июл. 3 10:41:55 2024
Запись /dev/ttyMI0;07  1e  25  ;ср июл. 3 10:41:55 2024
Чтение /dev/ttyMI0;87  10  27  50  20  03  ff  ff  ff  ff  2d  ;ср июл. 3 10:41:55 2024
Запись /dev/ttyMI0;08  1e  26  ;ср июл. 3 10:41:55 2024
Запись /dev/ttyMI0;09  1e  27  ;ср июл. 3 10:41:55 2024
Чтение /dev/ttyMI0;89  10  29  50  20  03  ff  ff  ff  ff  31  ;ср июл. 3 10:41:55 2024
Запись /dev/ttyMI0;0a  1e  28  ;ср июл. 3 10:41:55 2024
Чтение /dev/ttyMI0;8a  10  2a  50  20  03  ff  ff  ff  ff  33  ;ср июл. 3 10:41:55 2024
Запись /dev/ttyMI0;0b  1e  29  ;ср июл. 3 10:41:55 2024
Чтение /dev/ttyMI0;8b  10  2b  50  00  03  ff  ff  ff  ff  15  ;ср июл. 3 10:41:55 2024
Запись /dev/ttyMI0;0c  1e  2a  ;ср июл. 3 10:41:55 2024
Запись /dev/ttyMI0;0d  1e  2b  ;ср июл. 3 10:41:55 2024
Чтение /dev/ttyMI0;8d  10  2d  15  a0  02  01  00  00  00  82  ;ср июл. 3 10:41:55 2024
Запись /dev/ttyMI0;0e  1e  2c  ;ср июл. 3 10:41:55 2024
Запись /dev/ttyMI0;0f  1e  2d  ;ср июл. 3 10:41:55 2024
Запись /dev/ttyMI0;10  1e  2e  ;ср июл. 3 10:41:55 2024
Чтение /dev/ttyMI0;90  10  b0  50  00  03  ff  ff  ff  ff  9f  ;ср июл. 3 10:41:55 2024
Запись /dev/ttyMI0;11  1e  2f  ;ср июл. 3 10:41:55 2024
Чтение /dev/ttyMI0;91  10  b1  50  00  03  ff  ff  ff  ff  a1  ;ср июл. 3 10:41:55 2024
Запись /dev/ttyMI0;12  1e  30  ;ср июл. 3 10:41:55 2024
Чтение /dev/ttyMI0;92  10  b2  50  00  03  ff  ff  ff  ff  a3  ;ср июл. 3 10:41:55 2024
Запись /dev/ttyMI0;13  1e  31  ;ср июл. 3 10:41:55 2024
Запись /dev/ttyMI0;14  1e  32  ;ср июл. 3 10:41:56 2024
Чтение /dev/ttyMI0;94  10  34  50  20  03  ff  ff  ff  ff  47  ;ср июл. 3 10:41:56 2024
Запись /dev/ttyMI0;15  1e  33  ;ср июл. 3 10:41:56 2024
Чтение /dev/ttyMI0;95  10  35  50  20  03  ff  ff  ff  ff  49  ;ср июл. 3 10:41:56 2024
Запись /dev/ttyMI0;16  1e  34  ;ср июл. 3 10:41:56 2024
Запись /dev/ttyMI0;17  1e  35  ;ср июл. 3 10:41:56 2024
Запись /dev/ttyMI0;18  1e  36  ;ср июл. 3 10:41:56 2024
Запись /dev/ttyMI0;19  1e  37  ;ср июл. 3 10:41:56 2024
Запись /dev/ttyMI0;1a  1e  38  ;ср июл. 3 10:41:56 2024
Запись /dev/ttyMI0;1b  1e  39  ;ср июл. 3 10:41:56 2024
Запись /dev/ttyMI0;1c  1e  3a  ;ср июл. 3 10:41:56 2024
Запись /dev/ttyMI0;1d  1e  3b  ;ср июл. 3 10:41:56 2024
Запись /dev/ttyMI0;1e  1e  3c  ;ср июл. 3 10:41:56 2024
Запись /dev/ttyMI0;1f  1e  3d  ;ср июл. 3 10:41:56 2024
Порт /dev/ttyMI0 закрыт;;ср июл. 3 10:42:04 2024
Порт /dev/ttyMI0 открыт;;ср июл. 3 10:42:24 2024
Запись /dev/ttyMI0;00  1e  1e  ;ср июл. 3 10:42:26 2024
Запись /dev/ttyMI0;01  1e  1f  ;ср июл. 3 10:42:26 2024
Чтение /dev/ttyMI0;81  ;ср июл. 3 10:42:26 2024
Ошибка чтения /dev/ttyMI0; Получено бaйт 1 вместо 11;ср июл. 3 10:42:26 2024
Запись /dev/ttyMI0;02  1e  20  ;ср июл. 3 10:42:26 2024
Чтение /dev/ttyMI0;10  21  50  20  03  ff  ff  ff  ff  21  82  10  22  50  20  03  ff  ff  ff  ff  23  ;ср июл. 3 10:42:26 2024
Ошибка чтения /dev/ttyMI0; Получено бaйт 21 вместо 11;ср июл. 3 10:42:26 2024
Запись /dev/ttyMI0;03  1e  21  ;ср июл. 3 10:42:26 2024
Чтение /dev/ttyMI0;83  10  23  50  20  03  ff  ff  ff  ff  25  ;ср июл. 3 10:42:26 2024
Запись /dev/ttyMI0;04  1e  22  ;ср июл. 3 10:42:26 2024
Запись /dev/ttyMI0;05  1e  23  ;ср июл. 3 10:42:27 2024
Чтение /dev/ttyMI0;85  10  25  50  30  00  ff  ff  ff  ff  36  ;ср июл. 3 10:42:27 2024
Запись /dev/ttyMI0;06  1e  24  ;ср июл. 3 10:42:27 2024
Чтение /dev/ttyMI0;86  10  26  50  20  03  ff  ff  ff  ff  2b  ;ср июл. 3 10:42:27 2024
Запись /dev/ttyMI0;07  1e  25  ;ср июл. 3 10:42:27 2024
Чтение /dev/ttyMI0;87  10  27  50  20  03  ff  ff  ff  ff  2d  ;ср июл. 3 10:42:27 2024
Запись /dev/ttyMI0;08  1e  26  ;ср июл. 3 10:42:27 2024
Запись /dev/ttyMI0;09  1e  27  ;ср июл. 3 10:42:27 2024
Чтение /dev/ttyMI0;89  10  29  50  20  03  ff  ff  ff  ff  31  ;ср июл. 3 10:42:27 2024
Запись /dev/ttyMI0;0a  1e  28  ;ср июл. 3 10:42:27 2024
Чтение /dev/ttyMI0;8a  10  2a  50  20  03  ff  ff  ff  ff  33  ;ср июл. 3 10:42:27 2024
Запись /dev/ttyMI0;0b  1e  29  ;ср июл. 3 10:42:27 2024
Чтение /dev/ttyMI0;8b  10  2b  50  00  03  ff  ff  ff  ff  15  ;ср июл. 3 10:42:27 2024
Запись /dev/ttyMI0;0c  1e  2a  ;ср июл. 3 10:42:27 2024
Запись /dev/ttyMI0;0d  1e  2b  ;ср июл. 3 10:42:27 2024
Чтение /dev/ttyMI0;8d  10  2d  15  a0  02  01  00  00  00  82  ;ср июл. 3 10:42:27 2024
Запись /dev/ttyMI0;0e  1e  2c  ;ср июл. 3 10:42:27 2024
Запись /dev/ttyMI0;0f  1e  2d  ;ср июл. 3 10:42:27 2024
Запись /dev/ttyMI0;10  1e  2e  ;ср июл. 3 10:42:27 2024
Чтение /dev/ttyMI0;90  10  b0  50  00  03  ff  ff  ff  ff  9f  ;ср июл. 3 10:42:27 2024
Запись /dev/ttyMI0;11  1e  2f  ;ср июл. 3 10:42:27 2024
Чтение /dev/ttyMI0;91  10  b1  50  00  03  ff  ff  ff  ff  a1  ;ср июл. 3 10:42:27 2024
Запись /dev/ttyMI0;12  1e  30  ;ср июл. 3 10:42:27 2024
Чтение /dev/ttyMI0;92  10  b2  50  00  03  ff  ff  ff  ff  a3  ;ср июл. 3 10:42:27 2024
Запись /dev/ttyMI0;13  1e  31  ;ср июл. 3 10:42:27 2024
Запись /dev/ttyMI0;14  1e  32  ;ср июл. 3 10:42:27 2024
Чтение /dev/ttyMI0;94  10  34  50  20  03  ff  ff  ff  ff  47  ;ср июл. 3 10:42:27 2024
Запись /dev/ttyMI0;15  1e  33  ;ср июл. 3 10:42:27 2024
Чтение /dev/ttyMI0;95  10  35  50  20  03  ff  ff  ff  ff  49  ;ср июл. 3 10:42:27 2024
Запись /dev/ttyMI0;16  1e  34  ;ср июл. 3 10:42:27 2024
Запись /dev/ttyMI0;17  1e  35  ;ср июл. 3 10:42:27 2024
Запись /dev/ttyMI0;18  1e  36  ;ср июл. 3 10:42:27 2024
Запись /dev/ttyMI0;19  1e  37  ;ср июл. 3 10:42:27 2024
Запись /dev/ttyMI0;1a  1e  38  ;ср июл. 3 10:42:27 2024
Запись /dev/ttyMI0;1b  1e  39  ;ср июл. 3 10:42:28 2024
Запись /dev/ttyMI0;1c  1e  3a  ;ср июл. 3 10:42:28 2024
Запись /dev/ttyMI0;1d  1e  3b  ;ср июл. 3 10:42:28 2024
Запись /dev/ttyMI0;1e  1e  3c  ;ср июл. 3 10:42:28 2024
Запись /dev/ttyMI0;1f  1e  3d  ;ср июл. 3 10:42:28 2024
Порт /dev/ttyMI0 закрыт;;ср июл. 3 10:42:53 2024
Порт /dev/ttyMI0 открыт;;ср июл. 3 11:23:45 2024
Запись /dev/ttyMI0;00  1e  1e  ;ср июл. 3 11:23:46 2024
Запись /dev/ttyMI0;01  1e  1f  ;ср июл. 3 11:23:46 2024
Чтение /dev/ttyMI0;81  ;ср июл. 3 11:23:46 2024
Ошибка чтения /dev/ttyMI0; Получено бaйт 1 вместо 11;ср июл. 3 11:23:46 2024
Запись /dev/ttyMI0;02  1e  20  ;ср июл. 3 11:23:46 2024
Чтение /dev/ttyMI0;10  21  50  20  03  ff  ff  ff  ff  21  82  10  22  50  20  03  ff  ff  ff  ff  23  ;ср июл. 3 11:23:46 2024
Ошибка чтения /dev/ttyMI0; Получено бaйт 21 вместо 11;ср июл. 3 11:23:46 2024
Запись /dev/ttyMI0;03  1e  21  ;ср июл. 3 11:23:46 2024
Чтение /dev/ttyMI0;83  10  23  50  20  03  ff  ff  ff  ff  25  ;ср июл. 3 11:23:46 2024
Запись /dev/ttyMI0;04  1e  22  ;ср июл. 3 11:23:46 2024
Запись /dev/ttyMI0;05  1e  23  ;ср июл. 3 11:23:46 2024
Чтение /dev/ttyMI0;85  10  25  50  30  00  ff  ff  ff  ff  36  ;ср июл. 3 11:23:46 2024
Запись /dev/ttyMI0;06  1e  24  ;ср июл. 3 11:23:46 2024
Чтение /dev/ttyMI0;86  10  26  50  20  03  ff  ff  ff  ff  2b  ;ср июл. 3 11:23:46 2024
Запись /dev/ttyMI0;07  1e  25  ;ср июл. 3 11:23:46 2024
Чтение /dev/ttyMI0;87  10  27  50  20  03  ff  ff  ff  ff  2d  ;ср июл. 3 11:23:46 2024
Запись /dev/ttyMI0;08  1e  26  ;ср июл. 3 11:23:46 2024
Запись /dev/ttyMI0;09  1e  27  ;ср июл. 3 11:23:46 2024
Чтение /dev/ttyMI0;89  10  29  50  20  03  ff  ff  ff  ff  31  ;ср июл. 3 11:23:46 2024
Запись /dev/ttyMI0;0a  1e  28  ;ср июл. 3 11:23:46 2024
Чтение /dev/ttyMI0;8a  10  2a  50  20  03  ff  ff  ff  ff  33  ;ср июл. 3 11:23:46 2024
Запись /dev/ttyMI0;0b  1e  29  ;ср июл. 3 11:23:46 2024
Чтение /dev/ttyMI0;8b  10  2b  50  00  03  ff  ff  ff  ff  15  ;ср июл. 3 11:23:46 2024
Запись /dev/ttyMI0;0c  1e  2a  ;ср июл. 3 11:23:46 2024
Запись /dev/ttyMI0;0d  1e  2b  ;ср июл. 3 11:23:47 2024
Чтение /dev/ttyMI0;8d  10  2d  15  a0  02  01  00  00  00  82  ;ср июл. 3 11:23:47 2024
Запись /dev/ttyMI0;0e  1e  2c  ;ср июл. 3 11:23:47 2024
Запись /dev/ttyMI0;0f  1e  2d  ;ср июл. 3 11:23:47 2024
Запись /dev/ttyMI0;10  1e  2e  ;ср июл. 3 11:23:47 2024
Чтение /dev/ttyMI0;90  10  b0  50  00  03  ff  ff  ff  ff  9f  ;ср июл. 3 11:23:47 2024
Запись /dev/ttyMI0;11  1e  2f  ;ср июл. 3 11:23:47 2024
Чтение /dev/ttyMI0;91  10  b1  50  00  03  ff  ff  ff  ff  a1  ;ср июл. 3 11:23:47 2024
Запись /dev/ttyMI0;12  1e  30  ;ср июл. 3 11:23:47 2024
Чтение /dev/ttyMI0;92  10  b2  50  00  03  ff  ff  ff  ff  a3  ;ср июл. 3 11:23:47 2024
Запись /dev/ttyMI0;13  1e  31  ;ср июл. 3 11:23:47 2024
Запись /dev/ttyMI0;14  1e  32  ;ср июл. 3 11:23:47 2024
Чтение /dev/ttyMI0;94  10  34  50  20  03  ff  ff  ff  ff  47  ;ср июл. 3 11:23:47 2024
Запись /dev/ttyMI0;15  1e  33  ;ср июл. 3 11:23:47 2024
Чтение /dev/ttyMI0;95  10  35  50  20  03  ff  ff  ff  ff  49  ;ср июл. 3 11:23:47 2024
Запись /dev/ttyMI0;16  1e  34  ;ср июл. 3 11:23:47 2024
Запись /dev/ttyMI0;17  1e  35  ;ср июл. 3 11:23:47 2024
Запись /dev/ttyMI0;18  1e  36  ;ср июл. 3 11:23:47 2024
Запись /dev/ttyMI0;19  1e  37  ;ср июл. 3 11:23:47 2024
Запись /dev/ttyMI0;1a  1e  38  ;ср июл. 3 11:23:47 2024
Запись /dev/ttyMI0;1b  1e  39  ;ср июл. 3 11:23:47 2024
Запись /dev/ttyMI0;1c  1e  3a  ;ср июл. 3 11:23:47 2024
Запись /dev/ttyMI0;1d  1e  3b  ;ср июл. 3 11:23:48 2024
Запись /dev/ttyMI0;1e  1e  3c  ;ср июл. 3 11:23:48 2024
Запись /dev/ttyMI0;1f  1e  3d  ;ср июл. 3 11:23:48 2024
Порт /dev/ttyMI0 закрыт;;ср июл. 3 11:23:55 2024
Порт /dev/ttyMI0 открыт;;ср июл. 3 11:33:38 2024
Запись /dev/ttyMI0;00  1e  1e  ;ср июл. 3 11:33:40 2024
Запись /dev/ttyMI0;01  1e  1f  ;ср июл. 3 11:33:40 2024
Чтение /dev/ttyMI0;81  ;ср июл. 3 11:33:40 2024
Ошибка чтения /dev/ttyMI0; Получено бaйт 1 вместо 11;ср июл. 3 11:33:40 2024
Запись /dev/ttyMI0;02  1e  20  ;ср июл. 3 11:33:40 2024
Чтение /dev/ttyMI0;10  21  50  20  03  ff  ff  ff  ff  21  82  10  22  50  20  03  ff  ff  ff  ff  23  ;ср июл. 3 11:33:40 2024
Ошибка чтения /dev/ttyMI0; Получено бaйт 21 вместо 11;ср июл. 3 11:33:40 2024
Запись /dev/ttyMI0;03  1e  21  ;ср июл. 3 11:33:40 2024
Чтение /dev/ttyMI0;83  10  23  50  20  03  ff  ff  ff  ff  25  ;ср июл. 3 11:33:40 2024
Запись /dev/ttyMI0;04  1e  22  ;ср июл. 3 11:33:40 2024
Запись /dev/ttyMI0;05  1e  23  ;ср июл. 3 11:33:40 2024
Чтение /dev/ttyMI0;85  10  25  50  30  00  ff  ff  ff  ff  36  ;ср июл. 3 11:33:40 2024
Запись /dev/ttyMI0;06  1e  24  ;ср июл. 3 11:33:40 2024
Чтение /dev/ttyMI0;86  10  26  50  20  03  ff  ff  ff  ff  2b  ;ср июл. 3 11:33:40 2024
Запись /dev/ttyMI0;07  1e  25  ;ср июл. 3 11:33:40 2024
Чтение /dev/ttyMI0;87  10  27  50  20  03  ff  ff  ff  ff  2d  ;ср июл. 3 11:33:40 2024
Запись /dev/ttyMI0;08  1e  26  ;ср июл. 3 11:33:40 2024
Запись /dev/ttyMI0;09  1e  27  ;ср июл. 3 11:33:40 2024
Чтение /dev/ttyMI0;89  10  29  50  20  03  ff  ff  ff  ff  31  ;ср июл. 3 11:33:40 2024
Запись /dev/ttyMI0;0a  1e  28  ;ср июл. 3 11:33:40 2024
Чтение /dev/ttyMI0;8a  10  2a  50  20  03  ff  ff  ff  ff  33  ;ср июл. 3 11:33:40 2024
Запись /dev/ttyMI0;0b  1e  29  ;ср июл. 3 11:33:40 2024
Чтение /dev/ttyMI0;8b  10  2b  50  00  03  ff  ff  ff  ff  15  ;ср июл. 3 11:33:40 2024
Запись /dev/ttyMI0;0c  1e  2a  ;ср июл. 3 11:33:40 2024
Запись /dev/ttyMI0;0d  1e  2b  ;ср июл. 3 11:33:40 2024
Чтение /dev/ttyMI0;8d  10  2d  15  a0  02  01  00  00  00  82  ;ср июл. 3 11:33:40 2024
Запись /dev/ttyMI0;0e  1e  2c  ;ср июл. 3 11:33:40 2024
Запись /dev/ttyMI0;0f  1e  2d  ;ср июл. 3 11:33:40 2024
Запись /dev/ttyMI0;10  1e  2e  ;ср июл. 3 11:33:40 2024
Чтение /dev/ttyMI0;90  10  b0  50  00  03  ff  ff  ff  ff  9f  ;ср июл. 3 11:33:40 2024
Запись /dev/ttyMI0;11  1e  2f  ;ср июл. 3 11:33:40 2024
Чтение /dev/ttyMI0;91  10  b1  50  00  03  ff  ff  ff  ff  a1  ;ср июл. 3 11:33:40 2024
Запись /dev/ttyMI0;12  1e  30  ;ср июл. 3 11:33:40 2024
Чтение /dev/ttyMI0;92  10  b2  50  00  03  ff  ff  ff  ff  a3  ;ср июл. 3 11:33:40 2024
Запись /dev/ttyMI0;13  1e  31  ;ср июл. 3 11:33:40 2024
Запись /dev/ttyMI0;14  1e  32  ;ср июл. 3 11:33:40 2024
Чтение /dev/ttyMI0;94  10  34  50  20  03  ff  ff  ff  ff  47  ;ср июл. 3 11:33:40 2024
Запись /dev/ttyMI0;15  1e  33  ;ср июл. 3 11:33:40 2024
Чтение /dev/ttyMI0;95  10  35  50  20  03  ff  ff  ff  ff  49  ;ср июл. 3 11:33:40 2024
Запись /dev/ttyMI0;16  1e  34  ;ср июл. 3 11:33:40 2024
Запись /dev/ttyMI0;17  1e  35  ;ср июл. 3 11:33:40 2024
Запись /dev/ttyMI0;18  1e  36  ;ср июл. 3 11:33:41 2024
Запись /dev/ttyMI0;19  1e  37  ;ср июл. 3 11:33:41 2024
Запись /dev/ttyMI0;1a  1e  38  ;ср июл. 3 11:33:41 2024
Запись /dev/ttyMI0;1b  1e  39  ;ср июл. 3 11:33:41 2024
Запись /dev/ttyMI0;1c  1e  3a  ;ср июл. 3 11:33:41 2024
Запись /dev/ttyMI0;1d  1e  3b  ;ср июл. 3 11:33:41 2024
Запись /dev/ttyMI0;1e  1e  3c  ;ср июл. 3 11:33:41 2024
Запись /dev/ttyMI0;1f  1e  3d  ;ср июл. 3 11:33:41 2024
Порт /dev/ttyMI0 закрыт;;ср июл. 3 11:33:53 2024
Порт /dev/ttyMI0 открыт;;ср июл. 3 11:37:02 2024
Запись /dev/ttyMI0;00  1e  1e  ;ср июл. 3 11:37:03 2024
Запись /dev/ttyMI0;01  1e  1f  ;ср июл. 3 11:37:04 2024
Чтение /dev/ttyMI0;81  ;ср июл. 3 11:37:04 2024
Ошибка чтения /dev/ttyMI0; Получено бaйт 1 вместо 11;ср июл. 3 11:37:04 2024
Запись /dev/ttyMI0;02  1e  20  ;ср июл. 3 11:37:04 2024
Чтение /dev/ttyMI0;10  21  50  20  03  ff  ff  ff  ff  21  82  10  22  50  20  03  ff  ff  ff  ff  23  ;ср июл. 3 11:37:04 2024
Ошибка чтения /dev/ttyMI0; Получено бaйт 21 вместо 11;ср июл. 3 11:37:04 2024
Запись /dev/ttyMI0;03  1e  21  ;ср июл. 3 11:37:04 2024
Чтение /dev/ttyMI0;83  10  23  50  20  03  ff  ff  ff  ff  25  ;ср июл. 3 11:37:04 2024
Запись /dev/ttyMI0;04  1e  22  ;ср июл. 3 11:37:04 2024
Запись /dev/ttyMI0;05  1e  23  ;ср июл. 3 11:37:04 2024
Чтение /dev/ttyMI0;85  10  25  50  30  00  ff  ff  ff  ff  36  ;ср июл. 3 11:37:04 2024
Запись /dev/ttyMI0;06  1e  24  ;ср июл. 3 11:37:04 2024
Чтение /dev/ttyMI0;86  10  26  50  20  03  ff  ff  ff  ff  2b  ;ср июл. 3 11:37:04 2024
Запись /dev/ttyMI0;07  1e  25  ;ср июл. 3 11:37:04 2024
Чтение /dev/ttyMI0;87  10  27  50  20  03  ff  ff  ff  ff  2d  ;ср июл. 3 11:37:04 2024
Запись /dev/ttyMI0;08  1e  26  ;ср июл. 3 11:37:04 2024
Запись /dev/ttyMI0;09  1e  27  ;ср июл. 3 11:37:04 2024
Чтение /dev/ttyMI0;89  10  29  50  20  03  ff  ff  ff  ff  31  ;ср июл. 3 11:37:04 2024
Запись /dev/ttyMI0;0a  1e  28  ;ср июл. 3 11:37:04 2024
Чтение /dev/ttyMI0;8a  10  2a  50  20  03  ff  ff  ff  ff  33  ;ср июл. 3 11:37:04 2024
Запись /dev/ttyMI0;0b  1e  29  ;ср июл. 3 11:37:04 2024
Чтение /dev/ttyMI0;8b  10  2b  50  00  03  ff  ff  ff  ff  15  ;ср июл. 3 11:37:04 2024
Запись /dev/ttyMI0;0c  1e  2a  ;ср июл. 3 11:37:04 2024
Запись /dev/ttyMI0;0d  1e  2b  ;ср июл. 3 11:37:04 2024
Чтение /dev/ttyMI0;8d  10  2d  15  a0  02  01  00  00  00  82  ;ср июл. 3 11:37:04 2024
Запись /dev/ttyMI0;0e  1e  2c  ;ср июл. 3 11:37:04 2024
Запись /dev/ttyMI0;0f  1e  2d  ;ср июл. 3 11:37:04 2024
Запись /dev/ttyMI0;10  1e  2e  ;ср июл. 3 11:37:04 2024
Чтение /dev/ttyMI0;90  10  b0  50  00  03  ff  ff  ff  ff  9f  ;ср июл. 3 11:37:04 2024
Запись /dev/ttyMI0;11  1e  2f  ;ср июл. 3 11:37:04 2024
Чтение /dev/ttyMI0;91  10  b1  50  00  03  ff  ff  ff  ff  a1  ;ср июл. 3 11:37:04 2024
Запись /dev/ttyMI0;12  1e  30  ;ср июл. 3 11:37:04 2024
Чтение /dev/ttyMI0;92  10  b2  50  00  03  ff  ff  ff  ff  a3  ;ср июл. 3 11:37:04 2024
Запись /dev/ttyMI0;13  1e  31  ;ср июл. 3 11:37:04 2024
Запись /dev/ttyMI0;14  1e  32  ;ср июл. 3 11:37:04 2024
Чтение /dev/ttyMI0;94  10  34  50  20  03  ff  ff  ff  ff  47  ;ср июл. 3 11:37:04 2024
Запись /dev/ttyMI0;15  1e  33  ;ср июл. 3 11:37:04 2024
Чтение /dev/ttyMI0;95  10  35  50  20  03  ff  ff  ff  ff  49  ;ср июл. 3 11:37:04 2024
Запись /dev/ttyMI0;16  1e  34  ;ср июл. 3 11:37:04 2024
Запись /dev/ttyMI0;17  1e  35  ;ср июл. 3 11:37:04 2024
Запись /dev/ttyMI0;18  1e  36  ;ср июл. 3 11:37:04 2024
Запись /dev/ttyMI0;19  1e  37  ;ср июл. 3 11:37:04 2024
Запись /dev/ttyMI0;1a  1e  38  ;ср июл. 3 11:37:05 2024
Запись /dev/ttyMI0;1b  1e  39  ;ср июл. 3 11:37:05 2024
Запись /dev/ttyMI0;1c  1e  3a  ;ср июл. 3 11:37:05 2024
Запись /dev/ttyMI0;1d  1e  3b  ;ср июл. 3 11:37:05 2024
Запись /dev/ttyMI0;1e  1e  3c  ;ср июл. 3 11:37:05 2024
Запись /dev/ttyMI0;1f  1e  3d  ;ср июл. 3 11:37:05 2024
Порт /dev/ttyMI0 закрыт;;ср июл. 3 11:37:52 2024
Ошибка открытия порта /dev/ttyMI0;Permission error while locking the device;;ср июл. 3 11:42:40 2024
Порт /dev/ttyMI0 открыт;;ср июл. 3 11:38:17 2024
Запись /dev/ttyMI0;00  1e  1e  ;ср июл. 3 11:38:20 2024
Запись /dev/ttyMI0;01  1e  1f  ;ср июл. 3 11:38:20 2024
Запись /dev/ttyMI0;02  1e  20  ;ср июл. 3 11:38:20 2024
Запись /dev/ttyMI0;03  1e  21  ;ср июл. 3 11:38:20 2024
Запись /dev/ttyMI0;04  1e  22  ;ср июл. 3 11:38:20 2024
Запись /dev/ttyMI0;05  1e  23  ;ср июл. 3 11:38:20 2024
Запись /dev/ttyMI0;06  1e  24  ;ср июл. 3 11:38:20 2024
Запись /dev/ttyMI0;07  1e  25  ;ср июл. 3 11:38:20 2024
Запись /dev/ttyMI0;08  1e  26  ;ср июл. 3 11:38:20 2024
Запись /dev/ttyMI0;09  1e  27  ;ср июл. 3 11:38:20 2024
Запись /dev/ttyMI0;0a  1e  28  ;ср июл. 3 11:38:21 2024
Запись /dev/ttyMI0;0b  1e  29  ;ср июл. 3 11:38:21 2024
Запись /dev/ttyMI0;0c  1e  2a  ;ср июл. 3 11:38:21 2024
Запись /dev/ttyMI0;0d  1e  2b  ;ср июл. 3 11:38:21 2024
Запись /dev/ttyMI0;0e  1e  2c  ;ср июл. 3 11:38:21 2024
Запись /dev/ttyMI0;0f  1e  2d  ;ср июл. 3 11:38:21 2024
Запись /dev/ttyMI0;10  1e  2e  ;ср июл. 3 11:38:21 2024
Запись /dev/ttyMI0;11  1e  2f  ;ср июл. 3 11:38:21 2024
Запись /dev/ttyMI0;12  1e  30  ;ср июл. 3 11:38:21 2024
Запись /dev/ttyMI0;13  1e  31  ;ср июл. 3 11:38:21 2024
Запись /dev/ttyMI0;14  1e  32  ;ср июл. 3 11:38:22 2024
Запись /dev/ttyMI0;15  1e  33  ;ср июл. 3 11:38:22 2024
Запись /dev/ttyMI0;16  1e  34  ;ср июл. 3 11:38:22 2024
Запись /dev/ttyMI0;17  1e  35  ;ср июл. 3 11:38:22 2024
Запись /dev/ttyMI0;18  1e  36  ;ср июл. 3 11:38:22 2024
Запись /dev/ttyMI0;19  1e  37  ;ср июл. 3 11:38:22 2024
Запись /dev/ttyMI0;1a  1e  38  ;ср июл. 3 11:38:22 2024
Запись /dev/ttyMI0;1b  1e  39  ;ср июл. 3 11:38:22 2024
Запись /dev/ttyMI0;1c  1e  3a  ;ср июл. 3 11:38:22 2024
Запись /dev/ttyMI0;1d  1e  3b  ;ср июл. 3 11:38:22 2024
Запись /dev/ttyMI0;1e  1e  3c  ;ср июл. 3 11:38:23 2024
Запись /dev/ttyMI0;1f  1e  3d  ;ср июл. 3 11:38:23 2024
Порт /dev/ttyMI0 закрыт;;ср июл. 3 14:21:40 2024
Порт /dev/ttyMI0 открыт;;ср июл. 3 14:21:55 2024
Порт /dev/ttyMI0 закрыт;;ср июл. 3 14:22:00 2024
Порт /dev/ttyMI0 открыт;;ср июл. 3 14:22:20 2024
Запись /dev/ttyMI0;00  1e  1e  ;ср июл. 3 14:22:24 2024
Запись /dev/ttyMI0;01  1e  1f  ;ср июл. 3 14:22:24 2024
Запись /dev/ttyMI0;02  1e  20  ;ср июл. 3 14:22:24 2024
Запись /dev/ttyMI0;03  1e  21  ;ср июл. 3 14:22:25 2024
Запись /dev/ttyMI0;04  1e  22  ;ср июл. 3 14:22:25 2024
Запись /dev/ttyMI0;05  1e  23  ;ср июл. 3 14:22:25 2024
Запись /dev/ttyMI0;06  1e  24  ;ср июл. 3 14:22:25 2024
Запись /dev/ttyMI0;07  1e  25  ;ср июл. 3 14:22:25 2024
Запись /dev/ttyMI0;08  1e  26  ;ср июл. 3 14:22:25 2024
Запись /dev/ttyMI0;09  1e  27  ;ср июл. 3 14:22:25 2024
Запись /dev/ttyMI0;0a  1e  28  ;ср июл. 3 14:22:25 2024
Запись /dev/ttyMI0;0b  1e  29  ;ср июл. 3 14:22:25 2024
Запись /dev/ttyMI0;0c  1e  2a  ;ср июл. 3 14:22:26 2024
Запись /dev/ttyMI0;0d  1e  2b  ;ср июл. 3 14:22:26 2024
Запись /dev/ttyMI0;0e  1e  2c  ;ср июл. 3 14:22:26 2024
Запись /dev/ttyMI0;0f  1e  2d  ;ср июл. 3 14:22:26 2024
Запись /dev/ttyMI0;10  1e  2e  ;ср июл. 3 14:22:26 2024
Запись /dev/ttyMI0;11  1e  2f  ;ср июл. 3 14:22:26 2024
Запись /dev/ttyMI0;12  1e  30  ;ср июл. 3 14:22:26 2024
Запись /dev/ttyMI0;13  1e  31  ;ср июл. 3 14:22:26 2024
Запись /dev/ttyMI0;14  1e  32  ;ср июл. 3 14:22:26 2024
Запись /dev/ttyMI0;15  1e  33  ;ср июл. 3 14:22:26 2024
Запись /dev/ttyMI0;16  1e  34  ;ср июл. 3 14:22:27 2024
Запись /dev/ttyMI0;17  1e  35  ;ср июл. 3 14:22:27 2024
Запись /dev/ttyMI0;18  1e  36  ;ср июл. 3 14:22:27 2024
Запись /dev/ttyMI0;19  1e  37  ;ср июл. 3 14:22:27 2024
Запись /dev/ttyMI0;1a  1e  38  ;ср июл. 3 14:22:27 2024
Запись /dev/ttyMI0;1b  1e  39  ;ср июл. 3 14:22:27 2024
Запись /dev/ttyMI0;1c  1e  3a  ;ср июл. 3 14:22:27 2024
Запись /dev/ttyMI0;1d  1e  3b  ;ср июл. 3 14:22:27 2024
Запись /dev/ttyMI0;1e  1e  3c  ;ср июл. 3 14:22:27 2024
Запись /dev/ttyMI0;1f  1e  3d  ;ср июл. 3 14:22:27 2024
Порт /dev/ttyMI0 закрыт;;ср июл. 3 14:22:38 2024
Порт /dev/ttyMI0 открыт;;ср июл. 3 14:23:58 2024
Запись /dev/ttyMI0;00  1e  1e  ;ср июл. 3 14:24:03 2024
Запись /dev/ttyMI0;01  1e  1f  ;ср июл. 3 14:24:03 2024
Запись /dev/ttyMI0;02  1e  20  ;ср июл. 3 14:24:03 2024
Запись /dev/ttyMI0;03  1e  21  ;ср июл. 3 14:24:03 2024
Запись /dev/ttyMI0;04  1e  22  ;ср июл. 3 14:24:03 2024
Запись /dev/ttyMI0;05  1e  23  ;ср июл. 3 14:24:03 2024
Запись /dev/ttyMI0;06  1e  24  ;ср июл. 3 14:24:03 2024
Запись /dev/ttyMI0;07  1e  25  ;ср июл. 3 14:24:03 2024
Запись /dev/ttyMI0;08  1e  26  ;ср июл. 3 14:24:03 2024
Запись /dev/ttyMI0;09  1e  27  ;ср июл. 3 14:24:04 2024
Запись /dev/ttyMI0;0a  1e  28  ;ср июл. 3 14:24:04 2024
Запись /dev/ttyMI0;0b  1e  29  ;ср июл. 3 14:24:04 2024
Запись /dev/ttyMI0;0c  1e  2a  ;ср июл. 3 14:24:04 2024
Запись /dev/ttyMI0;0d  1e  2b  ;ср июл. 3 14:24:04 2024
Запись /dev/ttyMI0;0e  1e  2c  ;ср июл. 3 14:24:04 2024
Запись /dev/ttyMI0;0f  1e  2d  ;ср июл. 3 14:24:04 2024
Запись /dev/ttyMI0;10  1e  2e  ;ср июл. 3 14:24:04 2024
Запись /dev/ttyMI0;11  1e  2f  ;ср июл. 3 14:24:04 2024
Запись /dev/ttyMI0;12  1e  30  ;ср июл. 3 14:24:04 2024
Запись /dev/ttyMI0;13  1e  31  ;ср июл. 3 14:24:05 2024
Запись /dev/ttyMI0;14  1e  32  ;ср июл. 3 14:24:05 2024
Запись /dev/ttyMI0;15  1e  33  ;ср июл. 3 14:24:05 2024
Запись /dev/ttyMI0;16  1e  34  ;ср июл. 3 14:24:05 2024
Запись /dev/ttyMI0;17  1e  35  ;ср июл. 3 14:24:05 2024
Запись /dev/ttyMI0;18  1e  36  ;ср июл. 3 14:24:05 2024
Запись /dev/ttyMI0;19  1e  37  ;ср июл. 3 14:24:05 2024
Запись /dev/ttyMI0;1a  1e  38  ;ср июл. 3 14:24:05 2024
Запись /dev/ttyMI0;1b  1e  39  ;ср июл. 3 14:24:05 2024
Запись /dev/ttyMI0;1c  1e  3a  ;ср июл. 3 14:24:05 2024
Запись /dev/ttyMI0;1d  1e  3b  ;ср июл. 3 14:24:06 2024
Запись /dev/ttyMI0;1e  1e  3c  ;ср июл. 3 14:24:06 2024
Запись /dev/ttyMI0;1f  1e  3d  ;ср июл. 3 14:24:06 2024
Порт /dev/ttyMI0 закрыт;;ср июл. 3 14:24:13 2024
Порт /dev/ttyMI0 открыт;;ср июл. 3 14:29:07 2024
Запись /dev/ttyMI0;00  1e  1e  ;ср июл. 3 14:29:12 2024
Запись /dev/ttyMI0;01  1e  1f  ;ср июл. 3 14:29:12 2024
Запись /dev/ttyMI0;02  1e  20  ;ср июл. 3 14:29:12 2024
Запись /dev/ttyMI0;03  1e  21  ;ср июл. 3 14:29:12 2024
Запись /dev/ttyMI0;04  1e  22  ;ср июл. 3 14:29:12 2024
Запись /dev/ttyMI0;05  1e  23  ;ср июл. 3 14:29:12 2024
Запись /dev/ttyMI0;06  1e  24  ;ср июл. 3 14:29:12 2024
Запись /dev/ttyMI0;07  1e  25  ;ср июл. 3 14:29:12 2024
Запись /dev/ttyMI0;08  1e  26  ;ср июл. 3 14:29:12 2024
Запись /dev/ttyMI0;09  1e  27  ;ср июл. 3 14:29:13 2024
Запись /dev/ttyMI0;0a  1e  28  ;ср июл. 3 14:29:13 2024
Запись /dev/ttyMI0;0b  1e  29  ;ср июл. 3 14:29:13 2024
Запись /dev/ttyMI0;0c  1e  2a  ;ср июл. 3 14:29:13 2024
Запись /dev/ttyMI0;0d  1e  2b  ;ср июл. 3 14:29:13 2024
Запись /dev/ttyMI0;0e  1e  2c  ;ср июл. 3 14:29:13 2024
Запись /dev/ttyMI0;0f  1e  2d  ;ср июл. 3 14:29:13 2024
Запись /dev/ttyMI0;10  1e  2e  ;ср июл. 3 14:29:13 2024
Запись /dev/ttyMI0;11  1e  2f  ;ср июл. 3 14:29:13 2024
Запись /dev/ttyMI0;12  1e  30  ;ср июл. 3 14:29:13 2024
Запись /dev/ttyMI0;13  1e  31  ;ср июл. 3 14:29:14 2024
Запись /dev/ttyMI0;14  1e  32  ;ср июл. 3 14:29:14 2024
Запись /dev/ttyMI0;15  1e  33  ;ср июл. 3 14:29:14 2024
Запись /dev/ttyMI0;16  1e  34  ;ср июл. 3 14:29:14 2024
Запись /dev/ttyMI0;17  1e  35  ;ср июл. 3 14:29:14 2024
Запись /dev/ttyMI0;18  1e  36  ;ср июл. 3 14:29:14 2024
Запись /dev/ttyMI0;19  1e  37  ;ср июл. 3 14:29:14 2024
Запись /dev/ttyMI0;1a  1e  38  ;ср июл. 3 14:29:14 2024
Запись /dev/ttyMI0;1b  1e  39  ;ср июл. 3 14:29:14 2024
Запись /dev/ttyMI0;1c  1e  3a  ;ср июл. 3 14:29:14 2024
Запись /dev/ttyMI0;1d  1e  3b  ;ср июл. 3 14:29:15 2024
Запись /dev/ttyMI0;1e  1e  3c  ;ср июл. 3 14:29:15 2024
Запись /dev/ttyMI0;1f  1e  3d  ;ср июл. 3 14:29:15 2024
Порт /dev/ttyMI0 закрыт;;ср июл. 3 14:29:28 2024
Порт /dev/ttyMI0 открыт;;ср июл. 3 14:30:52 2024
Запись /dev/ttyMI0;00  1e  1e  ;ср июл. 3 14:30:54 2024
Запись /dev/ttyMI0;01  1e  1f  ;ср июл. 3 14:30:54 2024
Запись /dev/ttyMI0;02  1e  20  ;ср июл. 3 14:30:54 2024
Запись /dev/ttyMI0;03  1e  21  ;ср июл. 3 14:30:54 2024
Запись /dev/ttyMI0;04  1e  22  ;ср июл. 3 14:30:55 2024
Запись /dev/ttyMI0;05  1e  23  ;ср июл. 3 14:30:55 2024
Запись /dev/ttyMI0;06  1e  24  ;ср июл. 3 14:30:55 2024
Запись /dev/ttyMI0;07  1e  25  ;ср июл. 3 14:30:55 2024
Запись /dev/ttyMI0;08  1e  26  ;ср июл. 3 14:30:55 2024
Запись /dev/ttyMI0;09  1e  27  ;ср июл. 3 14:30:55 2024
Запись /dev/ttyMI0;0a  1e  28  ;ср июл. 3 14:30:55 2024
Запись /dev/ttyMI0;0b  1e  29  ;ср июл. 3 14:30:55 2024
Запись /dev/ttyMI0;0c  1e  2a  ;ср июл. 3 14:30:55 2024
Запись /dev/ttyMI0;0d  1e  2b  ;ср июл. 3 14:30:56 2024
Запись /dev/ttyMI0;0e  1e  2c  ;ср июл. 3 14:30:56 2024
Запись /dev/ttyMI0;0f  1e  2d  ;ср июл. 3 14:30:56 2024
Запись /dev/ttyMI0;10  1e  2e  ;ср июл. 3 14:30:56 2024
Запись /dev/ttyMI0;11  1e  2f  ;ср июл. 3 14:30:56 2024
Запись /dev/ttyMI0;12  1e  30  ;ср июл. 3 14:30:56 2024
Запись /dev/ttyMI0;13  1e  31  ;ср июл. 3 14:30:56 2024
Запись /dev/ttyMI0;14  1e  32  ;ср июл. 3 14:30:56 2024
Запись /dev/ttyMI0;15  1e  33  ;ср июл. 3 14:30:56 2024
Запись /dev/ttyMI0;16  1e  34  ;ср июл. 3 14:30:56 2024
Запись /dev/ttyMI0;17  1e  35  ;ср июл. 3 14:30:57 2024
Запись /dev/ttyMI0;18  1e  36  ;ср июл. 3 14:30:57 2024
Запись /dev/ttyMI0;19  1e  37  ;ср июл. 3 14:30:57 2024
Запись /dev/ttyMI0;1a  1e  38  ;ср июл. 3 14:30:57 2024
Запись /dev/ttyMI0;1b  1e  39  ;ср июл. 3 14:30:57 2024
Запись /dev/ttyMI0;1c  1e  3a  ;ср июл. 3 14:30:57 2024
Запись /dev/ttyMI0;1d  1e  3b  ;ср июл. 3 14:30:57 2024
Запись /dev/ttyMI0;1e  1e  3c  ;ср июл. 3 14:30:57 2024
Запись /dev/ttyMI0;1f  1e  3d  ;ср июл. 3 14:30:57 2024
Порт /dev/ttyMI0 закрыт;;ср июл. 3 14:31:54 2024
Порт /dev/ttyMI0 открыт;;ср июл. 3 14:35:48 2024
Запись /dev/ttyMI0;00  1e  1e  ;ср июл. 3 14:35:50 2024
Запись /dev/ttyMI0;01  1e  1f  ;ср июл. 3 14:35:50 2024
Запись /dev/ttyMI0;02  1e  20  ;ср июл. 3 14:35:50 2024
Запись /dev/ttyMI0;03  1e  21  ;ср июл. 3 14:35:51 2024
Запись /dev/ttyMI0;04  1e  22  ;ср июл. 3 14:35:51 2024
Запись /dev/ttyMI0;05  1e  23  ;ср июл. 3 14:35:51 2024
Запись /dev/ttyMI0;06  1e  24  ;ср июл. 3 14:35:51 2024
Запись /dev/ttyMI0;07  1e  25  ;ср июл. 3 14:35:51 2024
Запись /dev/ttyMI0;08  1e  26  ;ср июл. 3 14:35:51 2024
Запись /dev/ttyMI0;09  1e  27  ;ср июл. 3 14:35:51 2024
Запись /dev/ttyMI0;0a  1e  28  ;ср июл. 3 14:35:51 2024
Запись /dev/ttyMI0;0b  1e  29  ;ср июл. 3 14:35:51 2024
Запись /dev/ttyMI0;0c  1e  2a  ;ср июл. 3 14:35:51 2024
Запись /dev/ttyMI0;0d  1e  2b  ;ср июл. 3 14:35:52 2024
Запись /dev/ttyMI0;0e  1e  2c  ;ср июл. 3 14:35:52 2024
Запись /dev/ttyMI0;0f  1e  2d  ;ср июл. 3 14:35:52 2024
Запись /dev/ttyMI0;10  1e  2e  ;ср июл. 3 14:35:52 2024
Запись /dev/ttyMI0;11  1e  2f  ;ср июл. 3 14:35:52 2024
Запись /dev/ttyMI0;12  1e  30  ;ср июл. 3 14:35:52 2024
Запись /dev/ttyMI0;13  1e  31  ;ср июл. 3 14:35:52 2024
Запись /dev/ttyMI0;14  1e  32  ;ср июл. 3 14:35:52 2024
Запись /dev/ttyMI0;15  1e  33  ;ср июл. 3 14:35:52 2024
Запись /dev/ttyMI0;16  1e  34  ;ср июл. 3 14:35:52 2024
Запись /dev/ttyMI0;17  1e  35  ;ср июл. 3 14:35:53 2024
Запись /dev/ttyMI0;18  1e  36  ;ср июл. 3 14:35:53 2024
Запись /dev/ttyMI0;19  1e  37  ;ср июл. 3 14:35:53 2024
Запись /dev/ttyMI0;1a  1e  38  ;ср июл. 3 14:35:53 2024
Запись /dev/ttyMI0;1b  1e  39  ;ср июл. 3 14:35:53 2024
Запись /dev/ttyMI0;1c  1e  3a  ;ср июл. 3 14:35:53 2024
Запись /dev/ttyMI0;1d  1e  3b  ;ср июл. 3 14:35:53 2024
Запись /dev/ttyMI0;1e  1e  3c  ;ср июл. 3 14:35:53 2024
Запись /dev/ttyMI0;1f  1e  3d  ;ср июл. 3 14:35:53 2024
Запись /dev/ttyMI0;00  1e  1e  ;ср июл. 3 14:36:01 2024
Запись /dev/ttyMI0;01  1e  1f  ;ср июл. 3 14:36:01 2024
Запись /dev/ttyMI0;02  1e  20  ;ср июл. 3 14:36:01 2024
Запись /dev/ttyMI0;03  1e  21  ;ср июл. 3 14:36:01 2024
Запись /dev/ttyMI0;04  1e  22  ;ср июл. 3 14:36:01 2024
Запись /dev/ttyMI0;05  1e  23  ;ср июл. 3 14:36:01 2024
Запись /dev/ttyMI0;06  1e  24  ;ср июл. 3 14:36:01 2024
Запись /dev/ttyMI0;07  1e  25  ;ср июл. 3 14:36:01 2024
Запись /dev/ttyMI0;08  1e  26  ;ср июл. 3 14:36:01 2024
Запись /dev/ttyMI0;09  1e  27  ;ср июл. 3 14:36:02 2024
Запись /dev/ttyMI0;0a  1e  28  ;ср июл. 3 14:36:02 2024
Запись /dev/ttyMI0;0b  1e  29  ;ср июл. 3 14:36:02 2024
Запись /dev/ttyMI0;0c  1e  2a  ;ср июл. 3 14:36:02 2024
Запись /dev/ttyMI0;0d  1e  2b  ;ср июл. 3 14:36:02 2024
Запись /dev/ttyMI0;0e  1e  2c  ;ср июл. 3 14:36:02 2024
Запись /dev/ttyMI0;0f  1e  2d  ;ср июл. 3 14:36:02 2024
Запись /dev/ttyMI0;10  1e  2e  ;ср июл. 3 14:36:02 2024
Запись /dev/ttyMI0;11  1e  2f  ;ср июл. 3 14:36:02 2024
Запись /dev/ttyMI0;12  1e  30  ;ср июл. 3 14:36:02 2024
Запись /dev/ttyMI0;13  1e  31  ;ср июл. 3 14:36:03 2024
Запись /dev/ttyMI0;14  1e  32  ;ср июл. 3 14:36:03 2024
Запись /dev/ttyMI0;15  1e  33  ;ср июл. 3 14:36:03 2024
Запись /dev/ttyMI0;16  1e  34  ;ср июл. 3 14:36:03 2024
Запись /dev/ttyMI0;17  1e  35  ;ср июл. 3 14:36:03 2024
Запись /dev/ttyMI0;18  1e  36  ;ср июл. 3 14:36:03 2024
Запись /dev/ttyMI0;19  1e  37  ;ср июл. 3 14:36:03 2024
Запись /dev/ttyMI0;1a  1e  38  ;ср июл. 3 14:36:03 2024
Запись /dev/ttyMI0;1b  1e  39  ;ср июл. 3 14:36:03 2024
Запись /dev/ttyMI0;1c  1e  3a  ;ср июл. 3 14:36:03 2024
Запись /dev/ttyMI0;1d  1e  3b  ;ср июл. 3 14:36:04 2024
Запись /dev/ttyMI0;1e  1e  3c  ;ср июл. 3 14:36:04 2024
Запись /dev/ttyMI0;1f  1e  3d  ;ср июл. 3 14:36:04 2024
Порт /dev/ttyMI0 закрыт;;ср июл. 3 14:36:18 2024
Порт /dev/ttyMI0 открыт;;ср июл. 3 14:36:46 2024
Запись /dev/ttyMI0;00  1e  1e  ;ср июл. 3 14:36:48 2024
Запись /dev/ttyMI0;01  1e  1f  ;ср июл. 3 14:36:48 2024
Запись /dev/ttyMI0;02  1e  20  ;ср июл. 3 14:36:48 2024
Запись /dev/ttyMI0;03  1e  21  ;ср июл. 3 14:36:48 2024
Запись /dev/ttyMI0;04  1e  22  ;ср июл. 3 14:36:49 2024
Запись /dev/ttyMI0;05  1e  23  ;ср июл. 3 14:36:49 2024
Запись /dev/ttyMI0;06  1e  24  ;ср июл. 3 14:36:49 2024
Запись /dev/ttyMI0;07  1e  25  ;ср июл. 3 14:36:49 2024
Запись /dev/ttyMI0;08  1e  26  ;ср июл. 3 14:36:49 2024
Запись /dev/ttyMI0;09  1e  27  ;ср июл. 3 14:36:49 2024
Запись /dev/ttyMI0;0a  1e  28  ;ср июл. 3 14:36:49 2024
Запись /dev/ttyMI0;0b  1e  29  ;ср июл. 3 14:36:49 2024
Запись /dev/ttyMI0;0c  1e  2a  ;ср июл. 3 14:36:49 2024
Запись /dev/ttyMI0;0d  1e  2b  ;ср июл. 3 14:36:49 2024
Запись /dev/ttyMI0;0e  1e  2c  ;ср июл. 3 14:36:50 2024
Запись /dev/ttyMI0;0f  1e  2d  ;ср июл. 3 14:36:50 2024
Запись /dev/ttyMI0;10  1e  2e  ;ср июл. 3 14:36:50 2024
Запись /dev/ttyMI0;11  1e  2f  ;ср июл. 3 14:36:50 2024
Запись /dev/ttyMI0;12  1e  30  ;ср июл. 3 14:36:50 2024
Запись /dev/ttyMI0;13  1e  31  ;ср июл. 3 14:36:50 2024
Запись /dev/ttyMI0;14  1e  32  ;ср июл. 3 14:36:50 2024
Запись /dev/ttyMI0;15  1e  33  ;ср июл. 3 14:36:50 2024
Запись /dev/ttyMI0;16  1e  34  ;ср июл. 3 14:36:50 2024
Запись /dev/ttyMI0;17  1e  35  ;ср июл. 3 14:36:50 2024
Запись /dev/ttyMI0;18  1e  36  ;ср июл. 3 14:36:51 2024
Запись /dev/ttyMI0;19  1e  37  ;ср июл. 3 14:36:51 2024
Запись /dev/ttyMI0;1a  1e  38  ;ср июл. 3 14:36:51 2024
Запись /dev/ttyMI0;1b  1e  39  ;ср июл. 3 14:36:51 2024
Запись /dev/ttyMI0;1c  1e  3a  ;ср июл. 3 14:36:51 2024
Запись /dev/ttyMI0;1d  1e  3b  ;ср июл. 3 14:36:51 2024
Запись /dev/ttyMI0;1e  1e  3c  ;ср июл. 3 14:36:51 2024
Запись /dev/ttyMI0;1f  1e  3d  ;ср июл. 3 14:36:51 2024
Порт /dev/ttyMI0 закрыт;;ср июл. 3 14:36:57 2024
Порт /dev/ttyMI0 открыт;;ср июл. 3 14:44:41 2024
Запись /dev/ttyMI0;00  1e  1e  ;ср июл. 3 14:44:43 2024
Запись /dev/ttyMI0;01  1e  1f  ;ср июл. 3 14:44:43 2024
Запись /dev/ttyMI0;02  1e  20  ;ср июл. 3 14:44:43 2024
Запись /dev/ttyMI0;03  1e  21  ;ср июл. 3 14:44:43 2024
Запись /dev/ttyMI0;04  1e  22  ;ср июл. 3 14:44:43 2024
Запись /dev/ttyMI0;05  1e  23  ;ср июл. 3 14:44:44 2024
Запись /dev/ttyMI0;06  1e  24  ;ср июл. 3 14:44:44 2024
Запись /dev/ttyMI0;07  1e  25  ;ср июл. 3 14:44:44 2024
Запись /dev/ttyMI0;08  1e  26  ;ср июл. 3 14:44:44 2024
Запись /dev/ttyMI0;09  1e  27  ;ср июл. 3 14:44:44 2024
Запись /dev/ttyMI0;0a  1e  28  ;ср июл. 3 14:44:44 2024
Запись /dev/ttyMI0;0b  1e  29  ;ср июл. 3 14:44:44 2024
Запись /dev/ttyMI0;0c  1e  2a  ;ср июл. 3 14:44:44 2024
Запись /dev/ttyMI0;0d  1e  2b  ;ср июл. 3 14:44:44 2024
Запись /dev/ttyMI0;0e  1e  2c  ;ср июл. 3 14:44:45 2024
Запись /dev/ttyMI0;0f  1e  2d  ;ср июл. 3 14:44:45 2024
Запись /dev/ttyMI0;10  1e  2e  ;ср июл. 3 14:44:45 2024
Запись /dev/ttyMI0;11  1e  2f  ;ср июл. 3 14:44:45 2024
Запись /dev/ttyMI0;12  1e  30  ;ср июл. 3 14:44:45 2024
Запись /dev/ttyMI0;13  1e  31  ;ср июл. 3 14:44:45 2024
Запись /dev/ttyMI0;14  1e  32  ;ср июл. 3 14:44:45 2024
Запись /dev/ttyMI0;15  1e  33  ;ср июл. 3 14:44:45 2024
Запись /dev/ttyMI0;16  1e  34  ;ср июл. 3 14:44:45 2024
Запись /dev/ttyMI0;17  1e  35  ;ср июл. 3 14:44:45 2024
Запись /dev/ttyMI0;18  1e  36  ;ср июл. 3 14:44:46 2024
Запись /dev/ttyMI0;19  1e  37  ;ср июл. 3 14:44:46 2024
Запись /dev/ttyMI0;1a  1e  38  ;ср июл. 3 14:44:46 2024
Запись /dev/ttyMI0;1b  1e  39  ;ср июл. 3 14:44:46 2024
Запись /dev/ttyMI0;1c  1e  3a  ;ср июл. 3 14:44:46 2024
Запись /dev/ttyMI0;1d  1e  3b  ;ср июл. 3 14:44:46 2024
Запись /dev/ttyMI0;1e  1e  3c  ;ср июл. 3 14:44:46 2024
Запись /dev/ttyMI0;1f  1e  3d  ;ср июл. 3 14:44:46 2024
Порт /dev/ttyMI0 закрыт;;ср июл. 3 14:44:54 2024
Порт /dev/ttyMI0 открыт;;ср июл. 3 14:47:28 2024
Запись /dev/ttyMI0;00  1e  1e  ;ср июл. 3 14:47:30 2024
Запись /dev/ttyMI0;01  1e  1f  ;ср июл. 3 14:47:30 2024
Запись /dev/ttyMI0;02  1e  20  ;ср июл. 3 14:47:30 2024
Запись /dev/ttyMI0;03  1e  21  ;ср июл. 3 14:47:30 2024
Запись /dev/ttyMI0;04  1e  22  ;ср июл. 3 14:47:30 2024
Запись /dev/ttyMI0;05  1e  23  ;ср июл. 3 14:47:31 2024
Запись /dev/ttyMI0;06  1e  24  ;ср июл. 3 14:47:31 2024
Запись /dev/ttyMI0;07  1e  25  ;ср июл. 3 14:47:31 2024
Запись /dev/ttyMI0;08  1e  26  ;ср июл. 3 14:47:31 2024
Запись /dev/ttyMI0;09  1e  27  ;ср июл. 3 14:47:31 2024
Запись /dev/ttyMI0;0a  1e  28  ;ср июл. 3 14:47:31 2024
Запись /dev/ttyMI0;0b  1e  29  ;ср июл. 3 14:47:31 2024
Запись /dev/ttyMI0;0c  1e  2a  ;ср июл. 3 14:47:31 2024
Запись /dev/ttyMI0;0d  1e  2b  ;ср июл. 3 14:47:31 2024
Запись /dev/ttyMI0;0e  1e  2c  ;ср июл. 3 14:47:31 2024
Запись /dev/ttyMI0;0f  1e  2d  ;ср июл. 3 14:47:32 2024
Запись /dev/ttyMI0;10  1e  2e  ;ср июл. 3 14:47:32 2024
Запись /dev/ttyMI0;11  1e  2f  ;ср июл. 3 14:47:32 2024
Запись /dev/ttyMI0;12  1e  30  ;ср июл. 3 14:47:32 2024
Запись /dev/ttyMI0;13  1e  31  ;ср июл. 3 14:47:32 2024
Запись /dev/ttyMI0;14  1e  32  ;ср июл. 3 14:47:32 2024
Запись /dev/ttyMI0;15  1e  33  ;ср июл. 3 14:47:32 2024
Запись /dev/ttyMI0;16  1e  34  ;ср июл. 3 14:47:32 2024
Запись /dev/ttyMI0;17  1e  35  ;ср июл. 3 14:47:32 2024
Запись /dev/ttyMI0;18  1e  36  ;ср июл. 3 14:47:32 2024
Запись /dev/ttyMI0;19  1e  37  ;ср июл. 3 14:47:33 2024
Запись /dev/ttyMI0;1a  1e  38  ;ср июл. 3 14:47:33 2024
Запись /dev/ttyMI0;1b  1e  39  ;ср июл. 3 14:47:33 2024
Запись /dev/ttyMI0;1c  1e  3a  ;ср июл. 3 14:47:33 2024
Запись /dev/ttyMI0;1d  1e  3b  ;ср июл. 3 14:47:33 2024
Запись /dev/ttyMI0;1e  1e  3c  ;ср июл. 3 14:47:33 2024
Запись /dev/ttyMI0;1f  1e  3d  ;ср июл. 3 14:47:33 2024
Порт /dev/ttyMI0 закрыт;;ср июл. 3 14:47:39 2024
Порт /dev/ttyMI0 открыт;;чт июл. 4 10:57:20 2024
Запись /dev/ttyMI0;00  1e  1e  ;чт июл. 4 10:57:22 2024
Запись /dev/ttyMI0;01  1e  1f  ;чт июл. 4 10:57:23 2024
Запись /dev/ttyMI0;02  1e  20  ;чт июл. 4 10:57:23 2024
Запись /dev/ttyMI0;03  1e  21  ;чт июл. 4 10:57:23 2024
Запись /dev/ttyMI0;04  1e  22  ;чт июл. 4 10:57:23 2024
Запись /dev/ttyMI0;05  1e  23  ;чт июл. 4 10:57:23 2024
Запись /dev/ttyMI0;06  1e  24  ;чт июл. 4 10:57:23 2024
Запись /dev/ttyMI0;07  1e  25  ;чт июл. 4 10:57:23 2024
Запись /dev/ttyMI0;08  1e  26  ;чт июл. 4 10:57:23 2024
Запись /dev/ttyMI0;09  1e  27  ;чт июл. 4 10:57:23 2024
Запись /dev/ttyMI0;0a  1e  28  ;чт июл. 4 10:57:24 2024
Запись /dev/ttyMI0;0b  1e  29  ;чт июл. 4 10:57:24 2024
Запись /dev/ttyMI0;0c  1e  2a  ;чт июл. 4 10:57:24 2024
Запись /dev/ttyMI0;0d  1e  2b  ;чт июл. 4 10:57:24 2024
Запись /dev/ttyMI0;0e  1e  2c  ;чт июл. 4 10:57:24 2024
Запись /dev/ttyMI0;0f  1e  2d  ;чт июл. 4 10:57:24 2024
Запись /dev/ttyMI0;10  1e  2e  ;чт июл. 4 10:57:24 2024
Запись /dev/ttyMI0;11  1e  2f  ;чт июл. 4 10:57:24 2024
Запись /dev/ttyMI0;12  1e  30  ;чт июл. 4 10:57:24 2024
Запись /dev/ttyMI0;13  1e  31  ;чт июл. 4 10:57:24 2024
Запись /dev/ttyMI0;14  1e  32  ;чт июл. 4 10:57:25 2024
Запись /dev/ttyMI0;15  1e  33  ;чт июл. 4 10:57:25 2024
Запись /dev/ttyMI0;16  1e  34  ;чт июл. 4 10:57:25 2024
Запись /dev/ttyMI0;17  1e  35  ;чт июл. 4 10:57:25 2024
Запись /dev/ttyMI0;18  1e  36  ;чт июл. 4 10:57:25 2024
Запись /dev/ttyMI0;19  1e  37  ;чт июл. 4 10:57:25 2024
Запись /dev/ttyMI0;1a  1e  38  ;чт июл. 4 10:57:25 2024
Запись /dev/ttyMI0;1b  1e  39  ;чт июл. 4 10:57:25 2024
Запись /dev/ttyMI0;1c  1e  3a  ;чт июл. 4 10:57:25 2024
Запись /dev/ttyMI0;1d  1e  3b  ;чт июл. 4 10:57:25 2024
Запись /dev/ttyMI0;1e  1e  3c  ;чт июл. 4 10:57:26 2024
Запись /dev/ttyMI0;1f  1e  3d  ;чт июл. 4 10:57:26 2024
Порт /dev/ttyMI0 закрыт;;чт июл. 4 10:57:32 2024
Порт /dev/ttyMI0 открыт;;чт июл. 4 10:59:43 2024
Запись /dev/ttyMI0;00  1e  1e  ;чт июл. 4 10:59:46 2024
Запись /dev/ttyMI0;01  1e  1f  ;чт июл. 4 10:59:47 2024
Запись /dev/ttyMI0;02  1e  20  ;чт июл. 4 10:59:47 2024
Запись /dev/ttyMI0;03  1e  21  ;чт июл. 4 10:59:47 2024
Запись /dev/ttyMI0;04  1e  22  ;чт июл. 4 10:59:47 2024
Запись /dev/ttyMI0;05  1e  23  ;чт июл. 4 10:59:47 2024
Запись /dev/ttyMI0;06  1e  24  ;чт июл. 4 10:59:47 2024
Запись /dev/ttyMI0;07  1e  25  ;чт июл. 4 10:59:47 2024
Запись /dev/ttyMI0;08  1e  26  ;чт июл. 4 10:59:47 2024
Запись /dev/ttyMI0;09  1e  27  ;чт июл. 4 10:59:47 2024
Запись /dev/ttyMI0;0a  1e  28  ;чт июл. 4 10:59:48 2024
Запись /dev/ttyMI0;0b  1e  29  ;чт июл. 4 10:59:48 2024
Запись /dev/ttyMI0;0c  1e  2a  ;чт июл. 4 10:59:48 2024
Запись /dev/ttyMI0;0d  1e  2b  ;чт июл. 4 10:59:48 2024
Запись /dev/ttyMI0;0e  1e  2c  ;чт июл. 4 10:59:48 2024
Запись /dev/ttyMI0;0f  1e  2d  ;чт июл. 4 10:59:48 2024
Запись /dev/ttyMI0;10  1e  2e  ;чт июл. 4 10:59:48 2024
Запись /dev/ttyMI0;11  1e  2f  ;чт июл. 4 10:59:48 2024
Запись /dev/ttyMI0;12  1e  30  ;чт июл. 4 10:59:48 2024
Запись /dev/ttyMI0;13  1e  31  ;чт июл. 4 10:59:48 2024
Запись /dev/ttyMI0;14  1e  32  ;чт июл. 4 10:59:49 2024
Запись /dev/ttyMI0;15  1e  33  ;чт июл. 4 10:59:49 2024
Запись /dev/ttyMI0;16  1e  34  ;чт июл. 4 10:59:49 2024
Запись /dev/ttyMI0;17  1e  35  ;чт июл. 4 10:59:49 2024
Запись /dev/ttyMI0;18  1e  36  ;чт июл. 4 10:59:49 2024
Запись /dev/ttyMI0;19  1e  37  ;чт июл. 4 10:59:49 2024
Запись /dev/ttyMI0;1a  1e  38  ;чт июл. 4 10:59:49 2024
Запись /dev/ttyMI0;1b  1e  39  ;чт июл. 4 10:59:49 2024
Запись /dev/ttyMI0;1c  1e  3a  ;чт июл. 4 10:59:49 2024
Запись /dev/ttyMI0;1d  1e  3b  ;чт июл. 4 10:59:49 2024
Запись /dev/ttyMI0;1e  1e  3c  ;чт июл. 4 10:59:50 2024
Запись /dev/ttyMI0;1f  1e  3d  ;чт июл. 4 10:59:50 2024
Порт /dev/ttyMI0 закрыт;;чт июл. 4 10:59:56 2024
Порт /dev/ttyMI0 открыт;;чт июл. 4 11:02:15 2024
Запись /dev/ttyMI0;00  1e  1e  ;чт июл. 4 11:02:17 2024
Запись /dev/ttyMI0;01  1e  1f  ;чт июл. 4 11:02:17 2024
Запись /dev/ttyMI0;02  1e  20  ;чт июл. 4 11:02:17 2024
Запись /dev/ttyMI0;03  1e  21  ;чт июл. 4 11:02:17 2024
Запись /dev/ttyMI0;04  1e  22  ;чт июл. 4 11:02:17 2024
Запись /dev/ttyMI0;05  1e  23  ;чт июл. 4 11:02:17 2024
Запись /dev/ttyMI0;06  1e  24  ;чт июл. 4 11:02:18 2024
Запись /dev/ttyMI0;07  1e  25  ;чт июл. 4 11:02:18 2024
Запись /dev/ttyMI0;08  1e  26  ;чт июл. 4 11:02:18 2024
Запись /dev/ttyMI0;09  1e  27  ;чт июл. 4 11:02:18 2024
Запись /dev/ttyMI0;0a  1e  28  ;чт июл. 4 11:02:18 2024
Запись /dev/ttyMI0;0b  1e  29  ;чт июл. 4 11:02:18 2024
Запись /dev/ttyMI0;0c  1e  2a  ;чт июл. 4 11:02:18 2024
Запись /dev/ttyMI0;0d  1e  2b  ;чт июл. 4 11:02:18 2024
Запись /dev/ttyMI0;0e  1e  2c  ;чт июл. 4 11:02:18 2024
Запись /dev/ttyMI0;0f  1e  2d  ;чт июл. 4 11:02:18 2024
Запись /dev/ttyMI0;10  1e  2e  ;чт июл. 4 11:02:19 2024
Запись /dev/ttyMI0;11  1e  2f  ;чт июл. 4 11:02:19 2024
Запись /dev/ttyMI0;12  1e  30  ;чт июл. 4 11:02:19 2024
Запись /dev/ttyMI0;13  1e  31  ;чт июл. 4 11:02:19 2024
Запись /dev/ttyMI0;14  1e  32  ;чт июл. 4 11:02:19 2024
Запись /dev/ttyMI0;15  1e  33  ;чт июл. 4 11:02:19 2024
Запись /dev/ttyMI0;16  1e  34  ;чт июл. 4 11:02:19 2024
Запись /dev/ttyMI0;17  1e  35  ;чт июл. 4 11:02:19 2024
Запись /dev/ttyMI0;18  1e  36  ;чт июл. 4 11:02:19 2024
Запись /dev/ttyMI0;19  1e  37  ;чт июл. 4 11:02:20 2024
Запись /dev/ttyMI0;1a  1e  38  ;чт июл. 4 11:02:20 2024
Запись /dev/ttyMI0;1b  1e  39  ;чт июл. 4 11:02:20 2024
Запись /dev/ttyMI0;1c  1e  3a  ;чт июл. 4 11:02:20 2024
Запись /dev/ttyMI0;1d  1e  3b  ;чт июл. 4 11:02:20 2024
Запись /dev/ttyMI0;1e  1e  3c  ;чт июл. 4 11:02:20 2024
Запись /dev/ttyMI0;1f  1e  3d  ;чт июл. 4 11:02:20 2024
Порт /dev/ttyMI0 закрыт;;чт июл. 4 11:02:26 2024
Порт /dev/ttyMI0 открыт;;чт июл. 4 11:04:12 2024
Запись /dev/ttyMI0;00  1e  1e  ;чт июл. 4 11:04:15 2024
Запись /dev/ttyMI0;01  1e  1f  ;чт июл. 4 11:04:15 2024
Запись /dev/ttyMI0;02  1e  20  ;чт июл. 4 11:04:15 2024
Запись /dev/ttyMI0;03  1e  21  ;чт июл. 4 11:04:15 2024
Запись /dev/ttyMI0;04  1e  22  ;чт июл. 4 11:04:15 2024
Запись /dev/ttyMI0;05  1e  23  ;чт июл. 4 11:04:16 2024
Запись /dev/ttyMI0;06  1e  24  ;чт июл. 4 11:04:16 2024
Запись /dev/ttyMI0;07  1e  25  ;чт июл. 4 11:04:16 2024
Запись /dev/ttyMI0;08  1e  26  ;чт июл. 4 11:04:16 2024
Запись /dev/ttyMI0;09  1e  27  ;чт июл. 4 11:04:16 2024
Запись /dev/ttyMI0;0a  1e  28  ;чт июл. 4 11:04:16 2024
Запись /dev/ttyMI0;0b  1e  29  ;чт июл. 4 11:04:16 2024
Запись /dev/ttyMI0;0c  1e  2a  ;чт июл. 4 11:04:16 2024
Запись /dev/ttyMI0;0d  1e  2b  ;чт июл. 4 11:04:16 2024
Запись /dev/ttyMI0;0e  1e  2c  ;чт июл. 4 11:04:16 2024
Запись /dev/ttyMI0;0f  1e  2d  ;чт июл. 4 11:04:17 2024
Запись /dev/ttyMI0;10  1e  2e  ;чт июл. 4 11:04:17 2024
Запись /dev/ttyMI0;11  1e  2f  ;чт июл. 4 11:04:17 2024
Запись /dev/ttyMI0;12  1e  30  ;чт июл. 4 11:04:17 2024
Запись /dev/ttyMI0;13  1e  31  ;чт июл. 4 11:04:17 2024
Запись /dev/ttyMI0;14  1e  32  ;чт июл. 4 11:04:17 2024
Запись /dev/ttyMI0;15  1e  33  ;чт июл. 4 11:04:17 2024
Запись /dev/ttyMI0;16  1e  34  ;чт июл. 4 11:04:17 2024
Запись /dev/ttyMI0;17  1e  35  ;чт июл. 4 11:04:17 2024
Запись /dev/ttyMI0;18  1e  36  ;чт июл. 4 11:04:18 2024
Запись /dev/ttyMI0;19  1e  37  ;чт июл. 4 11:04:18 2024
Запись /dev/ttyMI0;1a  1e  38  ;чт июл. 4 11:04:18 2024
Запись /dev/ttyMI0;1b  1e  39  ;чт июл. 4 11:04:18 2024
Запись /dev/ttyMI0;1c  1e  3a  ;чт июл. 4 11:04:18 2024
Запись /dev/ttyMI0;1d  1e  3b  ;чт июл. 4 11:04:18 2024
Запись /dev/ttyMI0;1e  1e  3c  ;чт июл. 4 11:04:18 2024
Запись /dev/ttyMI0;1f  1e  3d  ;чт июл. 4 11:04:18 2024
Порт /dev/ttyMI0 закрыт;;чт июл. 4 11:04:25 2024
Порт /dev/ttyMI0 открыт;;чт июл. 4 11:08:46 2024
Запись /dev/ttyMI0;00  1e  1e  ;чт июл. 4 11:08:50 2024
Запись /dev/ttyMI0;01  1e  1f  ;чт июл. 4 11:08:50 2024
Запись /dev/ttyMI0;02  1e  20  ;чт июл. 4 11:08:50 2024
Запись /dev/ttyMI0;03  1e  21  ;чт июл. 4 11:08:50 2024
Запись /dev/ttyMI0;04  1e  22  ;чт июл. 4 11:08:50 2024
Запись /dev/ttyMI0;05  1e  23  ;чт июл. 4 11:08:50 2024
Запись /dev/ttyMI0;06  1e  24  ;чт июл. 4 11:08:50 2024
Запись /dev/ttyMI0;07  1e  25  ;чт июл. 4 11:08:50 2024
Запись /dev/ttyMI0;08  1e  26  ;чт июл. 4 11:08:51 2024
Запись /dev/ttyMI0;09  1e  27  ;чт июл. 4 11:08:51 2024
Запись /dev/ttyMI0;0a  1e  28  ;чт июл. 4 11:08:51 2024
Запись /dev/ttyMI0;0b  1e  29  ;чт июл. 4 11:08:51 2024
Запись /dev/ttyMI0;0c  1e  2a  ;чт июл. 4 11:08:51 2024
Запись /dev/ttyMI0;0d  1e  2b  ;чт июл. 4 11:08:51 2024
Запись /dev/ttyMI0;0e  1e  2c  ;чт июл. 4 11:08:51 2024
Запись /dev/ttyMI0;0f  1e  2d  ;чт июл. 4 11:08:51 2024
Запись /dev/ttyMI0;10  1e  2e  ;чт июл. 4 11:08:51 2024
Запись /dev/ttyMI0;11  1e  2f  ;чт июл. 4 11:08:51 2024
Запись /dev/ttyMI0;12  1e  30  ;чт июл. 4 11:08:52 2024
Запись /dev/ttyMI0;13  1e  31  ;чт июл. 4 11:08:52 2024
Запись /dev/ttyMI0;14  1e  32  ;чт июл. 4 11:08:52 2024
Запись /dev/ttyMI0;15  1e  33  ;чт июл. 4 11:08:52 2024
Запись /dev/ttyMI0;16  1e  34  ;чт июл. 4 11:08:52 2024
Запись /dev/ttyMI0;17  1e  35  ;чт июл. 4 11:08:52 2024
Запись /dev/ttyMI0;18  1e  36  ;чт июл. 4 11:08:52 2024
Запись /dev/ttyMI0;19  1e  37  ;чт июл. 4 11:08:52 2024
Запись /dev/ttyMI0;1a  1e  38  ;чт июл. 4 11:08:52 2024
Запись /dev/ttyMI0;1b  1e  39  ;чт июл. 4 11:08:53 2024
Запись /dev/ttyMI0;1c  1e  3a  ;чт июл. 4 11:08:53 2024
Запись /dev/ttyMI0;1d  1e  3b  ;чт июл. 4 11:08:53 2024
Запись /dev/ttyMI0;1e  1e  3c  ;чт июл. 4 11:08:53 2024
Запись /dev/ttyMI0;1f  1e  3d  ;чт июл. 4 11:08:53 2024
Порт /dev/ttyMI0 закрыт;;чт июл. 4 11:09:01 2024
Порт /dev/ttyMI0 открыт;;чт июл. 4 11:35:52 2024
Запись /dev/ttyMI0;00  1e  1e  ;чт июл. 4 11:35:55 2024
Запись /dev/ttyMI0;01  1e  1f  ;чт июл. 4 11:35:55 2024
Запись /dev/ttyMI0;02  1e  20  ;чт июл. 4 11:35:55 2024
Запись /dev/ttyMI0;03  1e  21  ;чт июл. 4 11:35:55 2024
Запись /dev/ttyMI0;04  1e  22  ;чт июл. 4 11:35:55 2024
Запись /dev/ttyMI0;05  1e  23  ;чт июл. 4 11:35:55 2024
Запись /dev/ttyMI0;06  1e  24  ;чт июл. 4 11:35:55 2024
Запись /dev/ttyMI0;07  1e  25  ;чт июл. 4 11:35:56 2024
Запись /dev/ttyMI0;08  1e  26  ;чт июл. 4 11:35:56 2024
Запись /dev/ttyMI0;09  1e  27  ;чт июл. 4 11:35:56 2024
Запись /dev/ttyMI0;0a  1e  28  ;чт июл. 4 11:35:56 2024
Запись /dev/ttyMI0;0b  1e  29  ;чт июл. 4 11:35:56 2024
Запись /dev/ttyMI0;0c  1e  2a  ;чт июл. 4 11:35:56 2024
Запись /dev/ttyMI0;0d  1e  2b  ;чт июл. 4 11:35:56 2024
Запись /dev/ttyMI0;0e  1e  2c  ;чт июл. 4 11:35:56 2024
Запись /dev/ttyMI0;0f  1e  2d  ;чт июл. 4 11:35:56 2024
Запись /dev/ttyMI0;10  1e  2e  ;чт июл. 4 11:35:56 2024
Запись /dev/ttyMI0;11  1e  2f  ;чт июл. 4 11:35:57 2024
Запись /dev/ttyMI0;12  1e  30  ;чт июл. 4 11:35:57 2024
Запись /dev/ttyMI0;13  1e  31  ;чт июл. 4 11:35:57 2024
Запись /dev/ttyMI0;14  1e  32  ;чт июл. 4 11:35:57 2024
Запись /dev/ttyMI0;15  1e  33  ;чт июл. 4 11:35:57 2024
Запись /dev/ttyMI0;16  1e  34  ;чт июл. 4 11:35:57 2024
Запись /dev/ttyMI0;17  1e  35  ;чт июл. 4 11:35:57 2024
Запись /dev/ttyMI0;18  1e  36  ;чт июл. 4 11:35:57 2024
Запись /dev/ttyMI0;19  1e  37  ;чт июл. 4 11:35:57 2024
Запись /dev/ttyMI0;1a  1e  38  ;чт июл. 4 11:35:57 2024
Запись /dev/ttyMI0;1b  1e  39  ;чт июл. 4 11:35:58 2024
Запись /dev/ttyMI0;1c  1e  3a  ;чт июл. 4 11:35:58 2024
Запись /dev/ttyMI0;1d  1e  3b  ;чт июл. 4 11:35:58 2024
Запись /dev/ttyMI0;1e  1e  3c  ;чт июл. 4 11:35:58 2024
Запись /dev/ttyMI0;1f  1e  3d  ;чт июл. 4 11:35:58 2024
Порт /dev/ttyMI0 закрыт;;чт июл. 4 11:36:11 2024
Порт /dev/ttyMI0 открыт;;пн июл. 8 11:34:28 2024
Запись /dev/ttyMI0;00  1e  1e  ;пн июл. 8 11:34:33 2024
Запись /dev/ttyMI0;01  1e  1f  ;пн июл. 8 11:34:33 2024
Запись /dev/ttyMI0;02  1e  20  ;пн июл. 8 11:34:33 2024
Запись /dev/ttyMI0;03  1e  21  ;пн июл. 8 11:34:33 2024
Запись /dev/ttyMI0;04  1e  22  ;пн июл. 8 11:34:33 2024
Запись /dev/ttyMI0;05  1e  23  ;пн июл. 8 11:34:33 2024
Запись /dev/ttyMI0;06  1e  24  ;пн июл. 8 11:34:33 2024
Запись /dev/ttyMI0;07  1e  25  ;пн июл. 8 11:34:33 2024
Запись /dev/ttyMI0;08  1e  26  ;пн июл. 8 11:34:34 2024
Запись /dev/ttyMI0;09  1e  27  ;пн июл. 8 11:34:34 2024
Запись /dev/ttyMI0;0a  1e  28  ;пн июл. 8 11:34:34 2024
Запись /dev/ttyMI0;0b  1e  29  ;пн июл. 8 11:34:34 2024
Запись /dev/ttyMI0;0c  1e  2a  ;пн июл. 8 11:34:34 2024
Запись /dev/ttyMI0;0d  1e  2b  ;пн июл. 8 11:34:34 2024
Запись /dev/ttyMI0;0e  1e  2c  ;пн июл. 8 11:34:34 2024
Запись /dev/ttyMI0;0f  1e  2d  ;пн июл. 8 11:34:34 2024
Запись /dev/ttyMI0;10  1e  2e  ;пн июл. 8 11:34:34 2024
Запись /dev/ttyMI0;11  1e  2f  ;пн июл. 8 11:34:34 2024
Запись /dev/ttyMI0;12  1e  30  ;пн июл. 8 11:34:35 2024
Запись /dev/ttyMI0;13  1e  31  ;пн июл. 8 11:34:35 2024
Запись /dev/ttyMI0;14  1e  32  ;пн июл. 8 11:34:35 2024
Запись /dev/ttyMI0;15  1e  33  ;пн июл. 8 11:34:35 2024
Запись /dev/ttyMI0;16  1e  34  ;пн июл. 8 11:34:35 2024
Запись /dev/ttyMI0;17  1e  35  ;пн июл. 8 11:34:35 2024
Запись /dev/ttyMI0;18  1e  36  ;пн июл. 8 11:34:35 2024
Запись /dev/ttyMI0;19  1e  37  ;пн июл. 8 11:34:35 2024
Запись /dev/ttyMI0;1a  1e  38  ;пн июл. 8 11:34:35 2024
Запись /dev/ttyMI0;1b  1e  39  ;пн июл. 8 11:34:35 2024
Запись /dev/ttyMI0;1c  1e  3a  ;пн июл. 8 11:34:36 2024
Запись /dev/ttyMI0;1d  1e  3b  ;пн июл. 8 11:34:36 2024
Запись /dev/ttyMI0;1e  1e  3c  ;пн июл. 8 11:34:36 2024
Запись /dev/ttyMI0;1f  1e  3d  ;пн июл. 8 11:34:36 2024
Порт /dev/ttyMI0 закрыт;;пн июл. 8 11:34:51 2024
Порт /dev/ttyMI0 открыт;;пн июл. 8 11:48:10 2024
Запись /dev/ttyMI0;00  1e  1e  ;пн июл. 8 11:48:13 2024
Запись /dev/ttyMI0;01  1e  1f  ;пн июл. 8 11:48:13 2024
Запись /dev/ttyMI0;02  1e  20  ;пн июл. 8 11:48:13 2024
Запись /dev/ttyMI0;03  1e  21  ;пн июл. 8 11:48:13 2024
Запись /dev/ttyMI0;04  1e  22  ;пн июл. 8 11:48:13 2024
Запись /dev/ttyMI0;05  1e  23  ;пн июл. 8 11:48:13 2024
Запись /dev/ttyMI0;06  1e  24  ;пн июл. 8 11:48:13 2024
Запись /dev/ttyMI0;07  1e  25  ;пн июл. 8 11:48:13 2024
Запись /dev/ttyMI0;08  1e  26  ;пн июл. 8 11:48:14 2024
Запись /dev/ttyMI0;09  1e  27  ;пн июл. 8 11:48:14 2024
Запись /dev/ttyMI0;0a  1e  28  ;пн июл. 8 11:48:14 2024
Запись /dev/ttyMI0;0b  1e  29  ;пн июл. 8 11:48:14 2024
Запись /dev/ttyMI0;0c  1e  2a  ;пн июл. 8 11:48:14 2024
Запись /dev/ttyMI0;0d  1e  2b  ;пн июл. 8 11:48:14 2024
Запись /dev/ttyMI0;0e  1e  2c  ;пн июл. 8 11:48:14 2024
Запись /dev/ttyMI0;0f  1e  2d  ;пн июл. 8 11:48:14 2024
Запись /dev/ttyMI0;10  1e  2e  ;пн июл. 8 11:48:14 2024
Запись /dev/ttyMI0;11  1e  2f  ;пн июл. 8 11:48:14 2024
Запись /dev/ttyMI0;12  1e  30  ;пн июл. 8 11:48:15 2024
Запись /dev/ttyMI0;13  1e  31  ;пн июл. 8 11:48:15 2024
Запись /dev/ttyMI0;14  1e  32  ;пн июл. 8 11:48:15 2024
Запись /dev/ttyMI0;15  1e  33  ;пн июл. 8 11:48:15 2024
Запись /dev/ttyMI0;16  1e  34  ;пн июл. 8 11:48:15 2024
Запись /dev/ttyMI0;17  1e  35  ;пн июл. 8 11:48:15 2024
Запись /dev/ttyMI0;18  1e  36  ;пн июл. 8 11:48:15 2024
Запись /dev/ttyMI0;19  1e  37  ;пн июл. 8 11:48:15 2024
Запись /dev/ttyMI0;1a  1e  38  ;пн июл. 8 11:48:15 2024
Запись /dev/ttyMI0;1b  1e  39  ;пн июл. 8 11:48:15 2024
Запись /dev/ttyMI0;1c  1e  3a  ;пн июл. 8 11:48:16 2024
Запись /dev/ttyMI0;1d  1e  3b  ;пн июл. 8 11:48:16 2024
Запись /dev/ttyMI0;1e  1e  3c  ;пн июл. 8 11:48:16 2024
Запись /dev/ttyMI0;1f  1e  3d  ;пн июл. 8 11:48:16 2024
Порт /dev/ttyMI0 закрыт;;пн июл. 8 11:48:23 2024
Порт /dev/ttyMI0 открыт;;пн июл. 8 12:07:00 2024
Порт /dev/ttyMI0 закрыт;;пн июл. 8 12:07:07 2024
Порт /dev/ttyMI0 открыт;;пн июл. 8 12:07:24 2024
Порт /dev/ttyMI0 закрыт;;пн июл. 8 12:07:28 2024
Порт /dev/ttyMI0 открыт;;пн июл. 8 12:07:42 2024
Порт /dev/ttyMI0 закрыт;;пн июл. 8 12:07:54 2024
Порт /dev/ttyMI0 открыт;;пн июл. 8 12:08:07 2024
Порт /dev/ttyMI0 закрыт;;пн июл. 8 12:08:12 2024
Порт /dev/ttyMI0 открыт;;пн июл. 8 12:08:27 2024
Порт /dev/ttyMI0 закрыт;;пн июл. 8 12:08:30 2024
Порт /dev/ttyMI0 открыт;;пн июл. 8 12:08:47 2024
Порт /dev/ttyMI0 закрыт;;пн июл. 8 12:08:51 2024
Порт /dev/ttyMI0 открыт;;пн июл. 8 12:09:11 2024
Порт /dev/ttyMI0 закрыт;;пн июл. 8 12:09:13 2024
Порт /dev/ttyMI0 открыт;;пн июл. 8 12:09:27 2024
Порт /dev/ttyMI0 закрыт;;пн июл. 8 12:09:30 2024
Порт /dev/ttyMI0 открыт;;пн июл. 8 12:10:29 2024
Порт /dev/ttyMI0 закрыт;;пн июл. 8 12:10:33 2024
Порт /dev/ttyMI0 открыт;;пн июл. 8 12:10:49 2024
Порт /dev/ttyMI0 закрыт;;пн июл. 8 12:10:53 2024
Порт /dev/ttyMI0 открыт;;пн июл. 8 12:11:12 2024
Порт /dev/ttyMI0 закрыт;;пн июл. 8 12:11:20 2024
Порт /dev/ttyMI0 открыт;;пн июл. 8 12:11:40 2024
Порт /dev/ttyMI0 закрыт;;пн июл. 8 12:11:44 2024
Порт /dev/ttyMI0 открыт;;пн июл. 8 12:11:58 2024
Порт /dev/ttyMI0 закрыт;;пн июл. 8 12:12:01 2024
Порт /dev/ttyMI0 открыт;;пн июл. 8 12:12:21 2024
Порт /dev/ttyMI0 закрыт;;пн июл. 8 12:12:24 2024
Порт /dev/ttyMI0 открыт;;пн июл. 8 12:12:39 2024
Порт /dev/ttyMI0 закрыт;;пн июл. 8 12:12:44 2024
Порт /dev/ttyMI0 открыт;;пн июл. 8 12:12:56 2024
Порт /dev/ttyMI0 закрыт;;пн июл. 8 12:13:03 2024
Порт /dev/ttyMI0 открыт;;пн июл. 8 12:13:16 2024
Порт /dev/ttyMI0 закрыт;;пн июл. 8 12:13:20 2024
Порт /dev/ttyMI0 открыт;;пн июл. 8 12:13:54 2024
Порт /dev/ttyMI0 закрыт;;пн июл. 8 12:14:12 2024
Порт /dev/ttyMI0 открыт;;пн июл. 8 12:14:30 2024
Порт /dev/ttyMI0 закрыт;;пн июл. 8 12:14:34 2024
Порт /dev/ttyMI0 открыт;;пн июл. 8 12:16:38 2024
Порт /dev/ttyMI0 закрыт;;пн июл. 8 12:16:43 2024
Порт /dev/ttyMI0 открыт;;пн июл. 8 12:19:21 2024
Порт /dev/ttyMI0 закрыт;;пн июл. 8 12:19:23 2024
Порт /dev/ttyMI0 открыт;;пн июл. 8 12:19:44 2024
Порт /dev/ttyMI0 закрыт;;пн июл. 8 12:19:48 2024
Порт /dev/ttyMI0 открыт;;пн июл. 8 12:20:02 2024
Порт /dev/ttyMI0 закрыт;;пн июл. 8 12:20:06 2024
Порт /dev/ttyMI0 открыт;;пн июл. 8 12:21:09 2024
Запись /dev/ttyMI0;00  1e  1e  ;пн июл. 8 12:21:11 2024
Запись /dev/ttyMI0;01  1e  1f  ;пн июл. 8 12:21:11 2024
Запись /dev/ttyMI0;02  1e  20  ;пн июл. 8 12:21:11 2024
Запись /dev/ttyMI0;03  1e  21  ;пн июл. 8 12:21:11 2024
Запись /dev/ttyMI0;04  1e  22  ;пн июл. 8 12:21:11 2024
Запись /dev/ttyMI0;05  1e  23  ;пн июл. 8 12:21:12 2024
Запись /dev/ttyMI0;06  1e  24  ;пн июл. 8 12:21:12 2024
Запись /dev/ttyMI0;07  1e  25  ;пн июл. 8 12:21:12 2024
Запись /dev/ttyMI0;08  1e  26  ;пн июл. 8 12:21:12 2024
Запись /dev/ttyMI0;09  1e  27  ;пн июл. 8 12:21:12 2024
Запись /dev/ttyMI0;0a  1e  28  ;пн июл. 8 12:21:12 2024
Запись /dev/ttyMI0;0b  1e  29  ;пн июл. 8 12:21:12 2024
Запись /dev/ttyMI0;0c  1e  2a  ;пн июл. 8 12:21:12 2024
Запись /dev/ttyMI0;0d  1e  2b  ;пн июл. 8 12:21:12 2024
Запись /dev/ttyMI0;0e  1e  2c  ;пн июл. 8 12:21:12 2024
Запись /dev/ttyMI0;0f  1e  2d  ;пн июл. 8 12:21:13 2024
Запись /dev/ttyMI0;10  1e  2e  ;пн июл. 8 12:21:13 2024
Запись /dev/ttyMI0;11  1e  2f  ;пн июл. 8 12:21:13 2024
Запись /dev/ttyMI0;12  1e  30  ;пн июл. 8 12:21:13 2024
Запись /dev/ttyMI0;13  1e  31  ;пн июл. 8 12:21:13 2024
Запись /dev/ttyMI0;14  1e  32  ;пн июл. 8 12:21:13 2024
Запись /dev/ttyMI0;15  1e  33  ;пн июл. 8 12:21:13 2024
Запись /dev/ttyMI0;16  1e  34  ;пн июл. 8 12:21:13 2024
Запись /dev/ttyMI0;17  1e  35  ;пн июл. 8 12:21:13 2024
Запись /dev/ttyMI0;18  1e  36  ;пн июл. 8 12:21:13 2024
Запись /dev/ttyMI0;19  1e  37  ;пн июл. 8 12:21:14 2024
Запись /dev/ttyMI0;1a  1e  38  ;пн июл. 8 12:21:14 2024
Запись /dev/ttyMI0;1b  1e  39  ;пн июл. 8 12:21:14 2024
Запись /dev/ttyMI0;1c  1e  3a  ;пн июл. 8 12:21:14 2024
Запись /dev/ttyMI0;1d  1e  3b  ;пн июл. 8 12:21:14 2024
Запись /dev/ttyMI0;1e  1e  3c  ;пн июл. 8 12:21:14 2024
Запись /dev/ttyMI0;1f  1e  3d  ;пн июл. 8 12:21:14 2024
Порт /dev/ttyMI0 закрыт;;пн июл. 8 12:21:20 2024
Порт /dev/ttyMI0 открыт;;пн июл. 8 12:21:43 2024
Запись /dev/ttyMI0;00  1e  1e  ;пн июл. 8 12:21:45 2024
Запись /dev/ttyMI0;01  1e  1f  ;пн июл. 8 12:21:46 2024
Запись /dev/ttyMI0;02  1e  20  ;пн июл. 8 12:21:46 2024
Запись /dev/ttyMI0;03  1e  21  ;пн июл. 8 12:21:46 2024
Запись /dev/ttyMI0;04  1e  22  ;пн июл. 8 12:21:46 2024
Запись /dev/ttyMI0;05  1e  23  ;пн июл. 8 12:21:46 2024
Запись /dev/ttyMI0;06  1e  24  ;пн июл. 8 12:21:46 2024
Запись /dev/ttyMI0;07  1e  25  ;пн июл. 8 12:21:46 2024
Запись /dev/ttyMI0;08  1e  26  ;пн июл. 8 12:21:46 2024
Запись /dev/ttyMI0;09  1e  27  ;пн июл. 8 12:21:46 2024
Запись /dev/ttyMI0;0a  1e  28  ;пн июл. 8 12:21:46 2024
Запись /dev/ttyMI0;0b  1e  29  ;пн июл. 8 12:21:47 2024
Запись /dev/ttyMI0;0c  1e  2a  ;пн июл. 8 12:21:47 2024
Запись /dev/ttyMI0;0d  1e  2b  ;пн июл. 8 12:21:47 2024
Запись /dev/ttyMI0;0e  1e  2c  ;пн июл. 8 12:21:47 2024
Запись /dev/ttyMI0;0f  1e  2d  ;пн июл. 8 12:21:47 2024
Запись /dev/ttyMI0;10  1e  2e  ;пн июл. 8 12:21:47 2024
Запись /dev/ttyMI0;11  1e  2f  ;пн июл. 8 12:21:47 2024
Запись /dev/ttyMI0;12  1e  30  ;пн июл. 8 12:21:47 2024
Запись /dev/ttyMI0;13  1e  31  ;пн июл. 8 12:21:47 2024
Запись /dev/ttyMI0;14  1e  32  ;пн июл. 8 12:21:47 2024
Запись /dev/ttyMI0;15  1e  33  ;пн июл. 8 12:21:48 2024
Запись /dev/ttyMI0;16  1e  34  ;пн июл. 8 12:21:48 2024
Запись /dev/ttyMI0;17  1e  35  ;пн июл. 8 12:21:48 2024
Запись /dev/ttyMI0;18  1e  36  ;пн июл. 8 12:21:48 2024
Запись /dev/ttyMI0;19  1e  37  ;пн июл. 8 12:21:48 2024
Запись /dev/ttyMI0;1a  1e  38  ;пн июл. 8 12:21:48 2024
Запись /dev/ttyMI0;1b  1e  39  ;пн июл. 8 12:21:48 2024
Запись /dev/ttyMI0;1c  1e  3a  ;пн июл. 8 12:21:48 2024
Запись /dev/ttyMI0;1d  1e  3b  ;пн июл. 8 12:21:48 2024
Запись /dev/ttyMI0;1e  1e  3c  ;пн июл. 8 12:21:48 2024
Запись /dev/ttyMI0;1f  1e  3d  ;пн июл. 8 12:21:49 2024
Порт /dev/ttyMI0 закрыт;;пн июл. 8 12:21:58 2024
Порт /dev/ttyMI0 открыт;;пн июл. 8 12:24:19 2024
Запись /dev/ttyMI0;00  1e  1e  ;пн июл. 8 12:24:22 2024
Запись /dev/ttyMI0;01  1e  1f  ;пн июл. 8 12:24:22 2024
Запись /dev/ttyMI0;02  1e  20  ;пн июл. 8 12:24:22 2024
Запись /dev/ttyMI0;03  1e  21  ;пн июл. 8 12:24:23 2024
Запись /dev/ttyMI0;04  1e  22  ;пн июл. 8 12:24:23 2024
Запись /dev/ttyMI0;05  1e  23  ;пн июл. 8 12:24:23 2024
Запись /dev/ttyMI0;06  1e  24  ;пн июл. 8 12:24:23 2024
Запись /dev/ttyMI0;07  1e  25  ;пн июл. 8 12:24:23 2024
Запись /dev/ttyMI0;08  1e  26  ;пн июл. 8 12:24:23 2024
Запись /dev/ttyMI0;09  1e  27  ;пн июл. 8 12:24:23 2024
Запись /dev/ttyMI0;0a  1e  28  ;пн июл. 8 12:24:23 2024
Запись /dev/ttyMI0;0b  1e  29  ;пн июл. 8 12:24:23 2024
Запись /dev/ttyMI0;0c  1e  2a  ;пн июл. 8 12:24:23 2024
Запись /dev/ttyMI0;0d  1e  2b  ;пн июл. 8 12:24:24 2024
Запись /dev/ttyMI0;0e  1e  2c  ;пн июл. 8 12:24:24 2024
Запись /dev/ttyMI0;0f  1e  2d  ;пн июл. 8 12:24:24 2024
Запись /dev/ttyMI0;10  1e  2e  ;пн июл. 8 12:24:24 2024
Запись /dev/ttyMI0;11  1e  2f  ;пн июл. 8 12:24:24 2024
Запись /dev/ttyMI0;12  1e  30  ;пн июл. 8 12:24:24 2024
Запись /dev/ttyMI0;13  1e  31  ;пн июл. 8 12:24:24 2024
Запись /dev/ttyMI0;14  1e  32  ;пн июл. 8 12:24:24 2024
Запись /dev/ttyMI0;15  1e  33  ;пн июл. 8 12:24:24 2024
Запись /dev/ttyMI0;16  1e  34  ;пн июл. 8 12:24:24 2024
Запись /dev/ttyMI0;17  1e  35  ;пн июл. 8 12:24:25 2024
Запись /dev/ttyMI0;18  1e  36  ;пн июл. 8 12:24:25 2024
Запись /dev/ttyMI0;19  1e  37  ;пн июл. 8 12:24:25 2024
Запись /dev/ttyMI0;1a  1e  38  ;пн июл. 8 12:24:25 2024
Запись /dev/ttyMI0;1b  1e  39  ;пн июл. 8 12:24:25 2024
Запись /dev/ttyMI0;1c  1e  3a  ;пн июл. 8 12:24:25 2024
Запись /dev/ttyMI0;1d  1e  3b  ;пн июл. 8 12:24:25 2024
Запись /dev/ttyMI0;1e  1e  3c  ;пн июл. 8 12:24:25 2024
Запись /dev/ttyMI0;1f  1e  3d  ;пн июл. 8 12:24:25 2024
Порт /dev/ttyMI0 закрыт;;пн июл. 8 12:24:31 2024
Порт /dev/ttyMI0 открыт;;пн июл. 8 16:23:42 2024
Запись /dev/ttyMI0;00  1e  1e  ;пн июл. 8 16:23:45 2024
Запись /dev/ttyMI0;01  1e  1f  ;пн июл. 8 16:23:45 2024
Запись /dev/ttyMI0;02  1e  20  ;пн июл. 8 16:23:45 2024
Запись /dev/ttyMI0;03  1e  21  ;пн июл. 8 16:23:46 2024
Запись /dev/ttyMI0;04  1e  22  ;пн июл. 8 16:23:46 2024
Запись /dev/ttyMI0;05  1e  23  ;пн июл. 8 16:23:46 2024
Запись /dev/ttyMI0;06  1e  24  ;пн июл. 8 16:23:46 2024
Запись /dev/ttyMI0;07  1e  25  ;пн июл. 8 16:23:46 2024
Запись /dev/ttyMI0;08  1e  26  ;пн июл. 8 16:23:46 2024
Запись /dev/ttyMI0;09  1e  27  ;пн июл. 8 16:23:46 2024
Запись /dev/ttyMI0;0a  1e  28  ;пн июл. 8 16:23:46 2024
Запись /dev/ttyMI0;0b  1e  29  ;пн июл. 8 16:23:46 2024
Запись /dev/ttyMI0;0c  1e  2a  ;пн июл. 8 16:23:46 2024
Запись /dev/ttyMI0;0d  1e  2b  ;пн июл. 8 16:23:47 2024
Запись /dev/ttyMI0;0e  1e  2c  ;пн июл. 8 16:23:47 2024
Запись /dev/ttyMI0;0f  1e  2d  ;пн июл. 8 16:23:47 2024
Запись /dev/ttyMI0;10  1e  2e  ;пн июл. 8 16:23:47 2024
Запись /dev/ttyMI0;11  1e  2f  ;пн июл. 8 16:23:47 2024
Запись /dev/ttyMI0;12  1e  30  ;пн июл. 8 16:23:47 2024
Запись /dev/ttyMI0;13  1e  31  ;пн июл. 8 16:23:47 2024
Запись /dev/ttyMI0;14  1e  32  ;пн июл. 8 16:23:47 2024
Запись /dev/ttyMI0;15  1e  33  ;пн июл. 8 16:23:47 2024
Запись /dev/ttyMI0;16  1e  34  ;пн июл. 8 16:23:47 2024
Запись /dev/ttyMI0;17  1e  35  ;пн июл. 8 16:23:48 2024
Запись /dev/ttyMI0;18  1e  36  ;пн июл. 8 16:23:48 2024
Запись /dev/ttyMI0;19  1e  37  ;пн июл. 8 16:23:48 2024
Запись /dev/ttyMI0;1a  1e  38  ;пн июл. 8 16:23:48 2024
Запись /dev/ttyMI0;1b  1e  39  ;пн июл. 8 16:23:48 2024
Запись /dev/ttyMI0;1c  1e  3a  ;пн июл. 8 16:23:48 2024
Запись /dev/ttyMI0;1d  1e  3b  ;пн июл. 8 16:23:48 2024
Запись /dev/ttyMI0;1e  1e  3c  ;пн июл. 8 16:23:48 2024
Запись /dev/ttyMI0;1f  1e  3d  ;пн июл. 8 16:23:48 2024
Порт /dev/ttyMI0 закрыт;;пн июл. 8 16:23:55 2024
Порт /dev/ttyMI0 открыт;;вт июл. 9 10:19:06 2024
Порт /dev/ttyMI0 закрыт;;вт июл. 9 10:19:09 2024
Порт /dev/ttyMI0 открыт;;вт июл. 9 10:20:41 2024
Порт /dev/ttyMI0 закрыт;;вт июл. 9 10:20:45 2024
Порт /dev/ttyMI0 открыт;;вт июл. 9 10:22:23 2024
Порт /dev/ttyMI0 закрыт;;вт июл. 9 10:22:26 2024
Порт /dev/ttyMI0 открыт;;вт июл. 9 10:22:44 2024
Порт /dev/ttyMI0 закрыт;;вт июл. 9 10:23:10 2024
Порт /dev/ttyMI0 открыт;;вт июл. 9 10:23:56 2024
Порт /dev/ttyMI0 закрыт;;вт июл. 9 10:24:00 2024
Порт /dev/ttyMI0 открыт;;вт июл. 9 10:29:30 2024
Порт /dev/ttyMI0 закрыт;;вт июл. 9 10:29:33 2024
Порт /dev/ttyMI0 открыт;;вт июл. 9 10:31:09 2024
Порт /dev/ttyMI0 закрыт;;вт июл. 9 10:31:14 2024
Порт /dev/ttyMI0 открыт;;вт июл. 9 10:42:27 2024
Порт /dev/ttyMI0 закрыт;;вт июл. 9 10:42:30 2024
Порт /dev/ttyMI0 открыт;;вт июл. 9 10:43:31 2024
Порт /dev/ttyMI0 закрыт;;вт июл. 9 10:43:36 2024
Порт /dev/ttyMI0 открыт;;вт июл. 9 10:45:09 2024
Порт /dev/ttyMI0 закрыт;;вт июл. 9 10:45:12 2024
Порт /dev/ttyMI0 открыт;;вт июл. 9 10:45:28 2024
Порт /dev/ttyMI0 закрыт;;вт июл. 9 10:45:37 2024
Порт /dev/ttyMI0 открыт;;вт июл. 9 11:20:44 2024
Запись /dev/ttyMI0;00  1e  1e  ;вт июл. 9 11:20:48 2024
Запись /dev/ttyMI0;01  1e  1f  ;вт июл. 9 11:20:48 2024
Запись /dev/ttyMI0;02  1e  20  ;вт июл. 9 11:20:48 2024
Запись /dev/ttyMI0;03  1e  21  ;вт июл. 9 11:20:48 2024
Запись /dev/ttyMI0;04  1e  22  ;вт июл. 9 11:20:48 2024
Запись /dev/ttyMI0;05  1e  23  ;вт июл. 9 11:20:48 2024
Запись /dev/ttyMI0;06  1e  24  ;вт июл. 9 11:20:48 2024
Запись /dev/ttyMI0;07  1e  25  ;вт июл. 9 11:20:48 2024
Запись /dev/ttyMI0;08  1e  26  ;вт июл. 9 11:20:49 2024
Запись /dev/ttyMI0;09  1e  27  ;вт июл. 9 11:20:49 2024
Запись /dev/ttyMI0;0a  1e  28  ;вт июл. 9 11:20:49 2024
Запись /dev/ttyMI0;0b  1e  29  ;вт июл. 9 11:20:49 2024
Запись /dev/ttyMI0;0c  1e  2a  ;вт июл. 9 11:20:49 2024
Запись /dev/ttyMI0;0d  1e  2b  ;вт июл. 9 11:20:49 2024
Запись /dev/ttyMI0;0e  1e  2c  ;вт июл. 9 11:20:49 2024
Запись /dev/ttyMI0;0f  1e  2d  ;вт июл. 9 11:20:49 2024
Запись /dev/ttyMI0;10  1e  2e  ;вт июл. 9 11:20:49 2024
Запись /dev/ttyMI0;11  1e  2f  ;вт июл. 9 11:20:49 2024
Запись /dev/ttyMI0;12  1e  30  ;вт июл. 9 11:20:50 2024
Запись /dev/ttyMI0;13  1e  31  ;вт июл. 9 11:20:50 2024
Запись /dev/ttyMI0;14  1e  32  ;вт июл. 9 11:20:50 2024
Запись /dev/ttyMI0;15  1e  33  ;вт июл. 9 11:20:50 2024
Запись /dev/ttyMI0;16  1e  34  ;вт июл. 9 11:20:50 2024
Запись /dev/ttyMI0;17  1e  35  ;вт июл. 9 11:20:50 2024
Запись /dev/ttyMI0;18  1e  36  ;вт июл. 9 11:20:50 2024
Запись /dev/ttyMI0;19  1e  37  ;вт июл. 9 11:20:50 2024
Запись /dev/ttyMI0;1a  1e  38  ;вт июл. 9 11:20:50 2024
Запись /dev/ttyMI0;1b  1e  39  ;вт июл. 9 11:20:50 2024
Запись /dev/ttyMI0;1c  1e  3a  ;вт июл. 9 11:20:51 2024
Запись /dev/ttyMI0;1d  1e  3b  ;вт июл. 9 11:20:51 2024
Запись /dev/ttyMI0;1e  1e  3c  ;вт июл. 9 11:20:51 2024
Запись /dev/ttyMI0;1f  1e  3d  ;вт июл. 9 11:20:51 2024
Запись /dev/ttyMI0;1f  ed  0c  ;вт июл. 9 11:21:10 2024
Запись /dev/ttyMI0;1f  02  21  ;вт июл. 9 11:21:13 2024
Порт /dev/ttyMI0 закрыт;;вт июл. 9 11:21:50 2024
Порт /dev/ttyMI0 открыт;;вт июл. 9 11:51:15 2024
Порт /dev/ttyMI0 закрыт;;вт июл. 9 11:51:19 2024
Порт /dev/ttyMI0 открыт;;вт июл. 9 12:03:34 2024
Порт /dev/ttyMI0 закрыт;;вт июл. 9 12:03:49 2024
Порт /dev/ttyMI0 открыт;;ср июл. 10 14:00:37 2024
Порт /dev/ttyMI0 закрыт;;ср июл. 10 14:00:43 2024
Порт /dev/ttyMI0 открыт;;чт июл. 11 16:02:20 2024
Запись /dev/ttyMI0;00  1e  1e  ;чт июл. 11 16:02:22 2024
Запись /dev/ttyMI0;01  1e  1f  ;чт июл. 11 16:02:22 2024
Запись /dev/ttyMI0;02  1e  20  ;чт июл. 11 16:02:22 2024
Запись /dev/ttyMI0;03  1e  21  ;чт июл. 11 16:02:22 2024
Запись /dev/ttyMI0;04  1e  22  ;чт июл. 11 16:02:22 2024
Запись /dev/ttyMI0;05  1e  23  ;чт июл. 11 16:02:22 2024
Запись /dev/ttyMI0;06  1e  24  ;чт июл. 11 16:02:23 2024
Запись /dev/ttyMI0;07  1e  25  ;чт июл. 11 16:02:23 2024
Запись /dev/ttyMI0;08  1e  26  ;чт июл. 11 16:02:23 2024
Запись /dev/ttyMI0;09  1e  27  ;чт июл. 11 16:02:23 2024
Запись /dev/ttyMI0;0a  1e  28  ;чт июл. 11 16:02:23 2024
Запись /dev/ttyMI0;0b  1e  29  ;чт июл. 11 16:02:23 2024
Запись /dev/ttyMI0;0c  1e  2a  ;чт июл. 11 16:02:23 2024
Запись /dev/ttyMI0;0d  1e  2b  ;чт июл. 11 16:02:23 2024
Запись /dev/ttyMI0;0e  1e  2c  ;чт июл. 11 16:02:23 2024
Запись /dev/ttyMI0;0f  1e  2d  ;чт июл. 11 16:02:23 2024
Запись /dev/ttyMI0;10  1e  2e  ;чт июл. 11 16:02:24 2024
Запись /dev/ttyMI0;11  1e  2f  ;чт июл. 11 16:02:24 2024
Запись /dev/ttyMI0;12  1e  30  ;чт июл. 11 16:02:24 2024
Запись /dev/ttyMI0;13  1e  31  ;чт июл. 11 16:02:24 2024
Запись /dev/ttyMI0;14  1e  32  ;чт июл. 11 16:02:24 2024
Запись /dev/ttyMI0;15  1e  33  ;чт июл. 11 16:02:24 2024
Запись /dev/ttyMI0;16  1e  34  ;чт июл. 11 16:02:24 2024
Запись /dev/ttyMI0;17  1e  35  ;чт июл. 11 16:02:24 2024
Запись /dev/ttyMI0;18  1e  36  ;чт июл. 11 16:02:24 2024
Запись /dev/ttyMI0;19  1e  37  ;чт июл. 11 16:02:24 2024
Запись /dev/ttyMI0;1a  1e  38  ;чт июл. 11 16:02:25 2024
Запись /dev/ttyMI0;1b  1e  39  ;чт июл. 11 16:02:25 2024
Запись /dev/ttyMI0;1c  1e  3a  ;чт июл. 11 16:02:25 2024
Запись /dev/ttyMI0;1d  1e  3b  ;чт июл. 11 16:02:25 2024
Запись /dev/ttyMI0;1e  1e  3c  ;чт июл. 11 16:02:25 2024
Запись /dev/ttyMI0;1f  1e  3d  ;чт июл. 11 16:02:25 2024
Порт /dev/ttyMI0 закрыт;;чт июл. 11 16:02:30 2024
Порт /dev/ttyMI0 открыт;;пт июл. 12 09:54:39 2024
Запись /dev/ttyMI0;00  1e  1e  ;пт июл. 12 09:54:40 2024
Запись /dev/ttyMI0;01  1e  1f  ;пт июл. 12 09:54:40 2024
Запись /dev/ttyMI0;02  1e  20  ;пт июл. 12 09:54:41 2024
Запись /dev/ttyMI0;03  1e  21  ;пт июл. 12 09:54:41 2024
Запись /dev/ttyMI0;04  1e  22  ;пт июл. 12 09:54:41 2024
Запись /dev/ttyMI0;05  1e  23  ;пт июл. 12 09:54:41 2024
Запись /dev/ttyMI0;06  1e  24  ;пт июл. 12 09:54:41 2024
Запись /dev/ttyMI0;07  1e  25  ;пт июл. 12 09:54:41 2024
Запись /dev/ttyMI0;08  1e  26  ;пт июл. 12 09:54:41 2024
Запись /dev/ttyMI0;09  1e  27  ;пт июл. 12 09:54:41 2024
Запись /dev/ttyMI0;0a  1e  28  ;пт июл. 12 09:54:41 2024
Запись /dev/ttyMI0;0b  1e  29  ;пт июл. 12 09:54:42 2024
Запись /dev/ttyMI0;0c  1e  2a  ;пт июл. 12 09:54:42 2024
Запись /dev/ttyMI0;0d  1e  2b  ;пт июл. 12 09:54:42 2024
Запись /dev/ttyMI0;0e  1e  2c  ;пт июл. 12 09:54:42 2024
Запись /dev/ttyMI0;0f  1e  2d  ;пт июл. 12 09:54:42 2024
Запись /dev/ttyMI0;10  1e  2e  ;пт июл. 12 09:54:42 2024
Запись /dev/ttyMI0;11  1e  2f  ;пт июл. 12 09:54:42 2024
Запись /dev/ttyMI0;12  1e  30  ;пт июл. 12 09:54:42 2024
Запись /dev/ttyMI0;13  1e  31  ;пт июл. 12 09:54:42 2024
Запись /dev/ttyMI0;14  1e  32  ;пт июл. 12 09:54:42 2024
Запись /dev/ttyMI0;15  1e  33  ;пт июл. 12 09:54:43 2024
Запись /dev/ttyMI0;16  1e  34  ;пт июл. 12 09:54:43 2024
Запись /dev/ttyMI0;17  1e  35  ;пт июл. 12 09:54:43 2024
Запись /dev/ttyMI0;18  1e  36  ;пт июл. 12 09:54:43 2024
Запись /dev/ttyMI0;19  1e  37  ;пт июл. 12 09:54:43 2024
Запись /dev/ttyMI0;1a  1e  38  ;пт июл. 12 09:54:43 2024
Запись /dev/ttyMI0;1b  1e  39  ;пт июл. 12 09:54:43 2024
Запись /dev/ttyMI0;1c  1e  3a  ;пт июл. 12 09:54:43 2024
Запись /dev/ttyMI0;1d  1e  3b  ;пт июл. 12 09:54:43 2024
Запись /dev/ttyMI0;1e  1e  3c  ;пт июл. 12 09:54:43 2024
Запись /dev/ttyMI0;1f  1e  3d  ;пт июл. 12 09:54:44 2024
Порт /dev/ttyMI0 закрыт;;пт июл. 12 09:55:25 2024
Порт /dev/ttyMI0 открыт;;пт июл. 12 09:55:57 2024
Запись /dev/ttyMI0;00  1e  1e  ;пт июл. 12 09:55:59 2024
Запись /dev/ttyMI0;01  1e  1f  ;пт июл. 12 09:55:59 2024
Запись /dev/ttyMI0;02  1e  20  ;пт июл. 12 09:55:59 2024
Запись /dev/ttyMI0;03  1e  21  ;пт июл. 12 09:55:59 2024
Запись /dev/ttyMI0;04  1e  22  ;пт июл. 12 09:55:59 2024
Запись /dev/ttyMI0;05  1e  23  ;пт июл. 12 09:55:59 2024
Запись /dev/ttyMI0;06  1e  24  ;пт июл. 12 09:56:00 2024
Запись /dev/ttyMI0;07  1e  25  ;пт июл. 12 09:56:00 2024
Запись /dev/ttyMI0;08  1e  26  ;пт июл. 12 09:56:00 2024
Запись /dev/ttyMI0;09  1e  27  ;пт июл. 12 09:56:00 2024
Запись /dev/ttyMI0;0a  1e  28  ;пт июл. 12 09:56:00 2024
Запись /dev/ttyMI0;0b  1e  29  ;пт июл. 12 09:56:00 2024
Запись /dev/ttyMI0;0c  1e  2a  ;пт июл. 12 09:56:00 2024
Запись /dev/ttyMI0;0d  1e  2b  ;пт июл. 12 09:56:00 2024
Запись /dev/ttyMI0;0e  1e  2c  ;пт июл. 12 09:56:00 2024
Запись /dev/ttyMI0;0f  1e  2d  ;пт июл. 12 09:56:00 2024
Запись /dev/ttyMI0;10  1e  2e  ;пт июл. 12 09:56:01 2024
Запись /dev/ttyMI0;11  1e  2f  ;пт июл. 12 09:56:01 2024
Запись /dev/ttyMI0;12  1e  30  ;пт июл. 12 09:56:01 2024
Запись /dev/ttyMI0;13  1e  31  ;пт июл. 12 09:56:01 2024
Запись /dev/ttyMI0;14  1e  32  ;пт июл. 12 09:56:01 2024
Запись /dev/ttyMI0;15  1e  33  ;пт июл. 12 09:56:01 2024
Запись /dev/ttyMI0;16  1e  34  ;пт июл. 12 09:56:01 2024
Запись /dev/ttyMI0;17  1e  35  ;пт июл. 12 09:56:01 2024
Запись /dev/ttyMI0;18  1e  36  ;пт июл. 12 09:56:01 2024
Запись /dev/ttyMI0;19  1e  37  ;пт июл. 12 09:56:01 2024
Запись /dev/ttyMI0;1a  1e  38  ;пт июл. 12 09:56:02 2024
Запись /dev/ttyMI0;1b  1e  39  ;пт июл. 12 09:56:02 2024
Запись /dev/ttyMI0;1c  1e  3a  ;пт июл. 12 09:56:02 2024
Запись /dev/ttyMI0;1d  1e  3b  ;пт июл. 12 09:56:02 2024
Запись /dev/ttyMI0;1e  1e  3c  ;пт июл. 12 09:56:02 2024
Запись /dev/ttyMI0;1f  1e  3d  ;пт июл. 12 09:56:02 2024
Порт /dev/ttyMI0 закрыт;;пт июл. 12 09:56:17 2024
Порт /dev/ttyMI0 открыт;;пт июл. 12 10:03:30 2024
Запись /dev/ttyMI0;00  1e  1e  ;пт июл. 12 10:03:31 2024
Запись /dev/ttyMI0;01  1e  1f  ;пт июл. 12 10:03:32 2024
Запись /dev/ttyMI0;02  1e  20  ;пт июл. 12 10:03:32 2024
Запись /dev/ttyMI0;03  1e  21  ;пт июл. 12 10:03:32 2024
Запись /dev/ttyMI0;04  1e  22  ;пт июл. 12 10:03:32 2024
Запись /dev/ttyMI0;05  1e  23  ;пт июл. 12 10:03:32 2024
Запись /dev/ttyMI0;06  1e  24  ;пт июл. 12 10:03:32 2024
Запись /dev/ttyMI0;07  1e  25  ;пт июл. 12 10:03:32 2024
Запись /dev/ttyMI0;08  1e  26  ;пт июл. 12 10:03:32 2024
Запись /dev/ttyMI0;09  1e  27  ;пт июл. 12 10:03:32 2024
Запись /dev/ttyMI0;0a  1e  28  ;пт июл. 12 10:03:33 2024
Запись /dev/ttyMI0;0b  1e  29  ;пт июл. 12 10:03:33 2024
Запись /dev/ttyMI0;0c  1e  2a  ;пт июл. 12 10:03:33 2024
Запись /dev/ttyMI0;0d  1e  2b  ;пт июл. 12 10:03:33 2024
Запись /dev/ttyMI0;0e  1e  2c  ;пт июл. 12 10:03:33 2024
Запись /dev/ttyMI0;0f  1e  2d  ;пт июл. 12 10:03:33 2024
Запись /dev/ttyMI0;10  1e  2e  ;пт июл. 12 10:03:33 2024
Запись /dev/ttyMI0;11  1e  2f  ;пт июл. 12 10:03:33 2024
Запись /dev/ttyMI0;12  1e  30  ;пт июл. 12 10:03:33 2024
Запись /dev/ttyMI0;13  1e  31  ;пт июл. 12 10:03:33 2024
Запись /dev/ttyMI0;14  1e  32  ;пт июл. 12 10:03:34 2024
Запись /dev/ttyMI0;15  1e  33  ;пт июл. 12 10:03:34 2024
Запись /dev/ttyMI0;16  1e  34  ;пт июл. 12 10:03:34 2024
Запись /dev/ttyMI0;17  1e  35  ;пт июл. 12 10:03:34 2024
Запись /dev/ttyMI0;18  1e  36  ;пт июл. 12 10:03:34 2024
Запись /dev/ttyMI0;19  1e  37  ;пт июл. 12 10:03:34 2024
Запись /dev/ttyMI0;1a  1e  38  ;пт июл. 12 10:03:34 2024
Запись /dev/ttyMI0;1b  1e  39  ;пт июл. 12 10:03:34 2024
Запись /dev/ttyMI0;1c  1e  3a  ;пт июл. 12 10:03:34 2024
Запись /dev/ttyMI0;1d  1e  3b  ;пт июл. 12 10:03:34 2024
Запись /dev/ttyMI0;1e  1e  3c  ;пт июл. 12 10:03:35 2024
Запись /dev/ttyMI0;1f  1e  3d  ;пт июл. 12 10:03:35 2024
Порт /dev/ttyMI0 закрыт;;пт июл. 12 10:03:40 2024
Порт /dev/ttyMI0 открыт;;пт июл. 12 14:30:21 2024
Запись /dev/ttyMI0;00  1e  1e  ;пт июл. 12 14:30:25 2024
Запись /dev/ttyMI0;01  1e  1f  ;пт июл. 12 14:30:25 2024
Запись /dev/ttyMI0;02  1e  20  ;пт июл. 12 14:30:25 2024
Запись /dev/ttyMI0;03  1e  21  ;пт июл. 12 14:30:25 2024
Запись /dev/ttyMI0;04  1e  22  ;пт июл. 12 14:30:25 2024
Запись /dev/ttyMI0;05  1e  23  ;пт июл. 12 14:30:26 2024
Запись /dev/ttyMI0;06  1e  24  ;пт июл. 12 14:30:26 2024
Запись /dev/ttyMI0;07  1e  25  ;пт июл. 12 14:30:26 2024
Запись /dev/ttyMI0;08  1e  26  ;пт июл. 12 14:30:26 2024
Запись /dev/ttyMI0;09  1e  27  ;пт июл. 12 14:30:26 2024
Запись /dev/ttyMI0;0a  1e  28  ;пт июл. 12 14:30:26 2024
Запись /dev/ttyMI0;0b  1e  29  ;пт июл. 12 14:30:26 2024
Запись /dev/ttyMI0;0c  1e  2a  ;пт июл. 12 14:30:26 2024
Запись /dev/ttyMI0;0d  1e  2b  ;пт июл. 12 14:30:26 2024
Запись /dev/ttyMI0;0e  1e  2c  ;пт июл. 12 14:30:26 2024
Запись /dev/ttyMI0;0f  1e  2d  ;пт июл. 12 14:30:27 2024
Запись /dev/ttyMI0;10  1e  2e  ;пт июл. 12 14:30:27 2024
Запись /dev/ttyMI0;11  1e  2f  ;пт июл. 12 14:30:27 2024
Запись /dev/ttyMI0;12  1e  30  ;пт июл. 12 14:30:27 2024
Запись /dev/ttyMI0;13  1e  31  ;пт июл. 12 14:30:27 2024
Запись /dev/ttyMI0;14  1e  32  ;пт июл. 12 14:30:27 2024
Запись /dev/ttyMI0;15  1e  33  ;пт июл. 12 14:30:27 2024
Запись /dev/ttyMI0;16  1e  34  ;пт июл. 12 14:30:27 2024
Запись /dev/ttyMI0;17  1e  35  ;пт июл. 12 14:30:27 2024
Запись /dev/ttyMI0;18  1e  36  ;пт июл. 12 14:30:27 2024
Запись /dev/ttyMI0;19  1e  37  ;пт июл. 12 14:30:28 2024
Запись /dev/ttyMI0;1a  1e  38  ;пт июл. 12 14:30:28 2024
Запись /dev/ttyMI0;1b  1e  39  ;пт июл. 12 14:30:28 2024
Запись /dev/ttyMI0;1c  1e  3a  ;пт июл. 12 14:30:28 2024
Запись /dev/ttyMI0;1d  1e  3b  ;пт июл. 12 14:30:28 2024
Запись /dev/ttyMI0;1e  1e  3c  ;пт июл. 12 14:30:28 2024
Запись /dev/ttyMI0;1f  1e  3d  ;пт июл. 12 14:30:28 2024
Порт /dev/ttyMI0 закрыт;;пт июл. 12 14:30:39 2024
Порт /dev/ttyMI0 открыт;;пт июл. 12 14:43:19 2024
Запись /dev/ttyMI0;00  1e  1e  ;пт июл. 12 14:43:22 2024
Запись /dev/ttyMI0;01  1e  1f  ;пт июл. 12 14:43:22 2024
Запись /dev/ttyMI0;02  1e  20  ;пт июл. 12 14:43:22 2024
Запись /dev/ttyMI0;03  1e  21  ;пт июл. 12 14:43:23 2024
Запись /dev/ttyMI0;04  1e  22  ;пт июл. 12 14:43:23 2024
Запись /dev/ttyMI0;05  1e  23  ;пт июл. 12 14:43:23 2024
Запись /dev/ttyMI0;06  1e  24  ;пт июл. 12 14:43:23 2024
Запись /dev/ttyMI0;07  1e  25  ;пт июл. 12 14:43:23 2024
Запись /dev/ttyMI0;08  1e  26  ;пт июл. 12 14:43:23 2024
Запись /dev/ttyMI0;09  1e  27  ;пт июл. 12 14:43:23 2024
Запись /dev/ttyMI0;0a  1e  28  ;пт июл. 12 14:43:23 2024
Запись /dev/ttyMI0;0b  1e  29  ;пт июл. 12 14:43:23 2024
Запись /dev/ttyMI0;0c  1e  2a  ;пт июл. 12 14:43:23 2024
Запись /dev/ttyMI0;0d  1e  2b  ;пт июл. 12 14:43:24 2024
Запись /dev/ttyMI0;0e  1e  2c  ;пт июл. 12 14:43:24 2024
Запись /dev/ttyMI0;0f  1e  2d  ;пт июл. 12 14:43:24 2024
Запись /dev/ttyMI0;10  1e  2e  ;пт июл. 12 14:43:24 2024
Запись /dev/ttyMI0;11  1e  2f  ;пт июл. 12 14:43:24 2024
Запись /dev/ttyMI0;12  1e  30  ;пт июл. 12 14:43:24 2024
Запись /dev/ttyMI0;13  1e  31  ;пт июл. 12 14:43:24 2024
Запись /dev/ttyMI0;14  1e  32  ;пт июл. 12 14:43:24 2024
Запись /dev/ttyMI0;15  1e  33  ;пт июл. 12 14:43:24 2024
Запись /dev/ttyMI0;16  1e  34  ;пт июл. 12 14:43:24 2024
Запись /dev/ttyMI0;17  1e  35  ;пт июл. 12 14:43:25 2024
Запись /dev/ttyMI0;18  1e  36  ;пт июл. 12 14:43:25 2024
Запись /dev/ttyMI0;19  1e  37  ;пт июл. 12 14:43:25 2024
Запись /dev/ttyMI0;1a  1e  38  ;пт июл. 12 14:43:25 2024
Запись /dev/ttyMI0;1b  1e  39  ;пт июл. 12 14:43:25 2024
Запись /dev/ttyMI0;1c  1e  3a  ;пт июл. 12 14:43:25 2024
Запись /dev/ttyMI0;1d  1e  3b  ;пт июл. 12 14:43:25 2024
Запись /dev/ttyMI0;1e  1e  3c  ;пт июл. 12 14:43:25 2024
Запись /dev/ttyMI0;1f  1e  3d  ;пт июл. 12 14:43:25 2024
Запись /dev/ttyMI0;1f  ed  0c  ;пт июл. 12 14:43:55 2024
Запись /dev/ttyMI0;1f  02  21  ;пт июл. 12 14:43:59 2024
Порт /dev/ttyMI0 закрыт;;пт июл. 12 14:44:19 2024
Порт /dev/ttyMI0 открыт;;пт июл. 12 14:44:37 2024
Порт /dev/ttyMI0 закрыт;;пт июл. 12 14:44:42 2024
