Порт /dev/ttyMI2 открыт;;пн июл. 1 15:54:50 2024
Порт /dev/ttyMI2 закрыт;;пн июл. 1 15:55:06 2024
Порт /dev/ttyMI2 открыт;;пн июл. 1 16:35:12 2024
Порт /dev/ttyMI2 закрыт;;пн июл. 1 16:35:22 2024
Порт /dev/ttyMI2 открыт;;вт июл. 2 15:33:42 2024
Порт /dev/ttyMI2 закрыт;;вт июл. 2 15:34:04 2024
Порт /dev/ttyMI2 открыт;;вт июл. 2 15:50:43 2024
Порт /dev/ttyMI2 закрыт;;вт июл. 2 15:51:02 2024
Порт /dev/ttyMI2 открыт;;вт июл. 2 15:51:29 2024
Порт /dev/ttyMI2 закрыт;;вт июл. 2 15:51:41 2024
Порт /dev/ttyMI2 открыт;;вт июл. 2 15:52:00 2024
Порт /dev/ttyMI2 закрыт;;вт июл. 2 15:52:09 2024
Порт /dev/ttyMI2 открыт;;вт июл. 2 15:52:28 2024
Порт /dev/ttyMI2 закрыт;;вт июл. 2 15:52:45 2024
Порт /dev/ttyMI2 открыт;;вт июл. 2 15:53:35 2024
Порт /dev/ttyMI2 закрыт;;вт июл. 2 15:54:09 2024
Порт /dev/ttyMI2 открыт;;вт июл. 2 15:59:35 2024
Порт /dev/ttyMI2 закрыт;;вт июл. 2 15:59:47 2024
Порт /dev/ttyMI2 открыт;;вт июл. 2 16:00:25 2024
Порт /dev/ttyMI2 закрыт;;вт июл. 2 16:00:34 2024
Порт /dev/ttyMI2 открыт;;вт июл. 2 16:00:48 2024
Порт /dev/ttyMI2 закрыт;;вт июл. 2 16:00:50 2024
Порт /dev/ttyMI2 открыт;;вт июл. 2 16:16:54 2024
Порт /dev/ttyMI2 закрыт;;вт июл. 2 16:17:03 2024
Порт /dev/ttyMI2 открыт;;вт июл. 2 16:17:21 2024
Порт /dev/ttyMI2 закрыт;;вт июл. 2 16:17:26 2024
Порт /dev/ttyMI2 открыт;;вт июл. 2 16:17:41 2024
Порт /dev/ttyMI2 закрыт;;вт июл. 2 16:17:44 2024
Порт /dev/ttyMI2 открыт;;вт июл. 2 16:17:57 2024
Порт /dev/ttyMI2 закрыт;;вт июл. 2 16:17:59 2024
Порт /dev/ttyMI2 открыт;;вт июл. 2 16:18:15 2024
Порт /dev/ttyMI2 закрыт;;вт июл. 2 16:18:20 2024
Порт /dev/ttyMI2 открыт;;вт июл. 2 16:18:46 2024
Запись /dev/ttyMI2;1f  dd  fc  ;вт июл. 2 16:20:07 2024
Запись /dev/ttyMI2;1f  fd  1c  ;вт июл. 2 16:20:10 2024
Запись /dev/ttyMI2;1f  ed  0c  ;вт июл. 2 16:20:11 2024
Запись /dev/ttyMI2;00  1e  1e  ;вт июл. 2 16:20:24 2024
Запись /dev/ttyMI2;01  1e  1f  ;вт июл. 2 16:20:25 2024
Запись /dev/ttyMI2;02  1e  20  ;вт июл. 2 16:20:25 2024
Запись /dev/ttyMI2;03  1e  21  ;вт июл. 2 16:20:25 2024
Запись /dev/ttyMI2;04  1e  22  ;вт июл. 2 16:20:25 2024
Запись /dev/ttyMI2;05  1e  23  ;вт июл. 2 16:20:25 2024
Запись /dev/ttyMI2;06  1e  24  ;вт июл. 2 16:20:25 2024
Запись /dev/ttyMI2;07  1e  25  ;вт июл. 2 16:20:25 2024
Запись /dev/ttyMI2;08  1e  26  ;вт июл. 2 16:20:25 2024
Запись /dev/ttyMI2;09  1e  27  ;вт июл. 2 16:20:25 2024
Запись /dev/ttyMI2;0a  1e  28  ;вт июл. 2 16:20:25 2024
Запись /dev/ttyMI2;0b  1e  29  ;вт июл. 2 16:20:26 2024
Запись /dev/ttyMI2;0c  1e  2a  ;вт июл. 2 16:20:26 2024
Запись /dev/ttyMI2;0d  1e  2b  ;вт июл. 2 16:20:26 2024
Запись /dev/ttyMI2;0e  1e  2c  ;вт июл. 2 16:20:26 2024
Запись /dev/ttyMI2;0f  1e  2d  ;вт июл. 2 16:20:26 2024
Запись /dev/ttyMI2;10  1e  2e  ;вт июл. 2 16:20:26 2024
Запись /dev/ttyMI2;11  1e  2f  ;вт июл. 2 16:20:26 2024
Запись /dev/ttyMI2;12  1e  30  ;вт июл. 2 16:20:26 2024
Запись /dev/ttyMI2;13  1e  31  ;вт июл. 2 16:20:26 2024
Запись /dev/ttyMI2;14  1e  32  ;вт июл. 2 16:20:26 2024
Запись /dev/ttyMI2;15  1e  33  ;вт июл. 2 16:20:27 2024
Запись /dev/ttyMI2;16  1e  34  ;вт июл. 2 16:20:27 2024
Запись /dev/ttyMI2;17  1e  35  ;вт июл. 2 16:20:27 2024
Запись /dev/ttyMI2;18  1e  36  ;вт июл. 2 16:20:27 2024
Запись /dev/ttyMI2;19  1e  37  ;вт июл. 2 16:20:27 2024
Запись /dev/ttyMI2;1a  1e  38  ;вт июл. 2 16:20:27 2024
Запись /dev/ttyMI2;1b  1e  39  ;вт июл. 2 16:20:27 2024
Запись /dev/ttyMI2;1c  1e  3a  ;вт июл. 2 16:20:27 2024
Запись /dev/ttyMI2;1d  1e  3b  ;вт июл. 2 16:20:27 2024
Запись /dev/ttyMI2;1e  1e  3c  ;вт июл. 2 16:20:27 2024
Запись /dev/ttyMI2;1f  1e  3d  ;вт июл. 2 16:20:28 2024
Порт /dev/ttyMI2 закрыт;;вт июл. 2 16:20:46 2024
Порт /dev/ttyMI2 открыт;;вт июл. 2 16:20:58 2024
Порт /dev/ttyMI2 закрыт;;вт июл. 2 16:21:04 2024
Порт /dev/ttyMI2 открыт;;вт июл. 2 16:21:24 2024
Порт /dev/ttyMI2 закрыт;;вт июл. 2 16:24:21 2024
Порт /dev/ttyMI2 открыт;;чт июл. 4 11:54:56 2024
Запись /dev/ttyMI2;00  1e  1e  ;чт июл. 4 11:55:08 2024
Запись /dev/ttyMI2;01  1e  1f  ;чт июл. 4 11:55:08 2024
Запись /dev/ttyMI2;02  1e  20  ;чт июл. 4 11:55:08 2024
Запись /dev/ttyMI2;03  1e  21  ;чт июл. 4 11:55:08 2024
Запись /dev/ttyMI2;04  1e  22  ;чт июл. 4 11:55:08 2024
Запись /dev/ttyMI2;05  1e  23  ;чт июл. 4 11:55:08 2024
Запись /dev/ttyMI2;06  1e  24  ;чт июл. 4 11:55:08 2024
Запись /dev/ttyMI2;07  1e  25  ;чт июл. 4 11:55:09 2024
Запись /dev/ttyMI2;08  1e  26  ;чт июл. 4 11:55:09 2024
Запись /dev/ttyMI2;09  1e  27  ;чт июл. 4 11:55:09 2024
Запись /dev/ttyMI2;0a  1e  28  ;чт июл. 4 11:55:09 2024
Запись /dev/ttyMI2;0b  1e  29  ;чт июл. 4 11:55:09 2024
Запись /dev/ttyMI2;0c  1e  2a  ;чт июл. 4 11:55:09 2024
Запись /dev/ttyMI2;0d  1e  2b  ;чт июл. 4 11:55:09 2024
Запись /dev/ttyMI2;0e  1e  2c  ;чт июл. 4 11:55:09 2024
Запись /dev/ttyMI2;0f  1e  2d  ;чт июл. 4 11:55:09 2024
Запись /dev/ttyMI2;10  1e  2e  ;чт июл. 4 11:55:09 2024
Запись /dev/ttyMI2;11  1e  2f  ;чт июл. 4 11:55:10 2024
Запись /dev/ttyMI2;12  1e  30  ;чт июл. 4 11:55:10 2024
Запись /dev/ttyMI2;13  1e  31  ;чт июл. 4 11:55:10 2024
Запись /dev/ttyMI2;14  1e  32  ;чт июл. 4 11:55:10 2024
Запись /dev/ttyMI2;15  1e  33  ;чт июл. 4 11:55:10 2024
Запись /dev/ttyMI2;16  1e  34  ;чт июл. 4 11:55:10 2024
Запись /dev/ttyMI2;17  1e  35  ;чт июл. 4 11:55:10 2024
Запись /dev/ttyMI2;18  1e  36  ;чт июл. 4 11:55:10 2024
Запись /dev/ttyMI2;19  1e  37  ;чт июл. 4 11:55:10 2024
Запись /dev/ttyMI2;1a  1e  38  ;чт июл. 4 11:55:10 2024
Запись /dev/ttyMI2;1b  1e  39  ;чт июл. 4 11:55:11 2024
Запись /dev/ttyMI2;1c  1e  3a  ;чт июл. 4 11:55:11 2024
Запись /dev/ttyMI2;1d  1e  3b  ;чт июл. 4 11:55:11 2024
Запись /dev/ttyMI2;1e  1e  3c  ;чт июл. 4 11:55:11 2024
Запись /dev/ttyMI2;1f  1e  3d  ;чт июл. 4 11:55:11 2024
Порт /dev/ttyMI2 закрыт;;чт июл. 4 11:55:23 2024
Порт /dev/ttyMI2 открыт;;чт июл. 4 11:58:10 2024
Запись /dev/ttyMI2;00  1e  1e  ;чт июл. 4 11:58:17 2024
Запись /dev/ttyMI2;01  1e  1f  ;чт июл. 4 11:58:17 2024
Запись /dev/ttyMI2;02  1e  20  ;чт июл. 4 11:58:17 2024
Запись /dev/ttyMI2;03  1e  21  ;чт июл. 4 11:58:17 2024
Запись /dev/ttyMI2;04  1e  22  ;чт июл. 4 11:58:17 2024
Запись /dev/ttyMI2;05  1e  23  ;чт июл. 4 11:58:17 2024
Запись /dev/ttyMI2;06  1e  24  ;чт июл. 4 11:58:17 2024
Запись /dev/ttyMI2;07  1e  25  ;чт июл. 4 11:58:17 2024
Запись /dev/ttyMI2;08  1e  26  ;чт июл. 4 11:58:18 2024
Запись /dev/ttyMI2;09  1e  27  ;чт июл. 4 11:58:18 2024
Запись /dev/ttyMI2;0a  1e  28  ;чт июл. 4 11:58:18 2024
Запись /dev/ttyMI2;0b  1e  29  ;чт июл. 4 11:58:18 2024
Запись /dev/ttyMI2;0c  1e  2a  ;чт июл. 4 11:58:18 2024
Запись /dev/ttyMI2;0d  1e  2b  ;чт июл. 4 11:58:18 2024
Запись /dev/ttyMI2;0e  1e  2c  ;чт июл. 4 11:58:18 2024
Запись /dev/ttyMI2;0f  1e  2d  ;чт июл. 4 11:58:18 2024
Запись /dev/ttyMI2;10  1e  2e  ;чт июл. 4 11:58:18 2024
Запись /dev/ttyMI2;11  1e  2f  ;чт июл. 4 11:58:18 2024
Запись /dev/ttyMI2;12  1e  30  ;чт июл. 4 11:58:19 2024
Запись /dev/ttyMI2;13  1e  31  ;чт июл. 4 11:58:19 2024
Запись /dev/ttyMI2;14  1e  32  ;чт июл. 4 11:58:19 2024
Запись /dev/ttyMI2;15  1e  33  ;чт июл. 4 11:58:19 2024
Запись /dev/ttyMI2;16  1e  34  ;чт июл. 4 11:58:19 2024
Запись /dev/ttyMI2;17  1e  35  ;чт июл. 4 11:58:19 2024
Запись /dev/ttyMI2;18  1e  36  ;чт июл. 4 11:58:19 2024
Запись /dev/ttyMI2;19  1e  37  ;чт июл. 4 11:58:19 2024
Запись /dev/ttyMI2;1a  1e  38  ;чт июл. 4 11:58:19 2024
Запись /dev/ttyMI2;1b  1e  39  ;чт июл. 4 11:58:19 2024
Запись /dev/ttyMI2;1c  1e  3a  ;чт июл. 4 11:58:20 2024
Запись /dev/ttyMI2;1d  1e  3b  ;чт июл. 4 11:58:20 2024
Запись /dev/ttyMI2;1e  1e  3c  ;чт июл. 4 11:58:20 2024
Запись /dev/ttyMI2;1f  1e  3d  ;чт июл. 4 11:58:20 2024
Порт /dev/ttyMI2 закрыт;;чт июл. 4 11:58:24 2024
Порт /dev/ttyMI2 открыт;;чт июл. 4 11:59:09 2024
Запись /dev/ttyMI2;00  1e  1e  ;чт июл. 4 11:59:25 2024
Запись /dev/ttyMI2;01  1e  1f  ;чт июл. 4 11:59:25 2024
Запись /dev/ttyMI2;02  1e  20  ;чт июл. 4 11:59:25 2024
Запись /dev/ttyMI2;03  1e  21  ;чт июл. 4 11:59:25 2024
Запись /dev/ttyMI2;04  1e  22  ;чт июл. 4 11:59:25 2024
Запись /dev/ttyMI2;05  1e  23  ;чт июл. 4 11:59:26 2024
Запись /dev/ttyMI2;06  1e  24  ;чт июл. 4 11:59:26 2024
Запись /dev/ttyMI2;07  1e  25  ;чт июл. 4 11:59:26 2024
Запись /dev/ttyMI2;08  1e  26  ;чт июл. 4 11:59:26 2024
Запись /dev/ttyMI2;09  1e  27  ;чт июл. 4 11:59:26 2024
Запись /dev/ttyMI2;0a  1e  28  ;чт июл. 4 11:59:26 2024
Запись /dev/ttyMI2;0b  1e  29  ;чт июл. 4 11:59:26 2024
Запись /dev/ttyMI2;0c  1e  2a  ;чт июл. 4 11:59:26 2024
Запись /dev/ttyMI2;0d  1e  2b  ;чт июл. 4 11:59:26 2024
Запись /dev/ttyMI2;0e  1e  2c  ;чт июл. 4 11:59:26 2024
Запись /dev/ttyMI2;0f  1e  2d  ;чт июл. 4 11:59:27 2024
Запись /dev/ttyMI2;10  1e  2e  ;чт июл. 4 11:59:27 2024
Запись /dev/ttyMI2;11  1e  2f  ;чт июл. 4 11:59:27 2024
Запись /dev/ttyMI2;12  1e  30  ;чт июл. 4 11:59:27 2024
Запись /dev/ttyMI2;13  1e  31  ;чт июл. 4 11:59:27 2024
Запись /dev/ttyMI2;14  1e  32  ;чт июл. 4 11:59:27 2024
Запись /dev/ttyMI2;15  1e  33  ;чт июл. 4 11:59:27 2024
Запись /dev/ttyMI2;16  1e  34  ;чт июл. 4 11:59:27 2024
Запись /dev/ttyMI2;17  1e  35  ;чт июл. 4 11:59:27 2024
Запись /dev/ttyMI2;18  1e  36  ;чт июл. 4 11:59:27 2024
Запись /dev/ttyMI2;19  1e  37  ;чт июл. 4 11:59:28 2024
Запись /dev/ttyMI2;1a  1e  38  ;чт июл. 4 11:59:28 2024
Запись /dev/ttyMI2;1b  1e  39  ;чт июл. 4 11:59:28 2024
Запись /dev/ttyMI2;1c  1e  3a  ;чт июл. 4 11:59:28 2024
Запись /dev/ttyMI2;1d  1e  3b  ;чт июл. 4 11:59:28 2024
Запись /dev/ttyMI2;1e  1e  3c  ;чт июл. 4 11:59:28 2024
Запись /dev/ttyMI2;1f  1e  3d  ;чт июл. 4 11:59:28 2024
Порт /dev/ttyMI2 закрыт;;чт июл. 4 11:59:32 2024
Порт /dev/ttyMI2 открыт;;чт июл. 4 12:00:09 2024
Запись /dev/ttyMI2;00  1e  1e  ;чт июл. 4 12:00:15 2024
Запись /dev/ttyMI2;01  1e  1f  ;чт июл. 4 12:00:15 2024
Запись /dev/ttyMI2;02  1e  20  ;чт июл. 4 12:00:15 2024
Запись /dev/ttyMI2;03  1e  21  ;чт июл. 4 12:00:15 2024
Запись /dev/ttyMI2;04  1e  22  ;чт июл. 4 12:00:15 2024
Запись /dev/ttyMI2;05  1e  23  ;чт июл. 4 12:00:15 2024
Запись /dev/ttyMI2;06  1e  24  ;чт июл. 4 12:00:15 2024
Запись /dev/ttyMI2;07  1e  25  ;чт июл. 4 12:00:15 2024
Запись /dev/ttyMI2;08  1e  26  ;чт июл. 4 12:00:16 2024
Запись /dev/ttyMI2;09  1e  27  ;чт июл. 4 12:00:16 2024
Запись /dev/ttyMI2;0a  1e  28  ;чт июл. 4 12:00:16 2024
Запись /dev/ttyMI2;0b  1e  29  ;чт июл. 4 12:00:16 2024
Запись /dev/ttyMI2;0c  1e  2a  ;чт июл. 4 12:00:16 2024
Запись /dev/ttyMI2;0d  1e  2b  ;чт июл. 4 12:00:16 2024
Запись /dev/ttyMI2;0e  1e  2c  ;чт июл. 4 12:00:16 2024
Запись /dev/ttyMI2;0f  1e  2d  ;чт июл. 4 12:00:16 2024
Запись /dev/ttyMI2;10  1e  2e  ;чт июл. 4 12:00:16 2024
Запись /dev/ttyMI2;11  1e  2f  ;чт июл. 4 12:00:16 2024
Запись /dev/ttyMI2;12  1e  30  ;чт июл. 4 12:00:17 2024
Запись /dev/ttyMI2;13  1e  31  ;чт июл. 4 12:00:17 2024
Запись /dev/ttyMI2;14  1e  32  ;чт июл. 4 12:00:17 2024
Запись /dev/ttyMI2;15  1e  33  ;чт июл. 4 12:00:17 2024
Запись /dev/ttyMI2;16  1e  34  ;чт июл. 4 12:00:17 2024
Запись /dev/ttyMI2;17  1e  35  ;чт июл. 4 12:00:17 2024
Запись /dev/ttyMI2;18  1e  36  ;чт июл. 4 12:00:17 2024
Запись /dev/ttyMI2;19  1e  37  ;чт июл. 4 12:00:17 2024
Запись /dev/ttyMI2;1a  1e  38  ;чт июл. 4 12:00:17 2024
Запись /dev/ttyMI2;1b  1e  39  ;чт июл. 4 12:00:17 2024
Запись /dev/ttyMI2;1c  1e  3a  ;чт июл. 4 12:00:18 2024
Запись /dev/ttyMI2;1d  1e  3b  ;чт июл. 4 12:00:18 2024
Запись /dev/ttyMI2;1e  1e  3c  ;чт июл. 4 12:00:18 2024
Запись /dev/ttyMI2;1f  1e  3d  ;чт июл. 4 12:00:18 2024
Порт /dev/ttyMI2 закрыт;;чт июл. 4 12:00:23 2024
Порт /dev/ttyMI2 открыт;;чт июл. 4 12:01:25 2024
Запись /dev/ttyMI2;00  1e  1e  ;чт июл. 4 12:01:31 2024
Запись /dev/ttyMI2;01  1e  1f  ;чт июл. 4 12:01:31 2024
Запись /dev/ttyMI2;02  1e  20  ;чт июл. 4 12:01:31 2024
Запись /dev/ttyMI2;03  1e  21  ;чт июл. 4 12:01:31 2024
Запись /dev/ttyMI2;04  1e  22  ;чт июл. 4 12:01:32 2024
Запись /dev/ttyMI2;05  1e  23  ;чт июл. 4 12:01:32 2024
Запись /dev/ttyMI2;06  1e  24  ;чт июл. 4 12:01:32 2024
Запись /dev/ttyMI2;07  1e  25  ;чт июл. 4 12:01:32 2024
Запись /dev/ttyMI2;08  1e  26  ;чт июл. 4 12:01:32 2024
Запись /dev/ttyMI2;09  1e  27  ;чт июл. 4 12:01:32 2024
Запись /dev/ttyMI2;0a  1e  28  ;чт июл. 4 12:01:32 2024
Запись /dev/ttyMI2;0b  1e  29  ;чт июл. 4 12:01:32 2024
Запись /dev/ttyMI2;0c  1e  2a  ;чт июл. 4 12:01:32 2024
Запись /dev/ttyMI2;0d  1e  2b  ;чт июл. 4 12:01:32 2024
Запись /dev/ttyMI2;0e  1e  2c  ;чт июл. 4 12:01:33 2024
Запись /dev/ttyMI2;0f  1e  2d  ;чт июл. 4 12:01:33 2024
Запись /dev/ttyMI2;10  1e  2e  ;чт июл. 4 12:01:33 2024
Запись /dev/ttyMI2;11  1e  2f  ;чт июл. 4 12:01:33 2024
Запись /dev/ttyMI2;12  1e  30  ;чт июл. 4 12:01:33 2024
Запись /dev/ttyMI2;13  1e  31  ;чт июл. 4 12:01:33 2024
Запись /dev/ttyMI2;14  1e  32  ;чт июл. 4 12:01:33 2024
Запись /dev/ttyMI2;15  1e  33  ;чт июл. 4 12:01:33 2024
Запись /dev/ttyMI2;16  1e  34  ;чт июл. 4 12:01:33 2024
Запись /dev/ttyMI2;17  1e  35  ;чт июл. 4 12:01:34 2024
Запись /dev/ttyMI2;18  1e  36  ;чт июл. 4 12:01:34 2024
Запись /dev/ttyMI2;19  1e  37  ;чт июл. 4 12:01:34 2024
Запись /dev/ttyMI2;1a  1e  38  ;чт июл. 4 12:01:34 2024
Запись /dev/ttyMI2;1b  1e  39  ;чт июл. 4 12:01:34 2024
Запись /dev/ttyMI2;1c  1e  3a  ;чт июл. 4 12:01:34 2024
Запись /dev/ttyMI2;1d  1e  3b  ;чт июл. 4 12:01:34 2024
Запись /dev/ttyMI2;1e  1e  3c  ;чт июл. 4 12:01:34 2024
Запись /dev/ttyMI2;1f  1e  3d  ;чт июл. 4 12:01:34 2024
Порт /dev/ttyMI2 закрыт;;чт июл. 4 12:01:39 2024
Порт /dev/ttyMI2 открыт;;чт июл. 4 12:04:28 2024
Запись /dev/ttyMI2;00  1e  1e  ;чт июл. 4 12:04:34 2024
Запись /dev/ttyMI2;01  1e  1f  ;чт июл. 4 12:04:34 2024
Запись /dev/ttyMI2;02  1e  20  ;чт июл. 4 12:04:34 2024
Запись /dev/ttyMI2;03  1e  21  ;чт июл. 4 12:04:34 2024
Запись /dev/ttyMI2;04  1e  22  ;чт июл. 4 12:04:34 2024
Запись /dev/ttyMI2;05  1e  23  ;чт июл. 4 12:04:34 2024
Запись /dev/ttyMI2;06  1e  24  ;чт июл. 4 12:04:34 2024
Запись /dev/ttyMI2;07  1e  25  ;чт июл. 4 12:04:34 2024
Запись /dev/ttyMI2;08  1e  26  ;чт июл. 4 12:04:34 2024
Запись /dev/ttyMI2;09  1e  27  ;чт июл. 4 12:04:34 2024
Запись /dev/ttyMI2;0a  1e  28  ;чт июл. 4 12:04:35 2024
Запись /dev/ttyMI2;0b  1e  29  ;чт июл. 4 12:04:35 2024
Запись /dev/ttyMI2;0c  1e  2a  ;чт июл. 4 12:04:35 2024
Запись /dev/ttyMI2;0d  1e  2b  ;чт июл. 4 12:04:35 2024
Запись /dev/ttyMI2;0e  1e  2c  ;чт июл. 4 12:04:35 2024
Запись /dev/ttyMI2;0f  1e  2d  ;чт июл. 4 12:04:35 2024
Запись /dev/ttyMI2;10  1e  2e  ;чт июл. 4 12:04:35 2024
Запись /dev/ttyMI2;11  1e  2f  ;чт июл. 4 12:04:35 2024
Запись /dev/ttyMI2;12  1e  30  ;чт июл. 4 12:04:35 2024
Запись /dev/ttyMI2;13  1e  31  ;чт июл. 4 12:04:35 2024
Запись /dev/ttyMI2;14  1e  32  ;чт июл. 4 12:04:36 2024
Запись /dev/ttyMI2;15  1e  33  ;чт июл. 4 12:04:36 2024
Запись /dev/ttyMI2;16  1e  34  ;чт июл. 4 12:04:36 2024
Запись /dev/ttyMI2;17  1e  35  ;чт июл. 4 12:04:36 2024
Запись /dev/ttyMI2;18  1e  36  ;чт июл. 4 12:04:36 2024
Запись /dev/ttyMI2;19  1e  37  ;чт июл. 4 12:04:36 2024
Запись /dev/ttyMI2;1a  1e  38  ;чт июл. 4 12:04:36 2024
Запись /dev/ttyMI2;1b  1e  39  ;чт июл. 4 12:04:36 2024
Запись /dev/ttyMI2;1c  1e  3a  ;чт июл. 4 12:04:36 2024
Запись /dev/ttyMI2;1d  1e  3b  ;чт июл. 4 12:04:36 2024
Запись /dev/ttyMI2;1e  1e  3c  ;чт июл. 4 12:04:37 2024
Запись /dev/ttyMI2;1f  1e  3d  ;чт июл. 4 12:04:37 2024
Порт /dev/ttyMI2 закрыт;;чт июл. 4 12:04:40 2024
Порт /dev/ttyMI2 открыт;;чт июл. 4 13:52:34 2024
Запись /dev/ttyMI2;00  1e  1e  ;чт июл. 4 13:52:40 2024
Запись /dev/ttyMI2;01  1e  1f  ;чт июл. 4 13:52:41 2024
Запись /dev/ttyMI2;02  1e  20  ;чт июл. 4 13:52:41 2024
Запись /dev/ttyMI2;03  1e  21  ;чт июл. 4 13:52:41 2024
Запись /dev/ttyMI2;04  1e  22  ;чт июл. 4 13:52:41 2024
Запись /dev/ttyMI2;05  1e  23  ;чт июл. 4 13:52:41 2024
Запись /dev/ttyMI2;06  1e  24  ;чт июл. 4 13:52:41 2024
Запись /dev/ttyMI2;07  1e  25  ;чт июл. 4 13:52:41 2024
Запись /dev/ttyMI2;08  1e  26  ;чт июл. 4 13:52:41 2024
Запись /dev/ttyMI2;09  1e  27  ;чт июл. 4 13:52:41 2024
Запись /dev/ttyMI2;0a  1e  28  ;чт июл. 4 13:52:41 2024
Запись /dev/ttyMI2;0b  1e  29  ;чт июл. 4 13:52:42 2024
Запись /dev/ttyMI2;0c  1e  2a  ;чт июл. 4 13:52:42 2024
Запись /dev/ttyMI2;0d  1e  2b  ;чт июл. 4 13:52:42 2024
Запись /dev/ttyMI2;0e  1e  2c  ;чт июл. 4 13:52:42 2024
Запись /dev/ttyMI2;0f  1e  2d  ;чт июл. 4 13:52:42 2024
Запись /dev/ttyMI2;10  1e  2e  ;чт июл. 4 13:52:42 2024
Запись /dev/ttyMI2;11  1e  2f  ;чт июл. 4 13:52:42 2024
Запись /dev/ttyMI2;12  1e  30  ;чт июл. 4 13:52:42 2024
Запись /dev/ttyMI2;13  1e  31  ;чт июл. 4 13:52:42 2024
Запись /dev/ttyMI2;14  1e  32  ;чт июл. 4 13:52:42 2024
Запись /dev/ttyMI2;15  1e  33  ;чт июл. 4 13:52:43 2024
Запись /dev/ttyMI2;16  1e  34  ;чт июл. 4 13:52:43 2024
Запись /dev/ttyMI2;17  1e  35  ;чт июл. 4 13:52:43 2024
Запись /dev/ttyMI2;18  1e  36  ;чт июл. 4 13:52:43 2024
Запись /dev/ttyMI2;19  1e  37  ;чт июл. 4 13:52:43 2024
Запись /dev/ttyMI2;1a  1e  38  ;чт июл. 4 13:52:43 2024
Запись /dev/ttyMI2;1b  1e  39  ;чт июл. 4 13:52:43 2024
Запись /dev/ttyMI2;1c  1e  3a  ;чт июл. 4 13:52:43 2024
Запись /dev/ttyMI2;1d  1e  3b  ;чт июл. 4 13:52:43 2024
Запись /dev/ttyMI2;1e  1e  3c  ;чт июл. 4 13:52:43 2024
Запись /dev/ttyMI2;1f  1e  3d  ;чт июл. 4 13:52:44 2024
Порт /dev/ttyMI2 закрыт;;чт июл. 4 13:52:48 2024
Порт /dev/ttyMI2 открыт;;чт июл. 4 14:01:49 2024
Запись /dev/ttyMI2;00  1e  1e  ;чт июл. 4 14:01:55 2024
Запись /dev/ttyMI2;01  1e  1f  ;чт июл. 4 14:01:55 2024
Запись /dev/ttyMI2;02  1e  20  ;чт июл. 4 14:01:55 2024
Запись /dev/ttyMI2;03  1e  21  ;чт июл. 4 14:01:55 2024
Запись /dev/ttyMI2;04  1e  22  ;чт июл. 4 14:01:55 2024
Запись /dev/ttyMI2;05  1e  23  ;чт июл. 4 14:01:55 2024
Запись /dev/ttyMI2;06  1e  24  ;чт июл. 4 14:01:56 2024
Запись /dev/ttyMI2;07  1e  25  ;чт июл. 4 14:01:56 2024
Запись /dev/ttyMI2;08  1e  26  ;чт июл. 4 14:01:56 2024
Запись /dev/ttyMI2;09  1e  27  ;чт июл. 4 14:01:56 2024
Запись /dev/ttyMI2;0a  1e  28  ;чт июл. 4 14:01:56 2024
Запись /dev/ttyMI2;0b  1e  29  ;чт июл. 4 14:01:56 2024
Запись /dev/ttyMI2;0c  1e  2a  ;чт июл. 4 14:01:56 2024
Запись /dev/ttyMI2;0d  1e  2b  ;чт июл. 4 14:01:56 2024
Запись /dev/ttyMI2;0e  1e  2c  ;чт июл. 4 14:01:56 2024
Запись /dev/ttyMI2;0f  1e  2d  ;чт июл. 4 14:01:56 2024
Запись /dev/ttyMI2;10  1e  2e  ;чт июл. 4 14:01:57 2024
Запись /dev/ttyMI2;11  1e  2f  ;чт июл. 4 14:01:57 2024
Запись /dev/ttyMI2;12  1e  30  ;чт июл. 4 14:01:57 2024
Запись /dev/ttyMI2;13  1e  31  ;чт июл. 4 14:01:57 2024
Запись /dev/ttyMI2;14  1e  32  ;чт июл. 4 14:01:57 2024
Запись /dev/ttyMI2;15  1e  33  ;чт июл. 4 14:01:57 2024
Запись /dev/ttyMI2;16  1e  34  ;чт июл. 4 14:01:57 2024
Запись /dev/ttyMI2;17  1e  35  ;чт июл. 4 14:01:57 2024
Запись /dev/ttyMI2;18  1e  36  ;чт июл. 4 14:01:57 2024
Запись /dev/ttyMI2;19  1e  37  ;чт июл. 4 14:01:57 2024
Запись /dev/ttyMI2;1a  1e  38  ;чт июл. 4 14:01:58 2024
Запись /dev/ttyMI2;1b  1e  39  ;чт июл. 4 14:01:58 2024
Запись /dev/ttyMI2;1c  1e  3a  ;чт июл. 4 14:01:58 2024
Запись /dev/ttyMI2;1d  1e  3b  ;чт июл. 4 14:01:58 2024
Запись /dev/ttyMI2;1e  1e  3c  ;чт июл. 4 14:01:58 2024
Запись /dev/ttyMI2;1f  1e  3d  ;чт июл. 4 14:01:58 2024
Порт /dev/ttyMI2 закрыт;;чт июл. 4 14:02:04 2024
Порт /dev/ttyMI2 открыт;;чт июл. 4 14:18:00 2024
Запись /dev/ttyMI2;00  1e  1e  ;чт июл. 4 14:18:05 2024
Запись /dev/ttyMI2;01  1e  1f  ;чт июл. 4 14:18:05 2024
Запись /dev/ttyMI2;02  1e  20  ;чт июл. 4 14:18:05 2024
Запись /dev/ttyMI2;03  1e  21  ;чт июл. 4 14:18:05 2024
Запись /dev/ttyMI2;04  1e  22  ;чт июл. 4 14:18:05 2024
Запись /dev/ttyMI2;05  1e  23  ;чт июл. 4 14:18:05 2024
Запись /dev/ttyMI2;06  1e  24  ;чт июл. 4 14:18:05 2024
Запись /dev/ttyMI2;07  1e  25  ;чт июл. 4 14:18:06 2024
Запись /dev/ttyMI2;08  1e  26  ;чт июл. 4 14:18:06 2024
Запись /dev/ttyMI2;09  1e  27  ;чт июл. 4 14:18:06 2024
Запись /dev/ttyMI2;0a  1e  28  ;чт июл. 4 14:18:06 2024
Запись /dev/ttyMI2;0b  1e  29  ;чт июл. 4 14:18:06 2024
Запись /dev/ttyMI2;0c  1e  2a  ;чт июл. 4 14:18:06 2024
Запись /dev/ttyMI2;0d  1e  2b  ;чт июл. 4 14:18:06 2024
Запись /dev/ttyMI2;0e  1e  2c  ;чт июл. 4 14:18:06 2024
Запись /dev/ttyMI2;0f  1e  2d  ;чт июл. 4 14:18:06 2024
Запись /dev/ttyMI2;10  1e  2e  ;чт июл. 4 14:18:06 2024
Запись /dev/ttyMI2;11  1e  2f  ;чт июл. 4 14:18:07 2024
Запись /dev/ttyMI2;12  1e  30  ;чт июл. 4 14:18:07 2024
Запись /dev/ttyMI2;13  1e  31  ;чт июл. 4 14:18:07 2024
Запись /dev/ttyMI2;14  1e  32  ;чт июл. 4 14:18:07 2024
Запись /dev/ttyMI2;15  1e  33  ;чт июл. 4 14:18:07 2024
Запись /dev/ttyMI2;16  1e  34  ;чт июл. 4 14:18:07 2024
Запись /dev/ttyMI2;17  1e  35  ;чт июл. 4 14:18:07 2024
Запись /dev/ttyMI2;18  1e  36  ;чт июл. 4 14:18:07 2024
Запись /dev/ttyMI2;19  1e  37  ;чт июл. 4 14:18:07 2024
Запись /dev/ttyMI2;1a  1e  38  ;чт июл. 4 14:18:07 2024
Запись /dev/ttyMI2;1b  1e  39  ;чт июл. 4 14:18:08 2024
Запись /dev/ttyMI2;1c  1e  3a  ;чт июл. 4 14:18:08 2024
Запись /dev/ttyMI2;1d  1e  3b  ;чт июл. 4 14:18:08 2024
Запись /dev/ttyMI2;1e  1e  3c  ;чт июл. 4 14:18:08 2024
Запись /dev/ttyMI2;1f  1e  3d  ;чт июл. 4 14:18:08 2024
Порт /dev/ttyMI2 закрыт;;чт июл. 4 14:18:12 2024
Порт /dev/ttyMI2 открыт;;чт июл. 4 14:19:21 2024
Запись /dev/ttyMI2;00  1e  1e  ;чт июл. 4 14:19:26 2024
Запись /dev/ttyMI2;01  1e  1f  ;чт июл. 4 14:19:26 2024
Запись /dev/ttyMI2;02  1e  20  ;чт июл. 4 14:19:26 2024
Запись /dev/ttyMI2;03  1e  21  ;чт июл. 4 14:19:26 2024
Запись /dev/ttyMI2;04  1e  22  ;чт июл. 4 14:19:26 2024
Запись /dev/ttyMI2;05  1e  23  ;чт июл. 4 14:19:26 2024
Запись /dev/ttyMI2;06  1e  24  ;чт июл. 4 14:19:26 2024
Запись /dev/ttyMI2;07  1e  25  ;чт июл. 4 14:19:26 2024
Запись /dev/ttyMI2;08  1e  26  ;чт июл. 4 14:19:26 2024
Запись /dev/ttyMI2;09  1e  27  ;чт июл. 4 14:19:26 2024
Запись /dev/ttyMI2;0a  1e  28  ;чт июл. 4 14:19:27 2024
Запись /dev/ttyMI2;0b  1e  29  ;чт июл. 4 14:19:27 2024
Запись /dev/ttyMI2;0c  1e  2a  ;чт июл. 4 14:19:27 2024
Запись /dev/ttyMI2;0d  1e  2b  ;чт июл. 4 14:19:27 2024
Запись /dev/ttyMI2;0e  1e  2c  ;чт июл. 4 14:19:27 2024
Запись /dev/ttyMI2;0f  1e  2d  ;чт июл. 4 14:19:27 2024
Запись /dev/ttyMI2;10  1e  2e  ;чт июл. 4 14:19:27 2024
Запись /dev/ttyMI2;11  1e  2f  ;чт июл. 4 14:19:27 2024
Запись /dev/ttyMI2;12  1e  30  ;чт июл. 4 14:19:27 2024
Запись /dev/ttyMI2;13  1e  31  ;чт июл. 4 14:19:27 2024
Запись /dev/ttyMI2;14  1e  32  ;чт июл. 4 14:19:28 2024
Запись /dev/ttyMI2;15  1e  33  ;чт июл. 4 14:19:28 2024
Запись /dev/ttyMI2;16  1e  34  ;чт июл. 4 14:19:28 2024
Запись /dev/ttyMI2;17  1e  35  ;чт июл. 4 14:19:28 2024
Запись /dev/ttyMI2;18  1e  36  ;чт июл. 4 14:19:28 2024
Запись /dev/ttyMI2;19  1e  37  ;чт июл. 4 14:19:28 2024
Запись /dev/ttyMI2;1a  1e  38  ;чт июл. 4 14:19:28 2024
Запись /dev/ttyMI2;1b  1e  39  ;чт июл. 4 14:19:28 2024
Запись /dev/ttyMI2;1c  1e  3a  ;чт июл. 4 14:19:28 2024
Запись /dev/ttyMI2;1d  1e  3b  ;чт июл. 4 14:19:29 2024
Запись /dev/ttyMI2;1e  1e  3c  ;чт июл. 4 14:19:29 2024
Запись /dev/ttyMI2;1f  1e  3d  ;чт июл. 4 14:19:29 2024
Порт /dev/ttyMI2 закрыт;;чт июл. 4 14:19:33 2024
Порт /dev/ttyMI2 открыт;;чт июл. 4 14:20:43 2024
Порт /dev/ttyMI2 закрыт;;чт июл. 4 14:20:46 2024
Порт /dev/ttyMI2 открыт;;чт июл. 4 14:21:45 2024
Порт /dev/ttyMI2 закрыт;;чт июл. 4 14:21:49 2024
Порт /dev/ttyMI2 открыт;;чт июл. 4 14:24:54 2024
Запись /dev/ttyMI2;00  1e  1e  ;чт июл. 4 14:24:59 2024
Запись /dev/ttyMI2;01  1e  1f  ;чт июл. 4 14:25:00 2024
Запись /dev/ttyMI2;02  1e  20  ;чт июл. 4 14:25:00 2024
Запись /dev/ttyMI2;03  1e  21  ;чт июл. 4 14:25:00 2024
Запись /dev/ttyMI2;04  1e  22  ;чт июл. 4 14:25:00 2024
Запись /dev/ttyMI2;05  1e  23  ;чт июл. 4 14:25:00 2024
Запись /dev/ttyMI2;06  1e  24  ;чт июл. 4 14:25:00 2024
Запись /dev/ttyMI2;07  1e  25  ;чт июл. 4 14:25:00 2024
Запись /dev/ttyMI2;08  1e  26  ;чт июл. 4 14:25:00 2024
Запись /dev/ttyMI2;09  1e  27  ;чт июл. 4 14:25:00 2024
Запись /dev/ttyMI2;0a  1e  28  ;чт июл. 4 14:25:00 2024
Запись /dev/ttyMI2;0b  1e  29  ;чт июл. 4 14:25:01 2024
Запись /dev/ttyMI2;0c  1e  2a  ;чт июл. 4 14:25:01 2024
Запись /dev/ttyMI2;0d  1e  2b  ;чт июл. 4 14:25:01 2024
Запись /dev/ttyMI2;0e  1e  2c  ;чт июл. 4 14:25:01 2024
Запись /dev/ttyMI2;0f  1e  2d  ;чт июл. 4 14:25:01 2024
Запись /dev/ttyMI2;10  1e  2e  ;чт июл. 4 14:25:01 2024
Запись /dev/ttyMI2;11  1e  2f  ;чт июл. 4 14:25:01 2024
Запись /dev/ttyMI2;12  1e  30  ;чт июл. 4 14:25:01 2024
Запись /dev/ttyMI2;13  1e  31  ;чт июл. 4 14:25:01 2024
Запись /dev/ttyMI2;14  1e  32  ;чт июл. 4 14:25:01 2024
Запись /dev/ttyMI2;15  1e  33  ;чт июл. 4 14:25:02 2024
Запись /dev/ttyMI2;16  1e  34  ;чт июл. 4 14:25:02 2024
Запись /dev/ttyMI2;17  1e  35  ;чт июл. 4 14:25:02 2024
Запись /dev/ttyMI2;18  1e  36  ;чт июл. 4 14:25:02 2024
Запись /dev/ttyMI2;19  1e  37  ;чт июл. 4 14:25:02 2024
Запись /dev/ttyMI2;1a  1e  38  ;чт июл. 4 14:25:02 2024
Запись /dev/ttyMI2;1b  1e  39  ;чт июл. 4 14:25:02 2024
Запись /dev/ttyMI2;1c  1e  3a  ;чт июл. 4 14:25:02 2024
Запись /dev/ttyMI2;1d  1e  3b  ;чт июл. 4 14:25:02 2024
Запись /dev/ttyMI2;1e  1e  3c  ;чт июл. 4 14:25:02 2024
Запись /dev/ttyMI2;1f  1e  3d  ;чт июл. 4 14:25:03 2024
Порт /dev/ttyMI2 закрыт;;чт июл. 4 14:25:06 2024
Порт /dev/ttyMI2 открыт;;чт июл. 4 14:27:31 2024
Порт /dev/ttyMI2 закрыт;;чт июл. 4 14:27:36 2024
Порт /dev/ttyMI2 открыт;;чт июл. 4 14:37:29 2024
Запись /dev/ttyMI2;00  1e  1e  ;чт июл. 4 14:37:34 2024
Запись /dev/ttyMI2;01  1e  1f  ;чт июл. 4 14:37:34 2024
Запись /dev/ttyMI2;02  1e  20  ;чт июл. 4 14:37:35 2024
Запись /dev/ttyMI2;03  1e  21  ;чт июл. 4 14:37:35 2024
Запись /dev/ttyMI2;04  1e  22  ;чт июл. 4 14:37:35 2024
Запись /dev/ttyMI2;05  1e  23  ;чт июл. 4 14:37:35 2024
Запись /dev/ttyMI2;06  1e  24  ;чт июл. 4 14:37:35 2024
Запись /dev/ttyMI2;07  1e  25  ;чт июл. 4 14:37:35 2024
Запись /dev/ttyMI2;08  1e  26  ;чт июл. 4 14:37:35 2024
Запись /dev/ttyMI2;09  1e  27  ;чт июл. 4 14:37:35 2024
Запись /dev/ttyMI2;0a  1e  28  ;чт июл. 4 14:37:35 2024
Запись /dev/ttyMI2;0b  1e  29  ;чт июл. 4 14:37:35 2024
Запись /dev/ttyMI2;0c  1e  2a  ;чт июл. 4 14:37:36 2024
Запись /dev/ttyMI2;0d  1e  2b  ;чт июл. 4 14:37:36 2024
Запись /dev/ttyMI2;0e  1e  2c  ;чт июл. 4 14:37:36 2024
Запись /dev/ttyMI2;0f  1e  2d  ;чт июл. 4 14:37:36 2024
Запись /dev/ttyMI2;10  1e  2e  ;чт июл. 4 14:37:36 2024
Запись /dev/ttyMI2;11  1e  2f  ;чт июл. 4 14:37:36 2024
Запись /dev/ttyMI2;12  1e  30  ;чт июл. 4 14:37:36 2024
Запись /dev/ttyMI2;13  1e  31  ;чт июл. 4 14:37:36 2024
Запись /dev/ttyMI2;14  1e  32  ;чт июл. 4 14:37:36 2024
Запись /dev/ttyMI2;15  1e  33  ;чт июл. 4 14:37:36 2024
Запись /dev/ttyMI2;16  1e  34  ;чт июл. 4 14:37:37 2024
Запись /dev/ttyMI2;17  1e  35  ;чт июл. 4 14:37:37 2024
Запись /dev/ttyMI2;18  1e  36  ;чт июл. 4 14:37:37 2024
Запись /dev/ttyMI2;19  1e  37  ;чт июл. 4 14:37:37 2024
Запись /dev/ttyMI2;1a  1e  38  ;чт июл. 4 14:37:37 2024
Запись /dev/ttyMI2;1b  1e  39  ;чт июл. 4 14:37:37 2024
Запись /dev/ttyMI2;1c  1e  3a  ;чт июл. 4 14:37:37 2024
Запись /dev/ttyMI2;1d  1e  3b  ;чт июл. 4 14:37:37 2024
Запись /dev/ttyMI2;1e  1e  3c  ;чт июл. 4 14:37:37 2024
Запись /dev/ttyMI2;1f  1e  3d  ;чт июл. 4 14:37:37 2024
Порт /dev/ttyMI2 закрыт;;чт июл. 4 14:37:41 2024
Порт /dev/ttyMI2 открыт;;чт июл. 4 15:18:15 2024
Запись /dev/ttyMI2;00  1e  1e  ;чт июл. 4 15:18:21 2024
Запись /dev/ttyMI2;01  1e  1f  ;чт июл. 4 15:18:21 2024
Запись /dev/ttyMI2;02  1e  20  ;чт июл. 4 15:18:21 2024
Запись /dev/ttyMI2;03  1e  21  ;чт июл. 4 15:18:21 2024
Запись /dev/ttyMI2;04  1e  22  ;чт июл. 4 15:18:21 2024
Запись /dev/ttyMI2;05  1e  23  ;чт июл. 4 15:18:21 2024
Запись /dev/ttyMI2;06  1e  24  ;чт июл. 4 15:18:21 2024
Запись /dev/ttyMI2;07  1e  25  ;чт июл. 4 15:18:21 2024
Запись /dev/ttyMI2;08  1e  26  ;чт июл. 4 15:18:21 2024
Запись /dev/ttyMI2;09  1e  27  ;чт июл. 4 15:18:21 2024
Запись /dev/ttyMI2;0a  1e  28  ;чт июл. 4 15:18:22 2024
Запись /dev/ttyMI2;0b  1e  29  ;чт июл. 4 15:18:22 2024
Запись /dev/ttyMI2;0c  1e  2a  ;чт июл. 4 15:18:22 2024
Запись /dev/ttyMI2;0d  1e  2b  ;чт июл. 4 15:18:22 2024
Запись /dev/ttyMI2;0e  1e  2c  ;чт июл. 4 15:18:22 2024
Запись /dev/ttyMI2;0f  1e  2d  ;чт июл. 4 15:18:22 2024
Запись /dev/ttyMI2;10  1e  2e  ;чт июл. 4 15:18:22 2024
Запись /dev/ttyMI2;11  1e  2f  ;чт июл. 4 15:18:22 2024
Запись /dev/ttyMI2;12  1e  30  ;чт июл. 4 15:18:22 2024
Запись /dev/ttyMI2;13  1e  31  ;чт июл. 4 15:18:22 2024
Запись /dev/ttyMI2;14  1e  32  ;чт июл. 4 15:18:23 2024
Запись /dev/ttyMI2;15  1e  33  ;чт июл. 4 15:18:23 2024
Запись /dev/ttyMI2;16  1e  34  ;чт июл. 4 15:18:23 2024
Запись /dev/ttyMI2;17  1e  35  ;чт июл. 4 15:18:23 2024
Запись /dev/ttyMI2;18  1e  36  ;чт июл. 4 15:18:23 2024
Запись /dev/ttyMI2;19  1e  37  ;чт июл. 4 15:18:23 2024
Запись /dev/ttyMI2;1a  1e  38  ;чт июл. 4 15:18:23 2024
Запись /dev/ttyMI2;1b  1e  39  ;чт июл. 4 15:18:23 2024
Запись /dev/ttyMI2;1c  1e  3a  ;чт июл. 4 15:18:23 2024
Запись /dev/ttyMI2;1d  1e  3b  ;чт июл. 4 15:18:23 2024
Запись /dev/ttyMI2;1e  1e  3c  ;чт июл. 4 15:18:24 2024
Запись /dev/ttyMI2;1f  1e  3d  ;чт июл. 4 15:18:24 2024
Порт /dev/ttyMI2 закрыт;;чт июл. 4 15:18:26 2024
Порт /dev/ttyMI2 открыт;;чт июл. 4 15:19:21 2024
Запись /dev/ttyMI2;00  1e  1e  ;чт июл. 4 15:19:26 2024
Запись /dev/ttyMI2;01  1e  1f  ;чт июл. 4 15:19:26 2024
Запись /dev/ttyMI2;02  1e  20  ;чт июл. 4 15:19:26 2024
Запись /dev/ttyMI2;03  1e  21  ;чт июл. 4 15:19:26 2024
Запись /dev/ttyMI2;04  1e  22  ;чт июл. 4 15:19:27 2024
Запись /dev/ttyMI2;05  1e  23  ;чт июл. 4 15:19:27 2024
Запись /dev/ttyMI2;06  1e  24  ;чт июл. 4 15:19:27 2024
Запись /dev/ttyMI2;07  1e  25  ;чт июл. 4 15:19:27 2024
Запись /dev/ttyMI2;08  1e  26  ;чт июл. 4 15:19:27 2024
Запись /dev/ttyMI2;09  1e  27  ;чт июл. 4 15:19:27 2024
Запись /dev/ttyMI2;0a  1e  28  ;чт июл. 4 15:19:27 2024
Запись /dev/ttyMI2;0b  1e  29  ;чт июл. 4 15:19:27 2024
Запись /dev/ttyMI2;0c  1e  2a  ;чт июл. 4 15:19:27 2024
Запись /dev/ttyMI2;0d  1e  2b  ;чт июл. 4 15:19:27 2024
Запись /dev/ttyMI2;0e  1e  2c  ;чт июл. 4 15:19:28 2024
Запись /dev/ttyMI2;0f  1e  2d  ;чт июл. 4 15:19:28 2024
Запись /dev/ttyMI2;10  1e  2e  ;чт июл. 4 15:19:28 2024
Запись /dev/ttyMI2;11  1e  2f  ;чт июл. 4 15:19:28 2024
Запись /dev/ttyMI2;12  1e  30  ;чт июл. 4 15:19:28 2024
Запись /dev/ttyMI2;13  1e  31  ;чт июл. 4 15:19:28 2024
Запись /dev/ttyMI2;14  1e  32  ;чт июл. 4 15:19:28 2024
Запись /dev/ttyMI2;15  1e  33  ;чт июл. 4 15:19:28 2024
Запись /dev/ttyMI2;16  1e  34  ;чт июл. 4 15:19:28 2024
Запись /dev/ttyMI2;17  1e  35  ;чт июл. 4 15:19:28 2024
Запись /dev/ttyMI2;18  1e  36  ;чт июл. 4 15:19:29 2024
Запись /dev/ttyMI2;19  1e  37  ;чт июл. 4 15:19:29 2024
Запись /dev/ttyMI2;1a  1e  38  ;чт июл. 4 15:19:29 2024
Запись /dev/ttyMI2;1b  1e  39  ;чт июл. 4 15:19:29 2024
Запись /dev/ttyMI2;1c  1e  3a  ;чт июл. 4 15:19:29 2024
Запись /dev/ttyMI2;1d  1e  3b  ;чт июл. 4 15:19:29 2024
Запись /dev/ttyMI2;1e  1e  3c  ;чт июл. 4 15:19:29 2024
Запись /dev/ttyMI2;1f  1e  3d  ;чт июл. 4 15:19:29 2024
Порт /dev/ttyMI2 закрыт;;чт июл. 4 15:19:32 2024
Порт /dev/ttyMI2 открыт;;чт июл. 4 15:20:58 2024
Запись /dev/ttyMI2;00  1e  1e  ;чт июл. 4 15:21:04 2024
Запись /dev/ttyMI2;01  1e  1f  ;чт июл. 4 15:21:04 2024
Запись /dev/ttyMI2;02  1e  20  ;чт июл. 4 15:21:05 2024
Запись /dev/ttyMI2;03  1e  21  ;чт июл. 4 15:21:05 2024
Запись /dev/ttyMI2;04  1e  22  ;чт июл. 4 15:21:05 2024
Запись /dev/ttyMI2;05  1e  23  ;чт июл. 4 15:21:05 2024
Запись /dev/ttyMI2;06  1e  24  ;чт июл. 4 15:21:05 2024
Запись /dev/ttyMI2;07  1e  25  ;чт июл. 4 15:21:05 2024
Запись /dev/ttyMI2;08  1e  26  ;чт июл. 4 15:21:05 2024
Запись /dev/ttyMI2;09  1e  27  ;чт июл. 4 15:21:05 2024
Запись /dev/ttyMI2;0a  1e  28  ;чт июл. 4 15:21:05 2024
Запись /dev/ttyMI2;0b  1e  29  ;чт июл. 4 15:21:06 2024
Запись /dev/ttyMI2;0c  1e  2a  ;чт июл. 4 15:21:06 2024
Запись /dev/ttyMI2;0d  1e  2b  ;чт июл. 4 15:21:06 2024
Запись /dev/ttyMI2;0e  1e  2c  ;чт июл. 4 15:21:06 2024
Запись /dev/ttyMI2;0f  1e  2d  ;чт июл. 4 15:21:06 2024
Запись /dev/ttyMI2;10  1e  2e  ;чт июл. 4 15:21:06 2024
Запись /dev/ttyMI2;11  1e  2f  ;чт июл. 4 15:21:06 2024
Запись /dev/ttyMI2;12  1e  30  ;чт июл. 4 15:21:06 2024
Запись /dev/ttyMI2;13  1e  31  ;чт июл. 4 15:21:06 2024
Запись /dev/ttyMI2;14  1e  32  ;чт июл. 4 15:21:06 2024
Запись /dev/ttyMI2;15  1e  33  ;чт июл. 4 15:21:07 2024
Запись /dev/ttyMI2;16  1e  34  ;чт июл. 4 15:21:07 2024
Запись /dev/ttyMI2;17  1e  35  ;чт июл. 4 15:21:07 2024
Запись /dev/ttyMI2;18  1e  36  ;чт июл. 4 15:21:07 2024
Запись /dev/ttyMI2;19  1e  37  ;чт июл. 4 15:21:07 2024
Запись /dev/ttyMI2;1a  1e  38  ;чт июл. 4 15:21:07 2024
Запись /dev/ttyMI2;1b  1e  39  ;чт июл. 4 15:21:07 2024
Запись /dev/ttyMI2;1c  1e  3a  ;чт июл. 4 15:21:07 2024
Запись /dev/ttyMI2;1d  1e  3b  ;чт июл. 4 15:21:07 2024
Запись /dev/ttyMI2;1e  1e  3c  ;чт июл. 4 15:21:07 2024
Запись /dev/ttyMI2;1f  1e  3d  ;чт июл. 4 15:21:08 2024
Порт /dev/ttyMI2 закрыт;;чт июл. 4 15:21:11 2024
Порт /dev/ttyMI2 открыт;;чт июл. 4 15:22:44 2024
Запись /dev/ttyMI2;00  1e  1e  ;чт июл. 4 15:22:51 2024
Запись /dev/ttyMI2;01  1e  1f  ;чт июл. 4 15:22:51 2024
Запись /dev/ttyMI2;02  1e  20  ;чт июл. 4 15:22:51 2024
Запись /dev/ttyMI2;03  1e  21  ;чт июл. 4 15:22:51 2024
Запись /dev/ttyMI2;04  1e  22  ;чт июл. 4 15:22:51 2024
Запись /dev/ttyMI2;05  1e  23  ;чт июл. 4 15:22:51 2024
Запись /dev/ttyMI2;06  1e  24  ;чт июл. 4 15:22:51 2024
Запись /dev/ttyMI2;07  1e  25  ;чт июл. 4 15:22:51 2024
Запись /dev/ttyMI2;08  1e  26  ;чт июл. 4 15:22:51 2024
Запись /dev/ttyMI2;09  1e  27  ;чт июл. 4 15:22:52 2024
Запись /dev/ttyMI2;0a  1e  28  ;чт июл. 4 15:22:52 2024
Запись /dev/ttyMI2;0b  1e  29  ;чт июл. 4 15:22:52 2024
Запись /dev/ttyMI2;0c  1e  2a  ;чт июл. 4 15:22:52 2024
Запись /dev/ttyMI2;0d  1e  2b  ;чт июл. 4 15:22:52 2024
Запись /dev/ttyMI2;0e  1e  2c  ;чт июл. 4 15:22:52 2024
Запись /dev/ttyMI2;0f  1e  2d  ;чт июл. 4 15:22:52 2024
Запись /dev/ttyMI2;10  1e  2e  ;чт июл. 4 15:22:52 2024
Запись /dev/ttyMI2;11  1e  2f  ;чт июл. 4 15:22:52 2024
Запись /dev/ttyMI2;12  1e  30  ;чт июл. 4 15:22:52 2024
Запись /dev/ttyMI2;13  1e  31  ;чт июл. 4 15:22:53 2024
Запись /dev/ttyMI2;14  1e  32  ;чт июл. 4 15:22:53 2024
Запись /dev/ttyMI2;15  1e  33  ;чт июл. 4 15:22:53 2024
Запись /dev/ttyMI2;16  1e  34  ;чт июл. 4 15:22:53 2024
Запись /dev/ttyMI2;17  1e  35  ;чт июл. 4 15:22:53 2024
Запись /dev/ttyMI2;18  1e  36  ;чт июл. 4 15:22:53 2024
Запись /dev/ttyMI2;19  1e  37  ;чт июл. 4 15:22:53 2024
Запись /dev/ttyMI2;1a  1e  38  ;чт июл. 4 15:22:53 2024
Запись /dev/ttyMI2;1b  1e  39  ;чт июл. 4 15:22:53 2024
Запись /dev/ttyMI2;1c  1e  3a  ;чт июл. 4 15:22:53 2024
Запись /dev/ttyMI2;1d  1e  3b  ;чт июл. 4 15:22:54 2024
Запись /dev/ttyMI2;1e  1e  3c  ;чт июл. 4 15:22:54 2024
Запись /dev/ttyMI2;1f  1e  3d  ;чт июл. 4 15:22:54 2024
Порт /dev/ttyMI2 закрыт;;чт июл. 4 15:22:57 2024
Порт /dev/ttyMI2 открыт;;чт июл. 4 15:24:20 2024
Запись /dev/ttyMI2;00  1e  1e  ;чт июл. 4 15:24:26 2024
Запись /dev/ttyMI2;01  1e  1f  ;чт июл. 4 15:24:26 2024
Запись /dev/ttyMI2;02  1e  20  ;чт июл. 4 15:24:26 2024
Запись /dev/ttyMI2;03  1e  21  ;чт июл. 4 15:24:26 2024
Запись /dev/ttyMI2;04  1e  22  ;чт июл. 4 15:24:26 2024
Запись /dev/ttyMI2;05  1e  23  ;чт июл. 4 15:24:27 2024
Запись /dev/ttyMI2;06  1e  24  ;чт июл. 4 15:24:27 2024
Запись /dev/ttyMI2;07  1e  25  ;чт июл. 4 15:24:27 2024
Запись /dev/ttyMI2;08  1e  26  ;чт июл. 4 15:24:27 2024
Запись /dev/ttyMI2;09  1e  27  ;чт июл. 4 15:24:27 2024
Запись /dev/ttyMI2;0a  1e  28  ;чт июл. 4 15:24:27 2024
Запись /dev/ttyMI2;0b  1e  29  ;чт июл. 4 15:24:27 2024
Запись /dev/ttyMI2;0c  1e  2a  ;чт июл. 4 15:24:27 2024
Запись /dev/ttyMI2;0d  1e  2b  ;чт июл. 4 15:24:27 2024
Запись /dev/ttyMI2;0e  1e  2c  ;чт июл. 4 15:24:27 2024
Запись /dev/ttyMI2;0f  1e  2d  ;чт июл. 4 15:24:28 2024
Запись /dev/ttyMI2;10  1e  2e  ;чт июл. 4 15:24:28 2024
Запись /dev/ttyMI2;11  1e  2f  ;чт июл. 4 15:24:28 2024
Запись /dev/ttyMI2;12  1e  30  ;чт июл. 4 15:24:28 2024
Запись /dev/ttyMI2;13  1e  31  ;чт июл. 4 15:24:28 2024
Запись /dev/ttyMI2;14  1e  32  ;чт июл. 4 15:24:28 2024
Запись /dev/ttyMI2;15  1e  33  ;чт июл. 4 15:24:28 2024
Запись /dev/ttyMI2;16  1e  34  ;чт июл. 4 15:24:28 2024
Запись /dev/ttyMI2;17  1e  35  ;чт июл. 4 15:24:28 2024
Запись /dev/ttyMI2;18  1e  36  ;чт июл. 4 15:24:29 2024
Запись /dev/ttyMI2;19  1e  37  ;чт июл. 4 15:24:29 2024
Запись /dev/ttyMI2;1a  1e  38  ;чт июл. 4 15:24:29 2024
Запись /dev/ttyMI2;1b  1e  39  ;чт июл. 4 15:24:29 2024
Запись /dev/ttyMI2;1c  1e  3a  ;чт июл. 4 15:24:29 2024
Запись /dev/ttyMI2;1d  1e  3b  ;чт июл. 4 15:24:29 2024
Запись /dev/ttyMI2;1e  1e  3c  ;чт июл. 4 15:24:29 2024
Запись /dev/ttyMI2;1f  1e  3d  ;чт июл. 4 15:24:29 2024
Порт /dev/ttyMI2 закрыт;;чт июл. 4 15:24:34 2024
Порт /dev/ttyMI2 открыт;;чт июл. 4 15:26:59 2024
Запись /dev/ttyMI2;00  1e  1e  ;чт июл. 4 15:27:04 2024
Запись /dev/ttyMI2;01  1e  1f  ;чт июл. 4 15:27:04 2024
Запись /dev/ttyMI2;02  1e  20  ;чт июл. 4 15:27:05 2024
Запись /dev/ttyMI2;03  1e  21  ;чт июл. 4 15:27:05 2024
Запись /dev/ttyMI2;04  1e  22  ;чт июл. 4 15:27:05 2024
Запись /dev/ttyMI2;05  1e  23  ;чт июл. 4 15:27:05 2024
Запись /dev/ttyMI2;06  1e  24  ;чт июл. 4 15:27:05 2024
Запись /dev/ttyMI2;07  1e  25  ;чт июл. 4 15:27:05 2024
Запись /dev/ttyMI2;08  1e  26  ;чт июл. 4 15:27:05 2024
Запись /dev/ttyMI2;09  1e  27  ;чт июл. 4 15:27:05 2024
Запись /dev/ttyMI2;0a  1e  28  ;чт июл. 4 15:27:05 2024
Запись /dev/ttyMI2;0b  1e  29  ;чт июл. 4 15:27:05 2024
Запись /dev/ttyMI2;0c  1e  2a  ;чт июл. 4 15:27:06 2024
Запись /dev/ttyMI2;0d  1e  2b  ;чт июл. 4 15:27:06 2024
Запись /dev/ttyMI2;0e  1e  2c  ;чт июл. 4 15:27:06 2024
Запись /dev/ttyMI2;0f  1e  2d  ;чт июл. 4 15:27:06 2024
Запись /dev/ttyMI2;10  1e  2e  ;чт июл. 4 15:27:06 2024
Запись /dev/ttyMI2;11  1e  2f  ;чт июл. 4 15:27:06 2024
Запись /dev/ttyMI2;12  1e  30  ;чт июл. 4 15:27:06 2024
Запись /dev/ttyMI2;13  1e  31  ;чт июл. 4 15:27:06 2024
Запись /dev/ttyMI2;14  1e  32  ;чт июл. 4 15:27:06 2024
Запись /dev/ttyMI2;15  1e  33  ;чт июл. 4 15:27:06 2024
Запись /dev/ttyMI2;16  1e  34  ;чт июл. 4 15:27:07 2024
Запись /dev/ttyMI2;17  1e  35  ;чт июл. 4 15:27:07 2024
Запись /dev/ttyMI2;18  1e  36  ;чт июл. 4 15:27:07 2024
Запись /dev/ttyMI2;19  1e  37  ;чт июл. 4 15:27:07 2024
Запись /dev/ttyMI2;1a  1e  38  ;чт июл. 4 15:27:07 2024
Запись /dev/ttyMI2;1b  1e  39  ;чт июл. 4 15:27:07 2024
Запись /dev/ttyMI2;1c  1e  3a  ;чт июл. 4 15:27:07 2024
Запись /dev/ttyMI2;1d  1e  3b  ;чт июл. 4 15:27:07 2024
Запись /dev/ttyMI2;1e  1e  3c  ;чт июл. 4 15:27:07 2024
Запись /dev/ttyMI2;1f  1e  3d  ;чт июл. 4 15:27:07 2024
Порт /dev/ttyMI2 закрыт;;чт июл. 4 15:27:10 2024
Порт /dev/ttyMI2 открыт;;чт июл. 4 15:34:45 2024
Запись /dev/ttyMI2;00  1e  1e  ;чт июл. 4 15:34:51 2024
Запись /dev/ttyMI2;01  1e  1f  ;чт июл. 4 15:34:51 2024
Запись /dev/ttyMI2;02  1e  20  ;чт июл. 4 15:34:51 2024
Запись /dev/ttyMI2;03  1e  21  ;чт июл. 4 15:34:51 2024
Запись /dev/ttyMI2;04  1e  22  ;чт июл. 4 15:34:51 2024
Запись /dev/ttyMI2;05  1e  23  ;чт июл. 4 15:34:51 2024
Запись /dev/ttyMI2;06  1e  24  ;чт июл. 4 15:34:51 2024
Запись /dev/ttyMI2;07  1e  25  ;чт июл. 4 15:34:52 2024
Запись /dev/ttyMI2;08  1e  26  ;чт июл. 4 15:34:52 2024
Запись /dev/ttyMI2;09  1e  27  ;чт июл. 4 15:34:52 2024
Запись /dev/ttyMI2;0a  1e  28  ;чт июл. 4 15:34:52 2024
Запись /dev/ttyMI2;0b  1e  29  ;чт июл. 4 15:34:52 2024
Запись /dev/ttyMI2;0c  1e  2a  ;чт июл. 4 15:34:52 2024
Запись /dev/ttyMI2;0d  1e  2b  ;чт июл. 4 15:34:52 2024
Запись /dev/ttyMI2;0e  1e  2c  ;чт июл. 4 15:34:52 2024
Запись /dev/ttyMI2;0f  1e  2d  ;чт июл. 4 15:34:52 2024
Запись /dev/ttyMI2;10  1e  2e  ;чт июл. 4 15:34:52 2024
Запись /dev/ttyMI2;11  1e  2f  ;чт июл. 4 15:34:53 2024
Запись /dev/ttyMI2;12  1e  30  ;чт июл. 4 15:34:53 2024
Запись /dev/ttyMI2;13  1e  31  ;чт июл. 4 15:34:53 2024
Запись /dev/ttyMI2;14  1e  32  ;чт июл. 4 15:34:53 2024
Запись /dev/ttyMI2;15  1e  33  ;чт июл. 4 15:34:53 2024
Запись /dev/ttyMI2;16  1e  34  ;чт июл. 4 15:34:53 2024
Запись /dev/ttyMI2;17  1e  35  ;чт июл. 4 15:34:53 2024
Запись /dev/ttyMI2;18  1e  36  ;чт июл. 4 15:34:53 2024
Запись /dev/ttyMI2;19  1e  37  ;чт июл. 4 15:34:53 2024
Запись /dev/ttyMI2;1a  1e  38  ;чт июл. 4 15:34:54 2024
Запись /dev/ttyMI2;1b  1e  39  ;чт июл. 4 15:34:54 2024
Запись /dev/ttyMI2;1c  1e  3a  ;чт июл. 4 15:34:54 2024
Запись /dev/ttyMI2;1d  1e  3b  ;чт июл. 4 15:34:54 2024
Запись /dev/ttyMI2;1e  1e  3c  ;чт июл. 4 15:34:54 2024
Запись /dev/ttyMI2;1f  1e  3d  ;чт июл. 4 15:34:54 2024
Порт /dev/ttyMI2 закрыт;;чт июл. 4 15:35:01 2024
Порт /dev/ttyMI2 открыт;;чт июл. 4 15:36:18 2024
Запись /dev/ttyMI2;00  1e  1e  ;чт июл. 4 15:36:25 2024
Запись /dev/ttyMI2;01  1e  1f  ;чт июл. 4 15:36:25 2024
Запись /dev/ttyMI2;02  1e  20  ;чт июл. 4 15:36:25 2024
Запись /dev/ttyMI2;03  1e  21  ;чт июл. 4 15:36:25 2024
Запись /dev/ttyMI2;04  1e  22  ;чт июл. 4 15:36:25 2024
Запись /dev/ttyMI2;05  1e  23  ;чт июл. 4 15:36:25 2024
Запись /dev/ttyMI2;06  1e  24  ;чт июл. 4 15:36:26 2024
Запись /dev/ttyMI2;07  1e  25  ;чт июл. 4 15:36:26 2024
Запись /dev/ttyMI2;08  1e  26  ;чт июл. 4 15:36:26 2024
Запись /dev/ttyMI2;09  1e  27  ;чт июл. 4 15:36:26 2024
Запись /dev/ttyMI2;0a  1e  28  ;чт июл. 4 15:36:26 2024
Запись /dev/ttyMI2;0b  1e  29  ;чт июл. 4 15:36:26 2024
Запись /dev/ttyMI2;0c  1e  2a  ;чт июл. 4 15:36:26 2024
Запись /dev/ttyMI2;0d  1e  2b  ;чт июл. 4 15:36:26 2024
Запись /dev/ttyMI2;0e  1e  2c  ;чт июл. 4 15:36:26 2024
Запись /dev/ttyMI2;0f  1e  2d  ;чт июл. 4 15:36:26 2024
Запись /dev/ttyMI2;10  1e  2e  ;чт июл. 4 15:36:27 2024
Запись /dev/ttyMI2;11  1e  2f  ;чт июл. 4 15:36:27 2024
Запись /dev/ttyMI2;12  1e  30  ;чт июл. 4 15:36:27 2024
Запись /dev/ttyMI2;13  1e  31  ;чт июл. 4 15:36:27 2024
Запись /dev/ttyMI2;14  1e  32  ;чт июл. 4 15:36:27 2024
Запись /dev/ttyMI2;15  1e  33  ;чт июл. 4 15:36:27 2024
Запись /dev/ttyMI2;16  1e  34  ;чт июл. 4 15:36:27 2024
Запись /dev/ttyMI2;17  1e  35  ;чт июл. 4 15:36:27 2024
Запись /dev/ttyMI2;18  1e  36  ;чт июл. 4 15:36:27 2024
Запись /dev/ttyMI2;19  1e  37  ;чт июл. 4 15:36:27 2024
Запись /dev/ttyMI2;1a  1e  38  ;чт июл. 4 15:36:28 2024
Запись /dev/ttyMI2;1b  1e  39  ;чт июл. 4 15:36:28 2024
Запись /dev/ttyMI2;1c  1e  3a  ;чт июл. 4 15:36:28 2024
Запись /dev/ttyMI2;1d  1e  3b  ;чт июл. 4 15:36:28 2024
Запись /dev/ttyMI2;1e  1e  3c  ;чт июл. 4 15:36:28 2024
Запись /dev/ttyMI2;1f  1e  3d  ;чт июл. 4 15:36:28 2024
Порт /dev/ttyMI2 закрыт;;чт июл. 4 15:36:32 2024
Порт /dev/ttyMI2 открыт;;чт июл. 4 15:40:02 2024
Запись /dev/ttyMI2;00  1e  1e  ;чт июл. 4 15:40:08 2024
Запись /dev/ttyMI2;01  1e  1f  ;чт июл. 4 15:40:08 2024
Запись /dev/ttyMI2;02  1e  20  ;чт июл. 4 15:40:08 2024
Запись /dev/ttyMI2;03  1e  21  ;чт июл. 4 15:40:08 2024
Запись /dev/ttyMI2;04  1e  22  ;чт июл. 4 15:40:09 2024
Запись /dev/ttyMI2;05  1e  23  ;чт июл. 4 15:40:09 2024
Запись /dev/ttyMI2;06  1e  24  ;чт июл. 4 15:40:09 2024
Запись /dev/ttyMI2;07  1e  25  ;чт июл. 4 15:40:09 2024
Запись /dev/ttyMI2;08  1e  26  ;чт июл. 4 15:40:09 2024
Запись /dev/ttyMI2;09  1e  27  ;чт июл. 4 15:40:09 2024
Запись /dev/ttyMI2;0a  1e  28  ;чт июл. 4 15:40:09 2024
Запись /dev/ttyMI2;0b  1e  29  ;чт июл. 4 15:40:09 2024
Запись /dev/ttyMI2;0c  1e  2a  ;чт июл. 4 15:40:09 2024
Запись /dev/ttyMI2;0d  1e  2b  ;чт июл. 4 15:40:09 2024
Запись /dev/ttyMI2;0e  1e  2c  ;чт июл. 4 15:40:10 2024
Запись /dev/ttyMI2;0f  1e  2d  ;чт июл. 4 15:40:10 2024
Запись /dev/ttyMI2;10  1e  2e  ;чт июл. 4 15:40:10 2024
Запись /dev/ttyMI2;11  1e  2f  ;чт июл. 4 15:40:10 2024
Запись /dev/ttyMI2;12  1e  30  ;чт июл. 4 15:40:10 2024
Запись /dev/ttyMI2;13  1e  31  ;чт июл. 4 15:40:10 2024
Запись /dev/ttyMI2;14  1e  32  ;чт июл. 4 15:40:10 2024
Запись /dev/ttyMI2;15  1e  33  ;чт июл. 4 15:40:10 2024
Запись /dev/ttyMI2;16  1e  34  ;чт июл. 4 15:40:10 2024
Запись /dev/ttyMI2;17  1e  35  ;чт июл. 4 15:40:10 2024
Запись /dev/ttyMI2;18  1e  36  ;чт июл. 4 15:40:11 2024
Запись /dev/ttyMI2;19  1e  37  ;чт июл. 4 15:40:11 2024
Запись /dev/ttyMI2;1a  1e  38  ;чт июл. 4 15:40:11 2024
Запись /dev/ttyMI2;1b  1e  39  ;чт июл. 4 15:40:11 2024
Запись /dev/ttyMI2;1c  1e  3a  ;чт июл. 4 15:40:11 2024
Запись /dev/ttyMI2;1d  1e  3b  ;чт июл. 4 15:40:11 2024
Запись /dev/ttyMI2;1e  1e  3c  ;чт июл. 4 15:40:11 2024
Запись /dev/ttyMI2;1f  1e  3d  ;чт июл. 4 15:40:11 2024
Порт /dev/ttyMI2 закрыт;;чт июл. 4 15:40:19 2024
Порт /dev/ttyMI2 открыт;;чт июл. 4 15:42:39 2024
Запись /dev/ttyMI2;00  1e  1e  ;чт июл. 4 15:42:44 2024
Запись /dev/ttyMI2;01  1e  1f  ;чт июл. 4 15:42:44 2024
Запись /dev/ttyMI2;02  1e  20  ;чт июл. 4 15:42:44 2024
Запись /dev/ttyMI2;03  1e  21  ;чт июл. 4 15:42:44 2024
Запись /dev/ttyMI2;04  1e  22  ;чт июл. 4 15:42:44 2024
Запись /dev/ttyMI2;05  1e  23  ;чт июл. 4 15:42:44 2024
Запись /dev/ttyMI2;06  1e  24  ;чт июл. 4 15:42:45 2024
Запись /dev/ttyMI2;07  1e  25  ;чт июл. 4 15:42:45 2024
Запись /dev/ttyMI2;08  1e  26  ;чт июл. 4 15:42:45 2024
Запись /dev/ttyMI2;09  1e  27  ;чт июл. 4 15:42:45 2024
Запись /dev/ttyMI2;0a  1e  28  ;чт июл. 4 15:42:45 2024
Запись /dev/ttyMI2;0b  1e  29  ;чт июл. 4 15:42:45 2024
Запись /dev/ttyMI2;0c  1e  2a  ;чт июл. 4 15:42:45 2024
Запись /dev/ttyMI2;0d  1e  2b  ;чт июл. 4 15:42:45 2024
Запись /dev/ttyMI2;0e  1e  2c  ;чт июл. 4 15:42:45 2024
Запись /dev/ttyMI2;0f  1e  2d  ;чт июл. 4 15:42:45 2024
Запись /dev/ttyMI2;10  1e  2e  ;чт июл. 4 15:42:46 2024
Запись /dev/ttyMI2;11  1e  2f  ;чт июл. 4 15:42:46 2024
Запись /dev/ttyMI2;12  1e  30  ;чт июл. 4 15:42:46 2024
Запись /dev/ttyMI2;13  1e  31  ;чт июл. 4 15:42:46 2024
Запись /dev/ttyMI2;14  1e  32  ;чт июл. 4 15:42:46 2024
Запись /dev/ttyMI2;15  1e  33  ;чт июл. 4 15:42:46 2024
Запись /dev/ttyMI2;16  1e  34  ;чт июл. 4 15:42:46 2024
Запись /dev/ttyMI2;17  1e  35  ;чт июл. 4 15:42:46 2024
Запись /dev/ttyMI2;18  1e  36  ;чт июл. 4 15:42:46 2024
Запись /dev/ttyMI2;19  1e  37  ;чт июл. 4 15:42:46 2024
Запись /dev/ttyMI2;1a  1e  38  ;чт июл. 4 15:42:47 2024
Запись /dev/ttyMI2;1b  1e  39  ;чт июл. 4 15:42:47 2024
Запись /dev/ttyMI2;1c  1e  3a  ;чт июл. 4 15:42:47 2024
Запись /dev/ttyMI2;1d  1e  3b  ;чт июл. 4 15:42:47 2024
Запись /dev/ttyMI2;1e  1e  3c  ;чт июл. 4 15:42:47 2024
Запись /dev/ttyMI2;1f  1e  3d  ;чт июл. 4 15:42:47 2024
Порт /dev/ttyMI2 закрыт;;чт июл. 4 15:42:50 2024
Порт /dev/ttyMI2 открыт;;чт июл. 4 15:45:25 2024
Запись /dev/ttyMI2;00  1e  1e  ;чт июл. 4 15:45:30 2024
Запись /dev/ttyMI2;01  1e  1f  ;чт июл. 4 15:45:30 2024
Запись /dev/ttyMI2;02  1e  20  ;чт июл. 4 15:45:30 2024
Запись /dev/ttyMI2;03  1e  21  ;чт июл. 4 15:45:30 2024
Запись /dev/ttyMI2;04  1e  22  ;чт июл. 4 15:45:31 2024
Запись /dev/ttyMI2;05  1e  23  ;чт июл. 4 15:45:31 2024
Запись /dev/ttyMI2;06  1e  24  ;чт июл. 4 15:45:31 2024
Запись /dev/ttyMI2;07  1e  25  ;чт июл. 4 15:45:31 2024
Запись /dev/ttyMI2;08  1e  26  ;чт июл. 4 15:45:31 2024
Запись /dev/ttyMI2;09  1e  27  ;чт июл. 4 15:45:31 2024
Запись /dev/ttyMI2;0a  1e  28  ;чт июл. 4 15:45:31 2024
Запись /dev/ttyMI2;0b  1e  29  ;чт июл. 4 15:45:31 2024
Запись /dev/ttyMI2;0c  1e  2a  ;чт июл. 4 15:45:31 2024
Запись /dev/ttyMI2;0d  1e  2b  ;чт июл. 4 15:45:31 2024
Запись /dev/ttyMI2;0e  1e  2c  ;чт июл. 4 15:45:32 2024
Запись /dev/ttyMI2;0f  1e  2d  ;чт июл. 4 15:45:32 2024
Запись /dev/ttyMI2;10  1e  2e  ;чт июл. 4 15:45:32 2024
Запись /dev/ttyMI2;11  1e  2f  ;чт июл. 4 15:45:32 2024
Запись /dev/ttyMI2;12  1e  30  ;чт июл. 4 15:45:32 2024
Запись /dev/ttyMI2;13  1e  31  ;чт июл. 4 15:45:32 2024
Запись /dev/ttyMI2;14  1e  32  ;чт июл. 4 15:45:32 2024
Запись /dev/ttyMI2;15  1e  33  ;чт июл. 4 15:45:32 2024
Запись /dev/ttyMI2;16  1e  34  ;чт июл. 4 15:45:32 2024
Запись /dev/ttyMI2;17  1e  35  ;чт июл. 4 15:45:32 2024
Запись /dev/ttyMI2;18  1e  36  ;чт июл. 4 15:45:33 2024
Запись /dev/ttyMI2;19  1e  37  ;чт июл. 4 15:45:33 2024
Запись /dev/ttyMI2;1a  1e  38  ;чт июл. 4 15:45:33 2024
Запись /dev/ttyMI2;1b  1e  39  ;чт июл. 4 15:45:33 2024
Запись /dev/ttyMI2;1c  1e  3a  ;чт июл. 4 15:45:33 2024
Запись /dev/ttyMI2;1d  1e  3b  ;чт июл. 4 15:45:33 2024
Запись /dev/ttyMI2;1e  1e  3c  ;чт июл. 4 15:45:33 2024
Запись /dev/ttyMI2;1f  1e  3d  ;чт июл. 4 15:45:33 2024
Порт /dev/ttyMI2 закрыт;;чт июл. 4 15:45:36 2024
Порт /dev/ttyMI2 открыт;;пт июл. 5 10:10:18 2024
Запись /dev/ttyMI2;00  1e  1e  ;пт июл. 5 10:10:24 2024
Запись /dev/ttyMI2;01  1e  1f  ;пт июл. 5 10:10:24 2024
Запись /dev/ttyMI2;02  1e  20  ;пт июл. 5 10:10:24 2024
Запись /dev/ttyMI2;03  1e  21  ;пт июл. 5 10:10:24 2024
Запись /dev/ttyMI2;04  1e  22  ;пт июл. 5 10:10:24 2024
Запись /dev/ttyMI2;05  1e  23  ;пт июл. 5 10:10:24 2024
Запись /dev/ttyMI2;06  1e  24  ;пт июл. 5 10:10:24 2024
Запись /dev/ttyMI2;07  1e  25  ;пт июл. 5 10:10:24 2024
Запись /dev/ttyMI2;08  1e  26  ;пт июл. 5 10:10:24 2024
Запись /dev/ttyMI2;09  1e  27  ;пт июл. 5 10:10:24 2024
Запись /dev/ttyMI2;0a  1e  28  ;пт июл. 5 10:10:25 2024
Запись /dev/ttyMI2;0b  1e  29  ;пт июл. 5 10:10:25 2024
Запись /dev/ttyMI2;0c  1e  2a  ;пт июл. 5 10:10:25 2024
Запись /dev/ttyMI2;0d  1e  2b  ;пт июл. 5 10:10:25 2024
Запись /dev/ttyMI2;0e  1e  2c  ;пт июл. 5 10:10:25 2024
Запись /dev/ttyMI2;0f  1e  2d  ;пт июл. 5 10:10:25 2024
Запись /dev/ttyMI2;10  1e  2e  ;пт июл. 5 10:10:25 2024
Запись /dev/ttyMI2;11  1e  2f  ;пт июл. 5 10:10:25 2024
Запись /dev/ttyMI2;12  1e  30  ;пт июл. 5 10:10:25 2024
Запись /dev/ttyMI2;13  1e  31  ;пт июл. 5 10:10:25 2024
Запись /dev/ttyMI2;14  1e  32  ;пт июл. 5 10:10:26 2024
Запись /dev/ttyMI2;15  1e  33  ;пт июл. 5 10:10:26 2024
Запись /dev/ttyMI2;16  1e  34  ;пт июл. 5 10:10:26 2024
Запись /dev/ttyMI2;17  1e  35  ;пт июл. 5 10:10:26 2024
Запись /dev/ttyMI2;18  1e  36  ;пт июл. 5 10:10:26 2024
Запись /dev/ttyMI2;19  1e  37  ;пт июл. 5 10:10:26 2024
Запись /dev/ttyMI2;1a  1e  38  ;пт июл. 5 10:10:26 2024
Запись /dev/ttyMI2;1b  1e  39  ;пт июл. 5 10:10:26 2024
Запись /dev/ttyMI2;1c  1e  3a  ;пт июл. 5 10:10:26 2024
Запись /dev/ttyMI2;1d  1e  3b  ;пт июл. 5 10:10:27 2024
Запись /dev/ttyMI2;1e  1e  3c  ;пт июл. 5 10:10:27 2024
Запись /dev/ttyMI2;1f  1e  3d  ;пт июл. 5 10:10:27 2024
Порт /dev/ttyMI2 закрыт;;пт июл. 5 10:10:49 2024
Порт /dev/ttyMI2 открыт;;вт июл. 9 11:04:57 2024
Порт /dev/ttyMI2 закрыт;;вт июл. 9 11:05:01 2024
Порт /dev/ttyMI2 открыт;;вт июл. 9 11:08:31 2024
Порт /dev/ttyMI2 закрыт;;вт июл. 9 11:08:34 2024
Порт /dev/ttyMI2 открыт;;вт июл. 9 11:09:00 2024
Порт /dev/ttyMI2 закрыт;;вт июл. 9 11:09:06 2024
Порт /dev/ttyMI2 открыт;;чт июл. 11 11:30:20 2024
Запись /dev/ttyMI2;00  1e  1e  ;чт июл. 11 11:30:26 2024
Запись /dev/ttyMI2;01  1e  1f  ;чт июл. 11 11:30:26 2024
Запись /dev/ttyMI2;02  1e  20  ;чт июл. 11 11:30:26 2024
Запись /dev/ttyMI2;03  1e  21  ;чт июл. 11 11:30:26 2024
Запись /dev/ttyMI2;04  1e  22  ;чт июл. 11 11:30:26 2024
Запись /dev/ttyMI2;05  1e  23  ;чт июл. 11 11:30:26 2024
Запись /dev/ttyMI2;06  1e  24  ;чт июл. 11 11:30:26 2024
Запись /dev/ttyMI2;07  1e  25  ;чт июл. 11 11:30:26 2024
Запись /dev/ttyMI2;08  1e  26  ;чт июл. 11 11:30:26 2024
Запись /dev/ttyMI2;09  1e  27  ;чт июл. 11 11:30:26 2024
Запись /dev/ttyMI2;0a  1e  28  ;чт июл. 11 11:30:27 2024
Запись /dev/ttyMI2;0b  1e  29  ;чт июл. 11 11:30:27 2024
Запись /dev/ttyMI2;0c  1e  2a  ;чт июл. 11 11:30:27 2024
Запись /dev/ttyMI2;0d  1e  2b  ;чт июл. 11 11:30:27 2024
Запись /dev/ttyMI2;0e  1e  2c  ;чт июл. 11 11:30:27 2024
Запись /dev/ttyMI2;0f  1e  2d  ;чт июл. 11 11:30:27 2024
Запись /dev/ttyMI2;10  1e  2e  ;чт июл. 11 11:30:27 2024
Запись /dev/ttyMI2;11  1e  2f  ;чт июл. 11 11:30:27 2024
Запись /dev/ttyMI2;12  1e  30  ;чт июл. 11 11:30:27 2024
Запись /dev/ttyMI2;13  1e  31  ;чт июл. 11 11:30:27 2024
Запись /dev/ttyMI2;14  1e  32  ;чт июл. 11 11:30:28 2024
Запись /dev/ttyMI2;15  1e  33  ;чт июл. 11 11:30:28 2024
Запись /dev/ttyMI2;16  1e  34  ;чт июл. 11 11:30:28 2024
Запись /dev/ttyMI2;17  1e  35  ;чт июл. 11 11:30:28 2024
Запись /dev/ttyMI2;18  1e  36  ;чт июл. 11 11:30:28 2024
Запись /dev/ttyMI2;19  1e  37  ;чт июл. 11 11:30:28 2024
Запись /dev/ttyMI2;1a  1e  38  ;чт июл. 11 11:30:28 2024
Запись /dev/ttyMI2;1b  1e  39  ;чт июл. 11 11:30:28 2024
Запись /dev/ttyMI2;1c  1e  3a  ;чт июл. 11 11:30:28 2024
Запись /dev/ttyMI2;1d  1e  3b  ;чт июл. 11 11:30:28 2024
Запись /dev/ttyMI2;1e  1e  3c  ;чт июл. 11 11:30:29 2024
Запись /dev/ttyMI2;1f  1e  3d  ;чт июл. 11 11:30:29 2024
Порт /dev/ttyMI2 закрыт;;чт июл. 11 11:30:38 2024
Порт /dev/ttyMI2 открыт;;чт июл. 11 11:31:07 2024
Запись /dev/ttyMI2;00  1e  1e  ;чт июл. 11 11:31:13 2024
Запись /dev/ttyMI2;01  1e  1f  ;чт июл. 11 11:31:13 2024
Запись /dev/ttyMI2;02  1e  20  ;чт июл. 11 11:31:13 2024
Запись /dev/ttyMI2;03  1e  21  ;чт июл. 11 11:31:13 2024
Запись /dev/ttyMI2;04  1e  22  ;чт июл. 11 11:31:13 2024
Запись /dev/ttyMI2;05  1e  23  ;чт июл. 11 11:31:13 2024
Запись /dev/ttyMI2;06  1e  24  ;чт июл. 11 11:31:13 2024
Запись /dev/ttyMI2;07  1e  25  ;чт июл. 11 11:31:13 2024
Запись /dev/ttyMI2;08  1e  26  ;чт июл. 11 11:31:13 2024
Запись /dev/ttyMI2;09  1e  27  ;чт июл. 11 11:31:14 2024
Запись /dev/ttyMI2;0a  1e  28  ;чт июл. 11 11:31:14 2024
Запись /dev/ttyMI2;0b  1e  29  ;чт июл. 11 11:31:14 2024
Запись /dev/ttyMI2;0c  1e  2a  ;чт июл. 11 11:31:14 2024
Запись /dev/ttyMI2;0d  1e  2b  ;чт июл. 11 11:31:14 2024
Запись /dev/ttyMI2;0e  1e  2c  ;чт июл. 11 11:31:14 2024
Запись /dev/ttyMI2;0f  1e  2d  ;чт июл. 11 11:31:14 2024
Запись /dev/ttyMI2;10  1e  2e  ;чт июл. 11 11:31:14 2024
Запись /dev/ttyMI2;11  1e  2f  ;чт июл. 11 11:31:14 2024
Запись /dev/ttyMI2;12  1e  30  ;чт июл. 11 11:31:14 2024
Запись /dev/ttyMI2;13  1e  31  ;чт июл. 11 11:31:15 2024
Запись /dev/ttyMI2;14  1e  32  ;чт июл. 11 11:31:15 2024
Запись /dev/ttyMI2;15  1e  33  ;чт июл. 11 11:31:15 2024
Запись /dev/ttyMI2;16  1e  34  ;чт июл. 11 11:31:15 2024
Запись /dev/ttyMI2;17  1e  35  ;чт июл. 11 11:31:15 2024
Запись /dev/ttyMI2;18  1e  36  ;чт июл. 11 11:31:15 2024
Запись /dev/ttyMI2;19  1e  37  ;чт июл. 11 11:31:15 2024
Запись /dev/ttyMI2;1a  1e  38  ;чт июл. 11 11:31:15 2024
Запись /dev/ttyMI2;1b  1e  39  ;чт июл. 11 11:31:15 2024
Запись /dev/ttyMI2;1c  1e  3a  ;чт июл. 11 11:31:16 2024
Запись /dev/ttyMI2;1d  1e  3b  ;чт июл. 11 11:31:16 2024
Запись /dev/ttyMI2;1e  1e  3c  ;чт июл. 11 11:31:16 2024
Запись /dev/ttyMI2;1f  1e  3d  ;чт июл. 11 11:31:16 2024
Порт /dev/ttyMI2 закрыт;;чт июл. 11 11:31:26 2024
Порт /dev/ttyMI2 открыт;;пт июл. 12 13:44:48 2024
Запись /dev/ttyMI2;00  1e  1e  ;пт июл. 12 13:44:53 2024
Запись /dev/ttyMI2;01  1e  1f  ;пт июл. 12 13:44:53 2024
Запись /dev/ttyMI2;02  1e  20  ;пт июл. 12 13:44:53 2024
Запись /dev/ttyMI2;03  1e  21  ;пт июл. 12 13:44:53 2024
Запись /dev/ttyMI2;04  1e  22  ;пт июл. 12 13:44:54 2024
Запись /dev/ttyMI2;05  1e  23  ;пт июл. 12 13:44:54 2024
Запись /dev/ttyMI2;06  1e  24  ;пт июл. 12 13:44:54 2024
Запись /dev/ttyMI2;07  1e  25  ;пт июл. 12 13:44:54 2024
Запись /dev/ttyMI2;08  1e  26  ;пт июл. 12 13:44:54 2024
Запись /dev/ttyMI2;09  1e  27  ;пт июл. 12 13:44:54 2024
Запись /dev/ttyMI2;0a  1e  28  ;пт июл. 12 13:44:54 2024
Запись /dev/ttyMI2;0b  1e  29  ;пт июл. 12 13:44:54 2024
Запись /dev/ttyMI2;0c  1e  2a  ;пт июл. 12 13:44:54 2024
Запись /dev/ttyMI2;0d  1e  2b  ;пт июл. 12 13:44:54 2024
Запись /dev/ttyMI2;0e  1e  2c  ;пт июл. 12 13:44:55 2024
Запись /dev/ttyMI2;0f  1e  2d  ;пт июл. 12 13:44:55 2024
Запись /dev/ttyMI2;10  1e  2e  ;пт июл. 12 13:44:55 2024
Запись /dev/ttyMI2;11  1e  2f  ;пт июл. 12 13:44:55 2024
Запись /dev/ttyMI2;12  1e  30  ;пт июл. 12 13:44:55 2024
Запись /dev/ttyMI2;13  1e  31  ;пт июл. 12 13:44:55 2024
Запись /dev/ttyMI2;14  1e  32  ;пт июл. 12 13:44:55 2024
Запись /dev/ttyMI2;15  1e  33  ;пт июл. 12 13:44:55 2024
Запись /dev/ttyMI2;16  1e  34  ;пт июл. 12 13:44:55 2024
Запись /dev/ttyMI2;17  1e  35  ;пт июл. 12 13:44:55 2024
Запись /dev/ttyMI2;18  1e  36  ;пт июл. 12 13:44:56 2024
Запись /dev/ttyMI2;19  1e  37  ;пт июл. 12 13:44:56 2024
Запись /dev/ttyMI2;1a  1e  38  ;пт июл. 12 13:44:56 2024
Запись /dev/ttyMI2;1b  1e  39  ;пт июл. 12 13:44:56 2024
Запись /dev/ttyMI2;1c  1e  3a  ;пт июл. 12 13:44:56 2024
Запись /dev/ttyMI2;1d  1e  3b  ;пт июл. 12 13:44:56 2024
Запись /dev/ttyMI2;1e  1e  3c  ;пт июл. 12 13:44:56 2024
Запись /dev/ttyMI2;1f  1e  3d  ;пт июл. 12 13:44:56 2024
Порт /dev/ttyMI2 закрыт;;пт июл. 12 13:45:01 2024
Порт /dev/ttyMI2 открыт;;пт июл. 12 13:50:20 2024
Запись /dev/ttyMI2;00  1e  1e  ;пт июл. 12 13:50:30 2024
Запись /dev/ttyMI2;01  1e  1f  ;пт июл. 12 13:50:30 2024
Запись /dev/ttyMI2;02  1e  20  ;пт июл. 12 13:50:30 2024
Запись /dev/ttyMI2;03  1e  21  ;пт июл. 12 13:50:30 2024
Запись /dev/ttyMI2;04  1e  22  ;пт июл. 12 13:50:30 2024
Запись /dev/ttyMI2;05  1e  23  ;пт июл. 12 13:50:30 2024
Запись /dev/ttyMI2;06  1e  24  ;пт июл. 12 13:50:30 2024
Запись /dev/ttyMI2;07  1e  25  ;пт июл. 12 13:50:30 2024
Запись /dev/ttyMI2;08  1e  26  ;пт июл. 12 13:50:30 2024
Запись /dev/ttyMI2;09  1e  27  ;пт июл. 12 13:50:31 2024
Запись /dev/ttyMI2;0a  1e  28  ;пт июл. 12 13:50:31 2024
Запись /dev/ttyMI2;0b  1e  29  ;пт июл. 12 13:50:31 2024
Запись /dev/ttyMI2;0c  1e  2a  ;пт июл. 12 13:50:31 2024
Запись /dev/ttyMI2;0d  1e  2b  ;пт июл. 12 13:50:31 2024
Запись /dev/ttyMI2;0e  1e  2c  ;пт июл. 12 13:50:31 2024
Запись /dev/ttyMI2;0f  1e  2d  ;пт июл. 12 13:50:31 2024
Запись /dev/ttyMI2;10  1e  2e  ;пт июл. 12 13:50:31 2024
Запись /dev/ttyMI2;11  1e  2f  ;пт июл. 12 13:50:31 2024
Запись /dev/ttyMI2;12  1e  30  ;пт июл. 12 13:50:31 2024
Запись /dev/ttyMI2;13  1e  31  ;пт июл. 12 13:50:32 2024
Запись /dev/ttyMI2;14  1e  32  ;пт июл. 12 13:50:32 2024
Запись /dev/ttyMI2;15  1e  33  ;пт июл. 12 13:50:32 2024
Запись /dev/ttyMI2;16  1e  34  ;пт июл. 12 13:50:32 2024
Запись /dev/ttyMI2;17  1e  35  ;пт июл. 12 13:50:32 2024
Запись /dev/ttyMI2;18  1e  36  ;пт июл. 12 13:50:32 2024
Запись /dev/ttyMI2;19  1e  37  ;пт июл. 12 13:50:32 2024
Запись /dev/ttyMI2;1a  1e  38  ;пт июл. 12 13:50:32 2024
Запись /dev/ttyMI2;1b  1e  39  ;пт июл. 12 13:50:32 2024
Запись /dev/ttyMI2;1c  1e  3a  ;пт июл. 12 13:50:32 2024
Запись /dev/ttyMI2;1d  1e  3b  ;пт июл. 12 13:50:33 2024
Запись /dev/ttyMI2;1e  1e  3c  ;пт июл. 12 13:50:33 2024
Запись /dev/ttyMI2;1f  1e  3d  ;пт июл. 12 13:50:33 2024
Запись /dev/ttyMI2;00  1e  1e  ;пт июл. 12 13:50:43 2024
Запись /dev/ttyMI2;01  1e  1f  ;пт июл. 12 13:50:43 2024
Запись /dev/ttyMI2;02  1e  20  ;пт июл. 12 13:50:43 2024
Запись /dev/ttyMI2;03  1e  21  ;пт июл. 12 13:50:43 2024
Запись /dev/ttyMI2;04  1e  22  ;пт июл. 12 13:50:43 2024
Запись /dev/ttyMI2;05  1e  23  ;пт июл. 12 13:50:44 2024
Запись /dev/ttyMI2;06  1e  24  ;пт июл. 12 13:50:44 2024
Запись /dev/ttyMI2;07  1e  25  ;пт июл. 12 13:50:44 2024
Запись /dev/ttyMI2;08  1e  26  ;пт июл. 12 13:50:44 2024
Запись /dev/ttyMI2;09  1e  27  ;пт июл. 12 13:50:44 2024
Запись /dev/ttyMI2;0a  1e  28  ;пт июл. 12 13:50:44 2024
Запись /dev/ttyMI2;0b  1e  29  ;пт июл. 12 13:50:44 2024
Запись /dev/ttyMI2;0c  1e  2a  ;пт июл. 12 13:50:44 2024
Запись /dev/ttyMI2;0d  1e  2b  ;пт июл. 12 13:50:44 2024
Запись /dev/ttyMI2;0e  1e  2c  ;пт июл. 12 13:50:44 2024
Запись /dev/ttyMI2;0f  1e  2d  ;пт июл. 12 13:50:45 2024
Запись /dev/ttyMI2;10  1e  2e  ;пт июл. 12 13:50:45 2024
Запись /dev/ttyMI2;11  1e  2f  ;пт июл. 12 13:50:45 2024
Запись /dev/ttyMI2;12  1e  30  ;пт июл. 12 13:50:45 2024
Запись /dev/ttyMI2;13  1e  31  ;пт июл. 12 13:50:45 2024
Запись /dev/ttyMI2;14  1e  32  ;пт июл. 12 13:50:45 2024
Запись /dev/ttyMI2;15  1e  33  ;пт июл. 12 13:50:45 2024
Запись /dev/ttyMI2;16  1e  34  ;пт июл. 12 13:50:45 2024
Запись /dev/ttyMI2;17  1e  35  ;пт июл. 12 13:50:45 2024
Запись /dev/ttyMI2;18  1e  36  ;пт июл. 12 13:50:45 2024
Запись /dev/ttyMI2;19  1e  37  ;пт июл. 12 13:50:46 2024
Запись /dev/ttyMI2;1a  1e  38  ;пт июл. 12 13:50:46 2024
Запись /dev/ttyMI2;1b  1e  39  ;пт июл. 12 13:50:46 2024
Запись /dev/ttyMI2;1c  1e  3a  ;пт июл. 12 13:50:46 2024
Запись /dev/ttyMI2;1d  1e  3b  ;пт июл. 12 13:50:46 2024
Запись /dev/ttyMI2;1e  1e  3c  ;пт июл. 12 13:50:46 2024
Запись /dev/ttyMI2;1f  1e  3d  ;пт июл. 12 13:50:46 2024
Порт /dev/ttyMI2 закрыт;;пт июл. 12 13:50:49 2024
Порт /dev/ttyMI2 открыт;;пт июл. 12 14:20:14 2024
Порт /dev/ttyMI2 закрыт;;пт июл. 12 14:20:19 2024
